[27082020-135651 - 1 - SAVE]
Loss_Train: 1.0029969977214932
Loss_Val: 9.939876238505045
ACC_Val: 0.20218579234972678
[27082020-135710 - 2 - SAVE]
Loss_Train: 0.6211006954312325
Loss_Val: 5.62641167640686
ACC_Val: 0.6138433515482696
[27082020-135730 - 3 - SAVE]
Loss_Train: 0.629837928712368
Loss_Val: 0.3831993622912301
ACC_Val: 0.9089253187613844
[27082020-135750 - 4 - SAVE]
Loss_Train: 0.4503175437450409
Loss_Val: 0.26750100610984695
ACC_Val: 0.9089253187613844
[27082020-135810 - 5 - SAVE]
Loss_Train: 0.4794704169034958
Loss_Val: 0.23419321866499054
ACC_Val: 0.9216757741347905
[27082020-135830 - 6]
Loss_Train: 0.469662020355463
Loss_Val: 2.563825342390272
ACC_Val: 0.7377049180327869
[27082020-135850 - 7 - SAVE]
Loss_Train: 0.36847920566797254
Loss_Val: 0.08283611428406504
ACC_Val: 0.9799635701275046
[27082020-135909 - 8 - SAVE]
Loss_Train: 0.3953993618488312
Loss_Val: 0.08079914003610611
ACC_Val: 0.970856102003643
[27082020-135928 - 9]
Loss_Train: 0.27342458814382553
Loss_Val: 0.3198165763169527
ACC_Val: 0.9216757741347905
[27082020-135948 - 10 - SAVE]
Loss_Train: 0.2583083864301443
Loss_Val: 0.07421521532038848
ACC_Val: 0.9890710382513661
[27082020-140008 - 11 - SAVE]
Loss_Train: 0.20643417350947857
Loss_Val: 0.04049908100730843
ACC_Val: 0.9908925318761385
[27082020-140027 - 12]
Loss_Train: 0.2310079500079155
Loss_Val: 0.06623780789474647
ACC_Val: 0.9781420765027322
[27082020-140047 - 13 - SAVE]
Loss_Train: 0.2106398094445467
Loss_Val: 0.023445414249888726
ACC_Val: 0.9872495446265938
[27082020-140106 - 14 - SAVE]
Loss_Train: 0.17187762893736364
Loss_Val: 0.03141563654773765
ACC_Val: 0.9927140255009107
[27082020-140126 - 15]
Loss_Train: 0.15227304697036742
Loss_Val: 0.0634448319259617
ACC_Val: 0.9908925318761385
[27082020-140146 - 16 - SAVE]
Loss_Train: 0.1544549224898219
Loss_Val: 0.03585463332840138
ACC_Val: 0.994535519125683
[27082020-140206 - 17]
Loss_Train: 0.14540181271731853
Loss_Val: 0.025096895380152598
ACC_Val: 0.9890710382513661
[27082020-140225 - 18 - SAVE]
Loss_Train: 0.16348507180809974
Loss_Val: 0.01025154586467478
ACC_Val: 0.9963570127504554
[27082020-140245 - 19]
Loss_Train: 0.13282411359250546
Loss_Val: 0.018765733059909608
ACC_Val: 0.994535519125683
[27082020-140304 - 20]
Loss_Train: 0.1277051880955696
Loss_Val: 0.2774893004033301
ACC_Val: 0.9544626593806922
[27082020-140324 - 21]
Loss_Train: 0.1441493859514594
Loss_Val: 0.05888423116670714
ACC_Val: 0.9908925318761385
[27082020-140343 - 22]
Loss_Train: 0.13001724258065223
Loss_Val: 0.03997190296649933
ACC_Val: 0.9872495446265938
[27082020-140402 - 23]
Loss_Train: 0.15667617712169885
Loss_Val: 0.13355055948098501
ACC_Val: 0.9635701275045537
[27082020-140422 - 24]
Loss_Train: 0.13055299147963523
Loss_Val: 0.031451224038998284
ACC_Val: 0.9908925318761385
[27082020-140442 - 25]
Loss_Train: 0.08986118957400321
Loss_Val: 0.02453162231379085
ACC_Val: 0.9927140255009107
[27082020-140501 - 26]
Loss_Train: 0.09440191276371479
Loss_Val: 0.02351058895389239
ACC_Val: 0.9963570127504554
[27082020-140521 - 27]
Loss_Train: 0.08531906139105558
Loss_Val: 0.020995491080813937
ACC_Val: 0.994535519125683
[27082020-140540 - 28]
Loss_Train: 0.07709403112530708
Loss_Val: 0.01791857762469186
ACC_Val: 0.9927140255009107
[27082020-140600 - 29]
Loss_Train: 0.07585389260202646
Loss_Val: 0.019919158269961674
ACC_Val: 0.9927140255009107
[27082020-140620 - 30]
Loss_Train: 0.07472175806760788
Loss_Val: 0.018184603916274175
ACC_Val: 0.994535519125683
[27082020-140639 - 31]
Loss_Train: 0.09301461838185787
Loss_Val: 0.021445715592967138
ACC_Val: 0.9927140255009107
[27082020-140659 - 32]
Loss_Train: 0.08227548077702522
Loss_Val: 0.02026901932226287
ACC_Val: 0.994535519125683
[27082020-140718 - 33]
Loss_Train: 0.07013119161128997
Loss_Val: 0.021254175653060276
ACC_Val: 0.9927140255009107
[27082020-140738 - 34]
Loss_Train: 0.07409735731780528
Loss_Val: 0.01809305076797803
ACC_Val: 0.994535519125683
[27082020-140757 - 35]
Loss_Train: 0.05544267520308495
Loss_Val: 0.017845083855920367
ACC_Val: 0.9963570127504554
[27082020-140816 - 36]
Loss_Train: 0.08339584451168776
Loss_Val: 0.020608317106962204
ACC_Val: 0.9927140255009107
[27082020-140836 - 37]
Loss_Train: 0.06658581979572772
Loss_Val: 0.02104428576098548
ACC_Val: 0.994535519125683
[27082020-140856 - 38]
Loss_Train: 0.06670503057539463
Loss_Val: 0.021054406546884112
ACC_Val: 0.994535519125683
[27082020-140915 - 39]
Loss_Train: 0.08381724245846271
Loss_Val: 0.02154905183447732
ACC_Val: 0.994535519125683
[27082020-140935 - 40]
Loss_Train: 0.08406212460249662
Loss_Val: 0.01981331201063262
ACC_Val: 0.9963570127504554
[27082020-140955 - 41]
Loss_Train: 0.06313220374286174
Loss_Val: 0.018430214375257492
ACC_Val: 0.994535519125683
[27082020-141014 - 42]
Loss_Train: 0.07036705370992422
Loss_Val: 0.01842352168427573
ACC_Val: 0.9963570127504554
[27082020-141034 - 43]
Loss_Train: 0.07492523193359375
Loss_Val: 0.020438343286514282
ACC_Val: 0.9963570127504554
