[27082020-031344 - 1 - SAVE]
Loss_Train: 2.3200076043605806
Loss_Val: 1.8472535212834675
ACC_Val: 0.2987249544626594
[27082020-031404 - 2 - SAVE]
Loss_Train: 1.3085617959499358
Loss_Val: 1.0450673931174808
ACC_Val: 0.6174863387978142
[27082020-031424 - 3 - SAVE]
Loss_Train: 0.8562825292348861
Loss_Val: 0.6564844201008478
ACC_Val: 0.7978142076502732
[27082020-031444 - 4 - SAVE]
Loss_Train: 0.64265216588974
Loss_Val: 0.47710174984402126
ACC_Val: 0.8506375227686703
[27082020-031503 - 5 - SAVE]
Loss_Train: 0.4828971400856972
Loss_Val: 0.27446883420149487
ACC_Val: 0.9326047358834244
[27082020-031523 - 6 - SAVE]
Loss_Train: 0.39517837315797805
Loss_Val: 0.21847324156098896
ACC_Val: 0.9289617486338798
[27082020-031543 - 7 - SAVE]
Loss_Train: 0.3353703819215298
Loss_Val: 0.14415426893780628
ACC_Val: 0.9508196721311475
[27082020-031603 - 8 - SAVE]
Loss_Train: 0.28204039931297303
Loss_Val: 0.11524155466920799
ACC_Val: 0.9653916211293261
[27082020-031623 - 9 - SAVE]
Loss_Train: 0.27527248933911325
Loss_Val: 0.10180249210033152
ACC_Val: 0.970856102003643
[27082020-031643 - 10]
Loss_Train: 0.2524078071117401
Loss_Val: 0.11115491837780508
ACC_Val: 0.9617486338797814
[27082020-031703 - 11 - SAVE]
Loss_Train: 0.23937706500291825
Loss_Val: 0.0862290622252557
ACC_Val: 0.97632058287796
[27082020-031722 - 12 - SAVE]
Loss_Train: 0.22197953276336194
Loss_Val: 0.045523574161860675
ACC_Val: 0.9872495446265938
[27082020-031742 - 13]
Loss_Train: 0.19730580113828183
Loss_Val: 0.05709385313093662
ACC_Val: 0.9799635701275046
[27082020-031802 - 14]
Loss_Train: 0.19668322280049325
Loss_Val: 0.04768486196796099
ACC_Val: 0.9817850637522769
[27082020-031821 - 15]
Loss_Train: 0.18794645592570305
Loss_Val: 0.05407497473061085
ACC_Val: 0.9817850637522769
[27082020-031841 - 16]
Loss_Train: 0.20491193532943724
Loss_Val: 0.052473775318099394
ACC_Val: 0.9817850637522769
[27082020-031900 - 17 - SAVE]
Loss_Train: 0.1807578183710575
Loss_Val: 0.034128792920253344
ACC_Val: 0.994535519125683
[27082020-031920 - 18 - SAVE]
Loss_Train: 0.15805346015840768
Loss_Val: 0.03324483997291989
ACC_Val: 0.9927140255009107
[27082020-031940 - 19]
Loss_Train: 0.17206826694309713
Loss_Val: 0.03404665505513549
ACC_Val: 0.9908925318761385
[27082020-031959 - 20 - SAVE]
Loss_Train: 0.13955835532397032
Loss_Val: 0.026551200594339106
ACC_Val: 0.9890710382513661
[27082020-032019 - 21 - SAVE]
Loss_Train: 0.14445785712450743
Loss_Val: 0.02317673415463004
ACC_Val: 0.9927140255009107
[27082020-032039 - 22 - SAVE]
Loss_Train: 0.1527152257040143
Loss_Val: 0.02202489731522898
ACC_Val: 0.994535519125683
[27082020-032059 - 23 - SAVE]
Loss_Train: 0.12995925340801479
Loss_Val: 0.016304108288346067
ACC_Val: 0.994535519125683
[27082020-032119 - 24]
Loss_Train: 0.1120987195521593
Loss_Val: 0.034179350322422884
ACC_Val: 0.9854280510018215
[27082020-032138 - 25 - SAVE]
Loss_Train: 0.13838599156588316
Loss_Val: 0.014045625381792584
ACC_Val: 0.9981785063752276
[27082020-032158 - 26]
Loss_Train: 0.11268383823335171
Loss_Val: 0.023344698633688193
ACC_Val: 0.9908925318761385
[27082020-032217 - 27]
Loss_Train: 0.09401662796735763
Loss_Val: 0.016416315649015207
ACC_Val: 0.994535519125683
[27082020-032237 - 28]
Loss_Train: 0.11961925756186247
Loss_Val: 0.02125949478876363
ACC_Val: 0.9908925318761385
[27082020-032257 - 29]
Loss_Train: 0.10759160406887532
Loss_Val: 0.0197783235457286
ACC_Val: 0.994535519125683
[27082020-032316 - 30]
Loss_Train: 0.11302934810519219
Loss_Val: 0.02854321814245648
ACC_Val: 0.9890710382513661
[27082020-032336 - 31]
Loss_Train: 0.10357442200183868
Loss_Val: 0.021083004856740847
ACC_Val: 0.9908925318761385
[27082020-032356 - 32 - SAVE]
Loss_Train: 0.09500848073512316
Loss_Val: 0.013630800363090303
ACC_Val: 0.994535519125683
[27082020-032416 - 33 - SAVE]
Loss_Train: 0.06838448420166969
Loss_Val: 0.012448550221355012
ACC_Val: 0.994535519125683
[27082020-032436 - 34]
Loss_Train: 0.07698906306177378
Loss_Val: 0.014084667216391407
ACC_Val: 0.994535519125683
[27082020-032455 - 35 - SAVE]
Loss_Train: 0.07749595372006297
Loss_Val: 0.011433272768044844
ACC_Val: 0.9963570127504554
[27082020-032515 - 36]
Loss_Train: 0.058911767415702344
Loss_Val: 0.011567320839579528
ACC_Val: 0.9963570127504554
[27082020-032534 - 37 - SAVE]
Loss_Train: 0.043796196952462195
Loss_Val: 0.011357273162704788
ACC_Val: 0.9963570127504554
[27082020-032554 - 38]
Loss_Train: 0.062302172370254996
Loss_Val: 0.011856620180575797
ACC_Val: 0.9963570127504554
[27082020-032613 - 39 - SAVE]
Loss_Train: 0.06911253426223993
Loss_Val: 0.010305199607197816
ACC_Val: 0.9963570127504554
[27082020-032633 - 40 - SAVE]
Loss_Train: 0.049659830331802365
Loss_Val: 0.010170900469852818
ACC_Val: 0.9963570127504554
[27082020-032653 - 41]
Loss_Train: 0.06064454419538379
Loss_Val: 0.010405891946801502
ACC_Val: 0.9963570127504554
[27082020-032712 - 42]
Loss_Train: 0.060072215646505354
Loss_Val: 0.011216032878211182
ACC_Val: 0.9963570127504554
[27082020-032732 - 43]
Loss_Train: 0.06324102114886046
Loss_Val: 0.010900239667130841
ACC_Val: 0.9963570127504554
[27082020-032752 - 44]
Loss_Train: 0.06178225371986627
Loss_Val: 0.010709571590672972
ACC_Val: 0.9963570127504554
[27082020-032811 - 45]
Loss_Train: 0.058977984078228476
Loss_Val: 0.01136642857939781
ACC_Val: 0.9963570127504554
[27082020-032831 - 46]
Loss_Train: 0.043583031930029395
Loss_Val: 0.010278350756076785
ACC_Val: 0.9963570127504554
[27082020-032850 - 47]
Loss_Train: 0.05118330270051956
Loss_Val: 0.010697764405954836
ACC_Val: 0.9963570127504554
[27082020-032910 - 48]
Loss_Train: 0.04215601962059736
Loss_Val: 0.010700372647584623
ACC_Val: 0.9963570127504554
[27082020-032929 - 49]
Loss_Train: 0.05188372675329447
Loss_Val: 0.010225550788972113
ACC_Val: 0.9963570127504554
[27082020-032949 - 50 - SAVE]
Loss_Train: 0.05665365131571889
Loss_Val: 0.010030080253879229
ACC_Val: 0.9963570127504554
[27082020-033009 - 51 - SAVE]
Loss_Train: 0.0511631902307272
Loss_Val: 0.009250474265880056
ACC_Val: 0.9963570127504554
[27082020-033029 - 52 - SAVE]
Loss_Train: 0.05699886782094836
Loss_Val: 0.008589530942521783
ACC_Val: 0.9963570127504554
[27082020-033048 - 53]
Loss_Train: 0.058342262916266915
Loss_Val: 0.009362133054916436
ACC_Val: 0.9963570127504554
[27082020-033108 - 54]
Loss_Train: 0.05911984294652939
Loss_Val: 0.009390629456093948
ACC_Val: 0.9963570127504554
[27082020-033127 - 55]
Loss_Train: 0.0563041415065527
Loss_Val: 0.00934119344553134
ACC_Val: 0.9963570127504554
[27082020-033147 - 56]
Loss_Train: 0.04650142276659608
Loss_Val: 0.010201238799102915
ACC_Val: 0.9963570127504554
[27082020-033206 - 57]
Loss_Train: 0.0680948344990611
Loss_Val: 0.010527425010675669
ACC_Val: 0.9963570127504554
[27082020-033226 - 58]
Loss_Train: 0.05132844261825085
Loss_Val: 0.010282845174919607
ACC_Val: 0.9963570127504554
[27082020-033245 - 59]
Loss_Train: 0.06090359715744853
Loss_Val: 0.009400014704119207
ACC_Val: 0.9963570127504554
[27082020-033305 - 60 - SAVE]
Loss_Train: 0.060928399488329885
Loss_Val: 0.008177008935793614
ACC_Val: 0.9963570127504554
[27082020-033325 - 61]
Loss_Train: 0.03698806539177894
Loss_Val: 0.009784425173873186
ACC_Val: 0.9963570127504554
[27082020-033345 - 62]
Loss_Train: 0.0708731770515442
Loss_Val: 0.009035206834798575
ACC_Val: 0.9963570127504554
[27082020-033405 - 63]
Loss_Train: 0.05311629772186279
Loss_Val: 0.009417582406765886
ACC_Val: 0.9963570127504554
[27082020-033425 - 64 - SAVE]
Loss_Train: 0.05559306526556611
Loss_Val: 0.007653265735522534
ACC_Val: 0.9963570127504554
[27082020-033445 - 65]
Loss_Train: 0.048352486453950405
Loss_Val: 0.008638528030132875
ACC_Val: 0.9963570127504554
[27082020-033504 - 66]
Loss_Train: 0.05463158693164587
Loss_Val: 0.008530493950173777
ACC_Val: 0.9963570127504554
[27082020-033524 - 67]
Loss_Train: 0.047474910505115986
Loss_Val: 0.0086174682607331
ACC_Val: 0.9963570127504554
[27082020-033544 - 68]
Loss_Train: 0.06981679210439325
Loss_Val: 0.008530214179902233
ACC_Val: 0.9963570127504554
[27082020-033604 - 69]
Loss_Train: 0.05985723892226815
Loss_Val: 0.00837599978614081
ACC_Val: 0.9963570127504554
[27082020-033623 - 70]
Loss_Train: 0.05349276596680284
Loss_Val: 0.008882198151291555
ACC_Val: 0.9963570127504554
[27082020-033643 - 71]
Loss_Train: 0.05881289560347795
Loss_Val: 0.007887507892317243
ACC_Val: 0.9963570127504554
[27082020-033703 - 72]
Loss_Train: 0.06322421757504344
Loss_Val: 0.008764129731894678
ACC_Val: 0.9963570127504554
[27082020-033722 - 73]
Loss_Train: 0.050645287800580266
Loss_Val: 0.008498839702547735
ACC_Val: 0.9963570127504554
[27082020-033742 - 74]
Loss_Train: 0.052119013573974374
Loss_Val: 0.007969885071765425
ACC_Val: 0.9963570127504554
[27082020-033802 - 75]
Loss_Train: 0.05330997258424759
Loss_Val: 0.008637957067953216
ACC_Val: 0.9963570127504554
[27082020-033821 - 76]
Loss_Train: 0.05739715630188584
Loss_Val: 0.008529700835222483
ACC_Val: 0.9963570127504554
[27082020-033841 - 77]
Loss_Train: 0.06287304079160094
Loss_Val: 0.009214200161901923
ACC_Val: 0.9963570127504554
