[20082020-121229 - 1 - SAVE]
Loss_Train: 0.9797067499679067
Loss_Val: 1.7371844351291656
ACC_Val: 0.6473988439306358
[20082020-121250 - 2 - SAVE]
Loss_Train: 0.5798896434514419
Loss_Val: 1.5218728001822124
ACC_Val: 0.7514450867052023
[20082020-121311 - 3 - SAVE]
Loss_Train: 0.24729091512120288
Loss_Val: 1.025474185843698
ACC_Val: 0.815028901734104
[20082020-121332 - 4 - SAVE]
Loss_Train: 0.15842222940662634
Loss_Val: 0.8276573108001188
ACC_Val: 0.8439306358381503
[20082020-121352 - 5]
Loss_Train: 0.13478263354171877
Loss_Val: 0.8918266838247125
ACC_Val: 0.8265895953757225
[20082020-121413 - 6 - SAVE]
Loss_Train: 0.08329781177251236
Loss_Val: 0.8708381937308745
ACC_Val: 0.8497109826589595
[20082020-121434 - 7 - SAVE]
Loss_Train: 0.05854433256646861
Loss_Val: 0.859137429974825
ACC_Val: 0.861271676300578
[20082020-121455 - 8]
Loss_Train: 0.07106558379271756
Loss_Val: 0.9081707999787547
ACC_Val: 0.838150289017341
[20082020-121516 - 9]
Loss_Train: 0.0609906618685826
Loss_Val: 1.0079339546236126
ACC_Val: 0.8439306358381503
[20082020-121536 - 10]
Loss_Train: 0.028131028070398
Loss_Val: 0.9928279624701563
ACC_Val: 0.838150289017341
[20082020-121557 - 11]
Loss_Train: 0.031203406660453133
Loss_Val: 0.8480506517755036
ACC_Val: 0.8554913294797688
[20082020-121618 - 12 - SAVE]
Loss_Train: 0.04019009965755369
Loss_Val: 0.7339651443762705
ACC_Val: 0.884393063583815
[20082020-121639 - 13]
Loss_Train: 0.019469385642720306
Loss_Val: 0.8806536349372684
ACC_Val: 0.861271676300578
[20082020-121659 - 14]
Loss_Train: 0.018713045136436172
Loss_Val: 0.9395910467613827
ACC_Val: 0.861271676300578
[20082020-121720 - 15]
Loss_Train: 0.025429317730215742
Loss_Val: 0.7865373394703387
ACC_Val: 0.8497109826589595
[20082020-121741 - 16]
Loss_Train: 0.015197248319568842
Loss_Val: 0.9467015037483758
ACC_Val: 0.838150289017341
[20082020-121801 - 17]
Loss_Train: 0.039171054797328034
Loss_Val: 0.8593745039268635
ACC_Val: 0.8728323699421965
[20082020-121822 - 18]
Loss_Train: 0.013325031877130918
Loss_Val: 0.7784833612766472
ACC_Val: 0.8786127167630058
[20082020-121843 - 19]
Loss_Train: 0.010189307448656662
Loss_Val: 0.7719967611814024
ACC_Val: 0.8786127167630058
[20082020-121904 - 20]
Loss_Train: 0.004848192931841249
Loss_Val: 0.7452080872925845
ACC_Val: 0.884393063583815
[20082020-121924 - 21 - SAVE]
Loss_Train: 0.005353059518434431
Loss_Val: 0.7337928533551431
ACC_Val: 0.8901734104046243
[20082020-121945 - 22 - SAVE]
Loss_Train: 0.003842168578716076
Loss_Val: 0.7118541265074534
ACC_Val: 0.8786127167630058
[20082020-122006 - 23 - SAVE]
Loss_Train: 0.003209396224954854
Loss_Val: 0.6954839793119887
ACC_Val: 0.8959537572254336
[20082020-122027 - 24 - SAVE]
Loss_Train: 0.002480698445730883
Loss_Val: 0.6940104522489657
ACC_Val: 0.8959537572254336
[20082020-122048 - 25 - SAVE]
Loss_Train: 0.003043475829105338
Loss_Val: 0.6913958210835435
ACC_Val: 0.884393063583815
[20082020-122109 - 26]
Loss_Train: 0.0019247897131287534
Loss_Val: 0.692450769381222
ACC_Val: 0.884393063583815
[20082020-122130 - 27]
Loss_Train: 0.0025452331275395727
Loss_Val: 0.6914743645624681
ACC_Val: 0.8901734104046243
[20082020-122150 - 28]
Loss_Train: 0.0028771859715166297
Loss_Val: 0.6919280182231556
ACC_Val: 0.8901734104046243
[20082020-122211 - 29]
Loss_Train: 0.0016311312539745932
Loss_Val: 0.6979748119007457
ACC_Val: 0.884393063583815
[20082020-122232 - 30]
Loss_Train: 0.002806353038581817
Loss_Val: 0.6930768145757611
ACC_Val: 0.8901734104046243
[20082020-122253 - 31]
Loss_Train: 0.0040059630688198886
Loss_Val: 0.6936458498239517
ACC_Val: 0.8901734104046243
[20082020-122314 - 32]
Loss_Train: 0.002267803870262983
Loss_Val: 0.6962010305036198
ACC_Val: 0.8901734104046243
[20082020-122335 - 33]
Loss_Train: 0.0019859046999203124
Loss_Val: 0.7002977988939331
ACC_Val: 0.8901734104046243
[20082020-122355 - 34]
Loss_Train: 0.0021883530096839304
Loss_Val: 0.7022367726670133
ACC_Val: 0.884393063583815
[20082020-122416 - 35]
Loss_Train: 0.0011328696475728698
Loss_Val: 0.6994091388855437
ACC_Val: 0.884393063583815
[20082020-122437 - 36]
Loss_Train: 0.002541648360657627
Loss_Val: 0.696015168320049
ACC_Val: 0.884393063583815
[20082020-122458 - 37 - SAVE]
Loss_Train: 0.0016234465672270112
Loss_Val: 0.6908957470547069
ACC_Val: 0.884393063583815
[20082020-122519 - 38]
Loss_Train: 0.0012764689289843259
Loss_Val: 0.6960019236258549
ACC_Val: 0.884393063583815
[20082020-122539 - 39 - SAVE]
Loss_Train: 0.0014549683799724216
Loss_Val: 0.6900826375594161
ACC_Val: 0.884393063583815
[20082020-122600 - 40]
Loss_Train: 0.001040747890289387
Loss_Val: 0.6938409713184228
ACC_Val: 0.884393063583815
[20082020-122621 - 41]
Loss_Train: 0.0017835866335941398
Loss_Val: 0.694953591986136
ACC_Val: 0.884393063583815
[20082020-122642 - 42]
Loss_Train: 0.0032092721970832867
Loss_Val: 0.6949405518442456
ACC_Val: 0.884393063583815
[20082020-122703 - 43]
Loss_Train: 0.00223784351154514
Loss_Val: 0.6995998287741465
ACC_Val: 0.884393063583815
[20082020-122724 - 44]
Loss_Train: 0.0023295792508060517
Loss_Val: 0.7049245701597432
ACC_Val: 0.884393063583815
[20082020-122744 - 45]
Loss_Train: 0.004184149742207449
Loss_Val: 0.7093400096352773
ACC_Val: 0.884393063583815
[20082020-122805 - 46]
Loss_Train: 0.0017066389757572956
Loss_Val: 0.7131386675616589
ACC_Val: 0.884393063583815
[20082020-122826 - 47]
Loss_Train: 0.0011664941329913943
Loss_Val: 0.7135162922469053
ACC_Val: 0.884393063583815
[20082020-122847 - 48]
Loss_Train: 0.0018999530458013
Loss_Val: 0.7083863003684779
ACC_Val: 0.884393063583815
[20082020-122908 - 49]
Loss_Train: 0.0014757359319407008
Loss_Val: 0.7082510991531308
ACC_Val: 0.884393063583815
[20082020-122928 - 50]
Loss_Train: 0.0013142798460372117
Loss_Val: 0.7098964734508296
ACC_Val: 0.884393063583815
[20082020-122949 - 51]
Loss_Train: 0.0019913697260958347
Loss_Val: 0.7087152849542856
ACC_Val: 0.884393063583815
[20082020-123009 - 52]
Loss_Train: 0.001425363513155152
Loss_Val: 0.7106276959179509
ACC_Val: 0.884393063583815
[20082020-123030 - 53]
Loss_Train: 0.0027647168810843773
Loss_Val: 0.7037817304781956
ACC_Val: 0.884393063583815
[20082020-123051 - 54]
Loss_Train: 0.0012664323389206243
Loss_Val: 0.70222207903862
ACC_Val: 0.884393063583815
[20082020-123112 - 55]
Loss_Train: 0.0009021153521683553
Loss_Val: 0.7036145383661444
ACC_Val: 0.8901734104046243
[20082020-123133 - 56]
Loss_Train: 0.002411926701745909
Loss_Val: 0.7054439685558794
ACC_Val: 0.8901734104046243
[20082020-123154 - 57]
Loss_Train: 0.0028244660276433697
Loss_Val: 0.7026394968680424
ACC_Val: 0.8959537572254336
[20082020-123215 - 58]
Loss_Train: 0.0011770969140343368
Loss_Val: 0.7040019970048558
ACC_Val: 0.8959537572254336
[20082020-123235 - 59]
Loss_Train: 0.0012819377411885755
Loss_Val: 0.7055330032652075
ACC_Val: 0.8901734104046243
[20082020-123256 - 60]
Loss_Train: 0.0017698143922683337
Loss_Val: 0.7029518411919443
ACC_Val: 0.884393063583815
[20082020-123317 - 61]
Loss_Train: 0.0010712972396741743
Loss_Val: 0.7091377388344633
ACC_Val: 0.884393063583815
[20082020-123337 - 62]
Loss_Train: 0.0011030554432300446
Loss_Val: 0.7036171203309839
ACC_Val: 0.884393063583815
[20082020-123358 - 63]
Loss_Train: 0.0024935964889743405
Loss_Val: 0.7037130171599777
ACC_Val: 0.8901734104046243
[20082020-123419 - 64]
Loss_Train: 0.0010967247324752743
Loss_Val: 0.7047560277304993
ACC_Val: 0.884393063583815
