[27082020-034037 - 1 - SAVE]
Loss_Train: 0.24213447701185942
Loss_Val: 0.10617471874381106
ACC_Val: 0.9635701275045537
[27082020-034101 - 2 - SAVE]
Loss_Train: 0.20749943368136883
Loss_Val: 0.09981284766561455
ACC_Val: 0.9744990892531876
[27082020-034124 - 3 - SAVE]
Loss_Train: 0.16826140638440848
Loss_Val: 0.08351720869541168
ACC_Val: 0.9726775956284153
[27082020-034148 - 4]
Loss_Train: 0.11022104630246758
Loss_Val: 0.12964072839046517
ACC_Val: 0.9744990892531876
[27082020-034211 - 5 - SAVE]
Loss_Train: 0.08289242889732122
Loss_Val: 0.11084458207106865
ACC_Val: 0.9927140255009107
[27082020-034234 - 6 - SAVE]
Loss_Train: 0.08278104420751334
Loss_Val: 0.026540089812543657
ACC_Val: 0.9927140255009107
[27082020-034258 - 7]
Loss_Train: 0.07285302281379699
Loss_Val: 0.026582581405010488
ACC_Val: 0.9927140255009107
[27082020-034321 - 8]
Loss_Train: 0.07098187869414688
Loss_Val: 0.02769841990569451
ACC_Val: 0.9927140255009107
[27082020-034344 - 9]
Loss_Train: 0.09144304562360048
Loss_Val: 0.06979765618840854
ACC_Val: 0.9927140255009107
[27082020-034407 - 10]
Loss_Train: 0.050875318609178065
Loss_Val: 0.03291571678386794
ACC_Val: 0.9927140255009107
[27082020-034431 - 11]
Loss_Train: 0.06189131569117308
Loss_Val: 0.16063160101556503
ACC_Val: 0.9817850637522769
[27082020-034454 - 12 - SAVE]
Loss_Train: 0.048376065026968715
Loss_Val: 0.014160479770806787
ACC_Val: 0.994535519125683
[27082020-034518 - 13 - SAVE]
Loss_Train: 0.03239282015711069
Loss_Val: 0.0009472620155671999
ACC_Val: 1.0
[27082020-034541 - 14 - SAVE]
Loss_Train: 0.03774364041164517
Loss_Val: 0.000918946663457771
ACC_Val: 1.0
[27082020-034605 - 15]
Loss_Train: 0.02812424534931779
Loss_Val: 0.000964400503410919
ACC_Val: 1.0
[27082020-034628 - 16 - SAVE]
Loss_Train: 0.03328382642939687
Loss_Val: 0.0007331581579516447
ACC_Val: 1.0
[27082020-034651 - 17 - SAVE]
Loss_Train: 0.026728491857647897
Loss_Val: 0.0007205915120115
ACC_Val: 1.0
[27082020-034715 - 18 - SAVE]
Loss_Train: 0.03086346238851547
Loss_Val: 0.000697438915570577
ACC_Val: 1.0
[27082020-034738 - 19]
Loss_Train: 0.027741672471165657
Loss_Val: 0.0007675920925167804
ACC_Val: 1.0
[27082020-034801 - 20]
Loss_Train: 0.02602436486631632
Loss_Val: 0.0007907792096375488
ACC_Val: 1.0
[27082020-034825 - 21]
Loss_Train: 0.030917867179960014
Loss_Val: 0.0007374355362925497
ACC_Val: 1.0
[27082020-034848 - 22]
Loss_Train: 0.01702220756560564
Loss_Val: 0.0007116489939815236
ACC_Val: 1.0
[27082020-034911 - 23]
Loss_Train: 0.026295671984553338
Loss_Val: 0.0007138084207933085
ACC_Val: 1.0
[27082020-034935 - 24]
Loss_Train: 0.021651148982346057
Loss_Val: 0.0007255800895412298
ACC_Val: 1.0
[27082020-034958 - 25 - SAVE]
Loss_Train: 0.021318741142749786
Loss_Val: 0.0006959856384330326
ACC_Val: 1.0
[27082020-035021 - 26]
Loss_Train: 0.016203274391591548
Loss_Val: 0.0007630185949286291
ACC_Val: 1.0
[27082020-035045 - 27]
Loss_Train: 0.02833586437627673
Loss_Val: 0.0007791208724180857
ACC_Val: 1.0
[27082020-035108 - 28]
Loss_Train: 0.024892998300492762
Loss_Val: 0.000761501325541758
ACC_Val: 1.0
[27082020-035131 - 29]
Loss_Train: 0.0209466764703393
Loss_Val: 0.0008179573548356226
ACC_Val: 1.0
[27082020-035154 - 30 - SAVE]
Loss_Train: 0.018379685841500758
Loss_Val: 0.0006843634776790471
ACC_Val: 1.0
[27082020-035218 - 31]
Loss_Train: 0.022432678565382957
Loss_Val: 0.0007460402945677439
ACC_Val: 1.0
[27082020-035242 - 32]
Loss_Train: 0.019487651251256465
Loss_Val: 0.00079957817999659
ACC_Val: 1.0
[27082020-035305 - 33]
Loss_Train: 0.02676424365490675
Loss_Val: 0.0007472608651571338
ACC_Val: 1.0
[27082020-035328 - 34]
Loss_Train: 0.02624057838693261
Loss_Val: 0.000701648493607839
ACC_Val: 1.0
[27082020-035351 - 35]
Loss_Train: 0.01560881407931447
Loss_Val: 0.0007399654223263497
ACC_Val: 1.0
[27082020-035415 - 36]
Loss_Train: 0.011519209947437048
Loss_Val: 0.000741161819961336
ACC_Val: 1.0
[27082020-035438 - 37 - SAVE]
Loss_Train: 0.01859654737636447
Loss_Val: 0.0006504600245938895
ACC_Val: 1.0
[27082020-035502 - 38]
Loss_Train: 0.017894876748323442
Loss_Val: 0.0006768329276383156
ACC_Val: 1.0
[27082020-035525 - 39]
Loss_Train: 0.011958710849285126
Loss_Val: 0.0006636324028982522
ACC_Val: 1.0
[27082020-035548 - 40]
Loss_Train: 0.015150664094835519
Loss_Val: 0.0007272879281825024
ACC_Val: 1.0
[27082020-035611 - 41]
Loss_Train: 0.01331619219854474
Loss_Val: 0.0008184102674325308
ACC_Val: 1.0
[27082020-035635 - 42]
Loss_Train: 0.015598161332309245
Loss_Val: 0.0007279740439116722
ACC_Val: 1.0
[27082020-035658 - 43]
Loss_Train: 0.016845991462469102
Loss_Val: 0.0007051078810036415
ACC_Val: 1.0
[27082020-035721 - 44]
Loss_Train: 0.012039495352655648
Loss_Val: 0.0007209940089928245
ACC_Val: 1.0
[27082020-035745 - 45]
Loss_Train: 0.018037689104676246
Loss_Val: 0.0006837021974206436
ACC_Val: 1.0
[27082020-035808 - 46]
Loss_Train: 0.013530406728386879
Loss_Val: 0.0006684663395491145
ACC_Val: 1.0
[27082020-035831 - 47]
Loss_Train: 0.02651331229135394
Loss_Val: 0.0007078519297970666
ACC_Val: 1.0
[27082020-035854 - 48]
Loss_Train: 0.023046195227652787
Loss_Val: 0.0006628030704531637
ACC_Val: 1.0
[27082020-035918 - 49]
Loss_Train: 0.018442628905177116
Loss_Val: 0.000719794382651647
ACC_Val: 1.0
[27082020-035941 - 50]
Loss_Train: 0.018403902277350427
Loss_Val: 0.0007553483877321318
ACC_Val: 1.0
[27082020-040005 - 51]
Loss_Train: 0.01645507784560323
Loss_Val: 0.0006904395090209113
ACC_Val: 1.0
[27082020-040028 - 52]
Loss_Train: 0.017667119018733503
Loss_Val: 0.0006624427106645373
ACC_Val: 1.0
[27082020-040051 - 53]
Loss_Train: 0.013032621983438731
Loss_Val: 0.0007510287893334558
ACC_Val: 1.0
[27082020-040114 - 54]
Loss_Train: 0.014786247536540032
Loss_Val: 0.0007436595030109553
ACC_Val: 1.0
[27082020-040138 - 55]
Loss_Train: 0.021417981199920177
Loss_Val: 0.000760671165254381
ACC_Val: 1.0
[27082020-040201 - 56]
Loss_Train: 0.014060645550489425
Loss_Val: 0.000779783394642032
ACC_Val: 1.0
[27082020-040225 - 57]
Loss_Train: 0.016808265168219805
Loss_Val: 0.0007225579686039257
ACC_Val: 1.0
[27082020-040248 - 58 - SAVE]
Loss_Train: 0.021287544164806604
Loss_Val: 0.0006465714011735852
ACC_Val: 1.0
[27082020-040311 - 59]
Loss_Train: 0.023298119474202395
Loss_Val: 0.0006707192294723225
ACC_Val: 1.0
[27082020-040334 - 60]
Loss_Train: 0.01424782332032919
Loss_Val: 0.0006892917885529136
ACC_Val: 1.0
[27082020-040357 - 61]
Loss_Train: 0.016569048166275024
Loss_Val: 0.0007419322927388647
ACC_Val: 1.0
[27082020-040420 - 62]
Loss_Train: 0.016241617128252984
Loss_Val: 0.0006660659279683993
ACC_Val: 1.0
[27082020-040444 - 63]
Loss_Train: 0.018898555263876914
Loss_Val: 0.0006920268137441275
ACC_Val: 1.0
[27082020-040507 - 64]
Loss_Train: 0.011318073980510235
Loss_Val: 0.0006728562216772439
ACC_Val: 1.0
[27082020-040530 - 65]
Loss_Train: 0.01839089095592499
Loss_Val: 0.0007020442022217645
ACC_Val: 1.0
[27082020-040554 - 66]
Loss_Train: 0.017181393411010503
Loss_Val: 0.0006916296151757706
ACC_Val: 1.0
[27082020-040617 - 67]
Loss_Train: 0.011708580423146486
Loss_Val: 0.0006882607936454911
ACC_Val: 1.0
[27082020-040640 - 68]
Loss_Train: 0.011723607778549194
Loss_Val: 0.0006726660661418767
ACC_Val: 1.0
[27082020-040704 - 69]
Loss_Train: 0.012574545107781887
Loss_Val: 0.0007207160195119084
ACC_Val: 1.0
[27082020-040727 - 70]
Loss_Train: 0.015892835333943367
Loss_Val: 0.0007352091371204653
ACC_Val: 1.0
[27082020-040750 - 71]
Loss_Train: 0.01770230187103152
Loss_Val: 0.0006745924551473258
ACC_Val: 1.0
[27082020-040813 - 72]
Loss_Train: 0.016423121374100447
Loss_Val: 0.000780632346908937
ACC_Val: 1.0
[27082020-040837 - 73]
Loss_Train: 0.01887458162382245
Loss_Val: 0.0006614737212657928
ACC_Val: 1.0
[27082020-040900 - 74]
Loss_Train: 0.014360466506332159
Loss_Val: 0.0007354101372685465
ACC_Val: 1.0
[27082020-040923 - 75]
Loss_Train: 0.020400238689035177
Loss_Val: 0.0006792669494946798
ACC_Val: 1.0
[27082020-040947 - 76]
Loss_Train: 0.02266402542591095
Loss_Val: 0.000689293858158635
ACC_Val: 1.0
[27082020-041010 - 77 - SAVE]
Loss_Train: 0.013403808046132327
Loss_Val: 0.000641492505868276
ACC_Val: 1.0
[27082020-041033 - 78]
Loss_Train: 0.014359535556286574
Loss_Val: 0.0006889734831929673
ACC_Val: 1.0
[27082020-041056 - 79]
Loss_Train: 0.01923464285209775
Loss_Val: 0.0006770048704412249
ACC_Val: 1.0
[27082020-041120 - 80 - SAVE]
Loss_Train: 0.01784519637003541
Loss_Val: 0.0006356918978174994
ACC_Val: 1.0
[27082020-041143 - 81 - SAVE]
Loss_Train: 0.02138999504968524
Loss_Val: 0.0006173778739240435
ACC_Val: 1.0
[27082020-041207 - 82]
Loss_Train: 0.010663778707385062
Loss_Val: 0.0007549901804142994
ACC_Val: 1.0
[27082020-041230 - 83]
Loss_Train: 0.013331133965402841
Loss_Val: 0.0006331904894775815
ACC_Val: 1.0
[27082020-041254 - 84]
Loss_Train: 0.010807694122195243
Loss_Val: 0.0007450521819312902
ACC_Val: 1.0
[27082020-041317 - 85]
Loss_Train: 0.015357003547251225
Loss_Val: 0.00070627737376425
ACC_Val: 1.0
[27082020-041340 - 86]
Loss_Train: 0.021568086929619312
Loss_Val: 0.0006728644172350565
ACC_Val: 1.0
[27082020-041404 - 87]
Loss_Train: 0.012177010998129845
Loss_Val: 0.0006249885591387283
ACC_Val: 1.0
[27082020-041427 - 88]
Loss_Train: 0.012683541048318148
Loss_Val: 0.000664263301385088
ACC_Val: 1.0
[27082020-041450 - 89]
Loss_Train: 0.028529407829046248
Loss_Val: 0.0006429223550286326
ACC_Val: 1.0
[27082020-041513 - 90]
Loss_Train: 0.013329073321074247
Loss_Val: 0.0006476876636346182
ACC_Val: 1.0
[27082020-041537 - 91]
Loss_Train: 0.017220989987254142
Loss_Val: 0.0007243059575961928
ACC_Val: 1.0
[27082020-041600 - 92]
Loss_Train: 0.013691150024533272
Loss_Val: 0.0006608916652718714
ACC_Val: 1.0
[27082020-041623 - 93]
Loss_Train: 0.01776986587792635
Loss_Val: 0.0006930127739097872
ACC_Val: 1.0
[27082020-041647 - 94]
Loss_Train: 0.018295416608452797
Loss_Val: 0.0007665114270720449
ACC_Val: 1.0
[27082020-041710 - 95]
Loss_Train: 0.01105175046250224
Loss_Val: 0.0007957518100738525
ACC_Val: 1.0
[27082020-041733 - 96]
Loss_Train: 0.01981730591505766
Loss_Val: 0.0007425547473758343
ACC_Val: 1.0
[27082020-041756 - 97]
Loss_Train: 0.019534783065319063
Loss_Val: 0.0007193472650518137
ACC_Val: 1.0
[27082020-041820 - 98]
Loss_Train: 0.01889086179435253
Loss_Val: 0.0007793028321935304
ACC_Val: 1.0
[27082020-041843 - 99]
Loss_Train: 0.01441449737176299
Loss_Val: 0.0008094928330643193
ACC_Val: 1.0
[27082020-041906 - 100]
Loss_Train: 0.01389975482597947
Loss_Val: 0.0008509501815044334
ACC_Val: 1.0
[27082020-041929 - 101]
Loss_Train: 0.014522533863782883
Loss_Val: 0.0007449582218315401
ACC_Val: 1.0
[27082020-041953 - 102]
Loss_Train: 0.012746651098132134
Loss_Val: 0.0006705049838476245
ACC_Val: 1.0
[27082020-042016 - 103]
Loss_Train: 0.015177681762725114
Loss_Val: 0.0008150152862071991
ACC_Val: 1.0
[27082020-042039 - 104]
Loss_Train: 0.017202967964112758
Loss_Val: 0.0007859833539340696
ACC_Val: 1.0
[27082020-042102 - 105]
Loss_Train: 0.015332217328250408
Loss_Val: 0.0007381214863926289
ACC_Val: 1.0
[27082020-042125 - 106]
Loss_Train: 0.016983579378575087
Loss_Val: 0.000783577561378479
ACC_Val: 1.0
