[26082020-233452 - 1 - SAVE]
Loss_Train: 2.4526298443476358
Loss_Val: 2.341753287748857
ACC_Val: 0.27167630057803466
[26082020-233526 - 2 - SAVE]
Loss_Train: 1.2838366031646729
Loss_Val: 1.9893806034868413
ACC_Val: 0.4161849710982659
[26082020-233601 - 3 - SAVE]
Loss_Train: 0.9096882144610087
Loss_Val: 1.8144856122407047
ACC_Val: 0.4682080924855491
[26082020-233635 - 4 - SAVE]
Loss_Train: 0.693640947341919
Loss_Val: 1.640217518264597
ACC_Val: 0.5780346820809249
[26082020-233710 - 5 - SAVE]
Loss_Train: 0.5285922487576803
Loss_Val: 1.3861122727394104
ACC_Val: 0.6416184971098265
[26082020-233744 - 6 - SAVE]
Loss_Train: 0.4116758207480113
Loss_Val: 1.1597123308615251
ACC_Val: 0.6820809248554913
[26082020-233819 - 7 - SAVE]
Loss_Train: 0.3355572621027629
Loss_Val: 1.0400722839615562
ACC_Val: 0.7052023121387283
[26082020-233854 - 8 - SAVE]
Loss_Train: 0.26033198336760205
Loss_Val: 0.975860823284496
ACC_Val: 0.7745664739884393
[26082020-233930 - 9 - SAVE]
Loss_Train: 0.209149569272995
Loss_Val: 0.9477876336737112
ACC_Val: 0.7630057803468208
[26082020-234005 - 10 - SAVE]
Loss_Train: 0.17011748751004538
Loss_Val: 0.9467305161736228
ACC_Val: 0.7745664739884393
[26082020-234039 - 11 - SAVE]
Loss_Train: 0.13956249753634134
Loss_Val: 0.9377326267686757
ACC_Val: 0.7803468208092486
[26082020-234114 - 12 - SAVE]
Loss_Train: 0.12043557067712148
Loss_Val: 0.9271958179094575
ACC_Val: 0.815028901734104
[26082020-234148 - 13 - SAVE]
Loss_Train: 0.08745286365350087
Loss_Val: 0.9246270101178776
ACC_Val: 0.815028901734104
[26082020-234224 - 14]
Loss_Train: 0.08123439302047093
Loss_Val: 0.9329271810975942
ACC_Val: 0.7976878612716763
[26082020-234258 - 15]
Loss_Train: 0.07048811763525009
Loss_Val: 0.9338150017640807
ACC_Val: 0.7976878612716763
[26082020-234334 - 16]
Loss_Train: 0.05802284305294355
Loss_Val: 0.9275040565566584
ACC_Val: 0.8092485549132948
[26082020-234408 - 17 - SAVE]
Loss_Train: 0.05338742335637411
Loss_Val: 0.9179083826867017
ACC_Val: 0.8323699421965318
[26082020-234443 - 18]
Loss_Train: 0.05025725066661835
Loss_Val: 0.9375606057318774
ACC_Val: 0.8265895953757225
[26082020-234518 - 19]
Loss_Train: 0.04301266993085543
Loss_Val: 0.9643453142859719
ACC_Val: 0.815028901734104
[26082020-234552 - 20]
Loss_Train: 0.03798424576719602
Loss_Val: 0.9833517345515165
ACC_Val: 0.8208092485549133
[26082020-234627 - 21]
Loss_Train: 0.036036644130945206
Loss_Val: 0.9830558123913679
ACC_Val: 0.8265895953757225
[26082020-234701 - 22]
Loss_Train: 0.0365592526892821
Loss_Val: 0.9744195193052292
ACC_Val: 0.8092485549132948
[26082020-234738 - 23]
Loss_Train: 0.02950787916779518
Loss_Val: 0.9678839804096655
ACC_Val: 0.815028901734104
[26082020-234812 - 24]
Loss_Train: 0.030423668523629505
Loss_Val: 0.9704413461414251
ACC_Val: 0.8208092485549133
[26082020-234846 - 25]
Loss_Train: 0.026021237795551617
Loss_Val: 0.9737302769314159
ACC_Val: 0.815028901734104
[26082020-234921 - 26]
Loss_Train: 0.021398105348149937
Loss_Val: 0.9764915244145826
ACC_Val: 0.815028901734104
[26082020-234955 - 27]
Loss_Train: 0.02619500458240509
Loss_Val: 0.9810029031200842
ACC_Val: 0.8265895953757225
[26082020-235029 - 28]
Loss_Train: 0.020953044295310974
Loss_Val: 0.9828094264323061
ACC_Val: 0.8265895953757225
[26082020-235104 - 29]
Loss_Train: 0.026247938474019367
Loss_Val: 0.9858828606930646
ACC_Val: 0.8208092485549133
[26082020-235138 - 30]
Loss_Train: 0.02265134205420812
Loss_Val: 0.9880866374481808
ACC_Val: 0.8208092485549133
[26082020-235212 - 31]
Loss_Train: 0.020126311108469963
Loss_Val: 0.9889876368370923
ACC_Val: 0.8208092485549133
[26082020-235246 - 32]
Loss_Train: 0.022597745681802433
Loss_Val: 0.9886591387065974
ACC_Val: 0.8208092485549133
[26082020-235321 - 33]
Loss_Train: 0.02072581648826599
Loss_Val: 0.990295986560258
ACC_Val: 0.8208092485549133
[26082020-235355 - 34]
Loss_Train: 0.020684963713089626
Loss_Val: 0.9907673651521857
ACC_Val: 0.8208092485549133
[26082020-235429 - 35]
Loss_Train: 0.02119457225004832
Loss_Val: 0.9916984601454302
ACC_Val: 0.8208092485549133
[26082020-235504 - 36]
Loss_Train: 0.02018064136306445
Loss_Val: 0.9932323748415167
ACC_Val: 0.8208092485549133
[26082020-235539 - 37]
Loss_Train: 0.022016481185952824
Loss_Val: 0.9941374422474341
ACC_Val: 0.8208092485549133
[26082020-235613 - 38]
Loss_Train: 0.019636690616607666
Loss_Val: 0.9945733079856093
ACC_Val: 0.8208092485549133
[26082020-235648 - 39]
Loss_Train: 0.022053314372897148
Loss_Val: 0.9931145269762386
ACC_Val: 0.8208092485549133
[26082020-235723 - 40]
Loss_Train: 0.018953790577749412
Loss_Val: 0.9932044385509058
ACC_Val: 0.8208092485549133
[26082020-235757 - 41]
Loss_Train: 0.021622465923428535
Loss_Val: 0.9911897107958794
ACC_Val: 0.8208092485549133
[26082020-235832 - 42]
Loss_Train: 0.022356626267234486
Loss_Val: 0.991581570695747
ACC_Val: 0.8208092485549133
