[27082020-000120 - 1 - SAVE]
Loss_Train: 2.2328130876024566
Loss_Val: 9.427576769482005
ACC_Val: 0.21965317919075145
[27082020-000158 - 2]
Loss_Train: 1.7978140513102214
Loss_Val: 13.326553734866055
ACC_Val: 0.18497109826589594
[27082020-000235 - 3]
Loss_Train: 0.7506588896115621
Loss_Val: 14.452513884414326
ACC_Val: 0.19653179190751446
[27082020-000312 - 4]
Loss_Train: 0.4147391418615977
Loss_Val: 9.573407964272933
ACC_Val: 0.1676300578034682
[27082020-000349 - 5 - SAVE]
Loss_Train: 0.31113165616989136
Loss_Val: 5.4851885275407275
ACC_Val: 0.30057803468208094
[27082020-000426 - 6 - SAVE]
Loss_Train: 0.1795372168223063
Loss_Val: 3.0479283197359606
ACC_Val: 0.4508670520231214
[27082020-000504 - 7 - SAVE]
Loss_Train: 0.1171193818251292
Loss_Val: 1.8981691951101476
ACC_Val: 0.6184971098265896
[27082020-000541 - 8 - SAVE]
Loss_Train: 0.09436014791329701
Loss_Val: 1.2920480329882016
ACC_Val: 0.7167630057803468
[27082020-000619 - 9 - SAVE]
Loss_Train: 0.06624819338321686
Loss_Val: 1.187345412644473
ACC_Val: 0.7687861271676301
[27082020-000656 - 10 - SAVE]
Loss_Train: 0.03578020508090655
Loss_Val: 1.1347405978224494
ACC_Val: 0.7745664739884393
[27082020-000733 - 11 - SAVE]
Loss_Train: 0.03227158014973005
Loss_Val: 0.9783041622828353
ACC_Val: 0.815028901734104
[27082020-000811 - 12 - SAVE]
Loss_Train: 0.013847042496005693
Loss_Val: 0.9509278982877731
ACC_Val: 0.8092485549132948
[27082020-000848 - 13 - SAVE]
Loss_Train: 0.013022448557118574
Loss_Val: 0.8868907015474344
ACC_Val: 0.791907514450867
[27082020-000925 - 14 - SAVE]
Loss_Train: 0.008350650779902935
Loss_Val: 0.848703029756011
ACC_Val: 0.8208092485549133
[27082020-001003 - 15 - SAVE]
Loss_Train: 0.006462050601840019
Loss_Val: 0.7898248266005381
ACC_Val: 0.8439306358381503
[27082020-001040 - 16 - SAVE]
Loss_Train: 0.00806823450451096
Loss_Val: 0.7576065047390081
ACC_Val: 0.8670520231213873
[27082020-001117 - 17 - SAVE]
Loss_Train: 0.004917313965658347
Loss_Val: 0.7617012638260018
ACC_Val: 0.8786127167630058
[27082020-001155 - 18]
Loss_Train: 0.01001368494083484
Loss_Val: 0.7683509385043924
ACC_Val: 0.8670520231213873
[27082020-001232 - 19]
Loss_Train: 0.009096100460737944
Loss_Val: 0.8031065992333672
ACC_Val: 0.861271676300578
[27082020-001310 - 20]
Loss_Train: 0.009155930097525319
Loss_Val: 0.8563122776421633
ACC_Val: 0.8554913294797688
[27082020-001347 - 21]
Loss_Train: 0.016848669076959293
Loss_Val: 0.9398263564163988
ACC_Val: 0.8439306358381503
[27082020-001424 - 22]
Loss_Train: 0.007040062453597784
Loss_Val: 0.9409709193489768
ACC_Val: 0.8497109826589595
[27082020-001501 - 23]
Loss_Train: 0.008809675152103106
Loss_Val: 0.8952900022268295
ACC_Val: 0.8497109826589595
[27082020-001538 - 24]
Loss_Train: 0.013033490007122358
Loss_Val: 0.8649161458015442
ACC_Val: 0.8554913294797688
[27082020-001616 - 25]
Loss_Train: 0.0071042682975530624
Loss_Val: 0.8472151844338938
ACC_Val: 0.8670520231213873
[27082020-001653 - 26]
Loss_Train: 0.004791506566107273
Loss_Val: 0.8281933089548891
ACC_Val: 0.8728323699421965
[27082020-001730 - 27]
Loss_Train: 0.0023497327929362655
Loss_Val: 0.8128649734637954
ACC_Val: 0.8728323699421965
[27082020-001807 - 28]
Loss_Train: 0.0025161895900964737
Loss_Val: 0.8039058900692246
ACC_Val: 0.8670520231213873
[27082020-001845 - 29]
Loss_Train: 0.0023892136911551156
Loss_Val: 0.7967831099575217
ACC_Val: 0.8728323699421965
[27082020-001924 - 30]
Loss_Train: 0.0016302582419787843
Loss_Val: 0.7920274477113377
ACC_Val: 0.8728323699421965
[27082020-002002 - 31]
Loss_Train: 0.002669375273399055
Loss_Val: 0.7890326841311022
ACC_Val: 0.8728323699421965
[27082020-002039 - 32]
Loss_Train: 0.0022101636277511716
Loss_Val: 0.7839417125691067
ACC_Val: 0.8728323699421965
[27082020-002116 - 33]
Loss_Train: 0.0022275234029317894
Loss_Val: 0.7831867635250092
ACC_Val: 0.8728323699421965
[27082020-002153 - 34]
Loss_Train: 0.0018538162112236023
Loss_Val: 0.7818173562938516
ACC_Val: 0.8728323699421965
[27082020-002232 - 35]
Loss_Train: 0.002385177959998449
Loss_Val: 0.7821622517975894
ACC_Val: 0.8728323699421965
[27082020-002309 - 36]
Loss_Train: 0.0018899051162103813
Loss_Val: 0.7821066183122721
ACC_Val: 0.8728323699421965
[27082020-002346 - 37]
Loss_Train: 0.001846336293965578
Loss_Val: 0.7815445925701748
ACC_Val: 0.8728323699421965
[27082020-002424 - 38]
Loss_Train: 0.002449058035078148
Loss_Val: 0.7812503305348483
ACC_Val: 0.8728323699421965
[27082020-002502 - 39]
Loss_Train: 0.0015618986605356138
Loss_Val: 0.7805719145319678
ACC_Val: 0.8728323699421965
[27082020-002539 - 40]
Loss_Train: 0.0015832427889108658
Loss_Val: 0.779531025073745
ACC_Val: 0.8728323699421965
[27082020-002616 - 41]
Loss_Train: 0.0017951300833374262
Loss_Val: 0.7797579717907038
ACC_Val: 0.8728323699421965
[27082020-002654 - 42]
Loss_Train: 0.0015712277575706441
Loss_Val: 0.7789505178278143
ACC_Val: 0.8728323699421965
