[18082020-021151 - 1 - SAVE]
Loss_Train: 1.0581909029380134
Loss_Val: 1.7020148120143197
ACC_Val: 0.6878612716763006
[18082020-021217 - 2 - SAVE]
Loss_Train: 0.5706167907818503
Loss_Val: 1.387342024933208
ACC_Val: 0.7341040462427746
[18082020-021242 - 3 - SAVE]
Loss_Train: 0.22898791082527326
Loss_Val: 1.182032818144018
ACC_Val: 0.815028901734104
[18082020-021307 - 4 - SAVE]
Loss_Train: 0.1677199135655942
Loss_Val: 1.0522787117145278
ACC_Val: 0.8208092485549133
[18082020-021333 - 5 - SAVE]
Loss_Train: 0.12910525889500327
Loss_Val: 1.1643482609228655
ACC_Val: 0.8265895953757225
[18082020-021400 - 6 - SAVE]
Loss_Train: 0.08900854914732602
Loss_Val: 1.0182254639538852
ACC_Val: 0.8439306358381503
[18082020-021426 - 7 - SAVE]
Loss_Train: 0.0565023937303087
Loss_Val: 0.9962850575419989
ACC_Val: 0.8670520231213873
[18082020-021451 - 8]
Loss_Train: 0.07114416462085817
Loss_Val: 1.1487710814584384
ACC_Val: 0.838150289017341
[18082020-021517 - 9]
Loss_Train: 0.07031526853856833
Loss_Val: 1.1827212301167576
ACC_Val: 0.8208092485549133
[18082020-021543 - 10]
Loss_Train: 0.0638396221658458
Loss_Val: 1.2680406594828872
ACC_Val: 0.8670520231213873
[18082020-021608 - 11]
Loss_Train: 0.04787478320624517
Loss_Val: 1.0706342358819463
ACC_Val: 0.8497109826589595
[18082020-021633 - 12 - SAVE]
Loss_Train: 0.05171046487015227
Loss_Val: 1.305990850383585
ACC_Val: 0.8728323699421965
[18082020-021659 - 13]
Loss_Train: 0.035396114558629364
Loss_Val: 1.1755778957475824
ACC_Val: 0.8670520231213873
[18082020-021724 - 14]
Loss_Train: 0.01861915480264503
Loss_Val: 1.1018011467107995
ACC_Val: 0.8670520231213873
[18082020-021749 - 15 - SAVE]
Loss_Train: 0.014393431013045103
Loss_Val: 1.052021368258548
ACC_Val: 0.8786127167630058
[18082020-021816 - 16]
Loss_Train: 0.01563234344813163
Loss_Val: 1.032661856304251
ACC_Val: 0.8786127167630058
[18082020-021841 - 17 - SAVE]
Loss_Train: 0.007806912945259524
Loss_Val: 0.9968088047065645
ACC_Val: 0.884393063583815
[18082020-021907 - 18 - SAVE]
Loss_Train: 0.004408558334588357
Loss_Val: 0.9687716291704088
ACC_Val: 0.8786127167630058
[18082020-021934 - 19 - SAVE]
Loss_Train: 0.009090828678935119
Loss_Val: 0.9357344391676385
ACC_Val: 0.8901734104046243
[18082020-022000 - 20 - SAVE]
Loss_Train: 0.004619395490685154
Loss_Val: 0.8987642472440546
ACC_Val: 0.8901734104046243
[18082020-022025 - 21]
Loss_Train: 0.003447840466042576
Loss_Val: 0.9067461271174992
ACC_Val: 0.8901734104046243
[18082020-022050 - 22 - SAVE]
Loss_Train: 0.005191754509249459
Loss_Val: 0.9166066275396257
ACC_Val: 0.8959537572254336
[18082020-022115 - 23]
Loss_Train: 0.0017591448116075733
Loss_Val: 0.9203733002597635
ACC_Val: 0.8959537572254336
[18082020-022142 - 24]
Loss_Train: 0.0024309007086507654
Loss_Val: 0.9131413503121373
ACC_Val: 0.8959537572254336
[18082020-022207 - 25]
Loss_Train: 0.002958585052629528
Loss_Val: 0.9287702243441758
ACC_Val: 0.8901734104046243
[18082020-022233 - 26]
Loss_Train: 0.004946466251883818
Loss_Val: 0.9255602021108974
ACC_Val: 0.8901734104046243
[18082020-022258 - 27]
Loss_Train: 0.0023956298005625445
Loss_Val: 0.9222504943609238
ACC_Val: 0.8901734104046243
[18082020-022323 - 28]
Loss_Train: 0.0015269549507850213
Loss_Val: 0.9273808617488778
ACC_Val: 0.8901734104046243
[18082020-022347 - 29]
Loss_Train: 0.0030077346980207317
Loss_Val: 0.919938653978699
ACC_Val: 0.8901734104046243
[18082020-022408 - 30]
Loss_Train: 0.0018857509364708044
Loss_Val: 0.9294886407521765
ACC_Val: 0.8901734104046243
[18082020-022429 - 31]
Loss_Train: 0.0024706053992976313
Loss_Val: 0.9246814581486185
ACC_Val: 0.8901734104046243
[18082020-022450 - 32]
Loss_Train: 0.0016452157262550747
Loss_Val: 0.9260480859057597
ACC_Val: 0.8901734104046243
[18082020-022511 - 33]
Loss_Train: 0.0037884974609250608
Loss_Val: 0.9317918455053587
ACC_Val: 0.8901734104046243
[18082020-022532 - 34]
Loss_Train: 0.0020843611969410076
Loss_Val: 0.9330715279687535
ACC_Val: 0.8901734104046243
[18082020-022553 - 35]
Loss_Train: 0.0011112084738788722
Loss_Val: 0.9248979484493082
ACC_Val: 0.884393063583815
[18082020-022614 - 36]
Loss_Train: 0.0016129707699925032
Loss_Val: 0.9279712294989043
ACC_Val: 0.8901734104046243
[18082020-022635 - 37]
Loss_Train: 0.0012690558518364053
Loss_Val: 0.9292293778873334
ACC_Val: 0.884393063583815
[18082020-022655 - 38]
Loss_Train: 0.0015935486324293458
Loss_Val: 0.9280259514396841
ACC_Val: 0.8901734104046243
[18082020-022716 - 39]
Loss_Train: 0.0016423905832672735
Loss_Val: 0.9221322308889781
ACC_Val: 0.884393063583815
[18082020-022737 - 40]
Loss_Train: 0.0013951105862835666
Loss_Val: 0.9189602090548512
ACC_Val: 0.8901734104046243
[18082020-022758 - 41]
Loss_Train: 0.001341501860778131
Loss_Val: 0.9196594631132691
ACC_Val: 0.884393063583815
[18082020-022819 - 42]
Loss_Train: 0.0008133068154363528
Loss_Val: 0.9223067253822758
ACC_Val: 0.8901734104046243
[18082020-022840 - 43]
Loss_Train: 0.002414088048364805
Loss_Val: 0.9118867952717913
ACC_Val: 0.8901734104046243
[18082020-022901 - 44]
Loss_Train: 0.002552864112658426
Loss_Val: 0.9129679203033447
ACC_Val: 0.884393063583815
[18082020-022921 - 45]
Loss_Train: 0.0012345910869518539
Loss_Val: 0.9176070126625497
ACC_Val: 0.884393063583815
[18082020-022942 - 46]
Loss_Train: 0.0029168340741940165
Loss_Val: 0.9168895992360458
ACC_Val: 0.884393063583815
[18082020-023003 - 47]
Loss_Train: 0.0022797733140380487
Loss_Val: 0.9190952152011133
ACC_Val: 0.8901734104046243
