[19082020-141151 - 1 - SAVE]
Loss_Train: 2.538665215174357
Loss_Val: 2.5968641584569756
ACC_Val: 0.24855491329479767
[19082020-141229 - 2 - SAVE]
Loss_Train: 1.425764560699463
Loss_Val: 2.308929372917522
ACC_Val: 0.2658959537572254
[19082020-141306 - 3 - SAVE]
Loss_Train: 1.0150118867556255
Loss_Val: 2.174256509000605
ACC_Val: 0.27167630057803466
[19082020-141343 - 4 - SAVE]
Loss_Train: 0.8459884921709696
Loss_Val: 2.1605367172848093
ACC_Val: 0.3236994219653179
[19082020-141420 - 5]
Loss_Train: 0.699896236260732
Loss_Val: 2.2754356373440134
ACC_Val: 0.30057803468208094
[19082020-141457 - 6]
Loss_Train: 0.5973799228668213
Loss_Val: 2.4336811195720327
ACC_Val: 0.2947976878612717
[19082020-141534 - 7]
Loss_Train: 0.49458394447962445
Loss_Val: 2.4480668794025076
ACC_Val: 0.31213872832369943
[19082020-141611 - 8 - SAVE]
Loss_Train: 0.45895084738731384
Loss_Val: 2.410358017141169
ACC_Val: 0.3468208092485549
[19082020-141648 - 9 - SAVE]
Loss_Train: 0.4043227632840474
Loss_Val: 2.4423874779181047
ACC_Val: 0.35260115606936415
[19082020-141725 - 10 - SAVE]
Loss_Train: 0.3782034715016683
Loss_Val: 2.376127459786155
ACC_Val: 0.3699421965317919
[19082020-141802 - 11 - SAVE]
Loss_Train: 0.3572692771752675
Loss_Val: 2.309656549583782
ACC_Val: 0.37572254335260113
[19082020-141840 - 12 - SAVE]
Loss_Train: 0.3673483331998189
Loss_Val: 2.2240118872035635
ACC_Val: 0.3815028901734104
[19082020-141917 - 13 - SAVE]
Loss_Train: 0.3495587209860484
Loss_Val: 2.1417939121072944
ACC_Val: 0.3930635838150289
[19082020-141955 - 14 - SAVE]
Loss_Train: 0.33350592851638794
Loss_Val: 2.082812878218564
ACC_Val: 0.42196531791907516
[19082020-142032 - 15 - SAVE]
Loss_Train: 0.34043951829274494
Loss_Val: 2.019696138121865
ACC_Val: 0.44508670520231214
[19082020-142109 - 16 - SAVE]
Loss_Train: 0.30044962962468463
Loss_Val: 1.9541368511590091
ACC_Val: 0.44508670520231214
[19082020-142146 - 17 - SAVE]
Loss_Train: 0.32652706901232403
Loss_Val: 1.889473645524545
ACC_Val: 0.47398843930635837
[19082020-142224 - 18 - SAVE]
Loss_Train: 0.3056995173295339
Loss_Val: 1.823982135816054
ACC_Val: 0.4797687861271676
[19082020-142301 - 19 - SAVE]
Loss_Train: 0.2785061498483022
Loss_Val: 1.7650050547989933
ACC_Val: 0.4913294797687861
[19082020-142339 - 20 - SAVE]
Loss_Train: 0.2877975106239319
Loss_Val: 1.705475476655093
ACC_Val: 0.5260115606936416
[19082020-142416 - 21 - SAVE]
Loss_Train: 0.25609054168065387
Loss_Val: 1.647330412810499
ACC_Val: 0.5375722543352601
[19082020-142453 - 22 - SAVE]
Loss_Train: 0.2864847481250763
Loss_Val: 1.5926249569112605
ACC_Val: 0.5491329479768786
[19082020-142530 - 23 - SAVE]
Loss_Train: 0.2595212757587433
Loss_Val: 1.5485844652761112
ACC_Val: 0.5549132947976878
[19082020-142608 - 24 - SAVE]
Loss_Train: 0.25522737701733905
Loss_Val: 1.5007975819435986
ACC_Val: 0.5722543352601156
[19082020-142645 - 25 - SAVE]
Loss_Train: 0.2631636957327525
Loss_Val: 1.4537463513287632
ACC_Val: 0.5780346820809249
[19082020-142722 - 26 - SAVE]
Loss_Train: 0.2689981162548065
Loss_Val: 1.4058319194750353
ACC_Val: 0.6069364161849711
[19082020-142759 - 27 - SAVE]
Loss_Train: 0.2279344449440638
Loss_Val: 1.3635315217755057
ACC_Val: 0.630057803468208
[19082020-142837 - 28 - SAVE]
Loss_Train: 0.2484322041273117
Loss_Val: 1.3227195915850727
ACC_Val: 0.6358381502890174
[19082020-142914 - 29 - SAVE]
Loss_Train: 0.21660913030306497
Loss_Val: 1.2875155237588016
ACC_Val: 0.6473988439306358
[19082020-142952 - 30 - SAVE]
Loss_Train: 0.24098185201485953
Loss_Val: 1.2528301612897352
ACC_Val: 0.653179190751445
[19082020-143029 - 31 - SAVE]
Loss_Train: 0.2169063687324524
Loss_Val: 1.2135813601992347
ACC_Val: 0.6705202312138728
[19082020-143106 - 32 - SAVE]
Loss_Train: 0.2054746448993683
Loss_Val: 1.1787300624630668
ACC_Val: 0.6820809248554913
[19082020-143143 - 33 - SAVE]
Loss_Train: 0.21744773288567862
Loss_Val: 1.1492127031087875
ACC_Val: 0.6820809248554913
[19082020-143220 - 34 - SAVE]
Loss_Train: 0.20651932060718536
Loss_Val: 1.1140866022218356
ACC_Val: 0.7052023121387283
[19082020-143258 - 35 - SAVE]
Loss_Train: 0.1950278381506602
Loss_Val: 1.0831090144135735
ACC_Val: 0.6994219653179191
[19082020-143335 - 36 - SAVE]
Loss_Train: 0.19311898946762085
Loss_Val: 1.0572602505033666
ACC_Val: 0.7052023121387283
[19082020-143412 - 37 - SAVE]
Loss_Train: 0.20376338561375937
Loss_Val: 1.0387065546079115
ACC_Val: 0.7109826589595376
[19082020-143449 - 38 - SAVE]
Loss_Train: 0.20314404865105948
Loss_Val: 1.0235937793146481
ACC_Val: 0.7225433526011561
[19082020-143526 - 39 - SAVE]
Loss_Train: 0.18460997939109802
Loss_Val: 1.006838553331115
ACC_Val: 0.7341040462427746
[19082020-143604 - 40 - SAVE]
Loss_Train: 0.1991751790046692
Loss_Val: 0.9946074892174114
ACC_Val: 0.7398843930635838
[19082020-143642 - 41 - SAVE]
Loss_Train: 0.19926596184571585
Loss_Val: 0.9778229905800386
ACC_Val: 0.7398843930635838
[19082020-143719 - 42 - SAVE]
Loss_Train: 0.1708409438530604
Loss_Val: 0.9590317498553883
ACC_Val: 0.7456647398843931
[19082020-143756 - 43 - SAVE]
Loss_Train: 0.1705052057902018
Loss_Val: 0.9463118450208143
ACC_Val: 0.7514450867052023
[19082020-143833 - 44 - SAVE]
Loss_Train: 0.19470029572645822
Loss_Val: 0.9388429387049242
ACC_Val: 0.7572254335260116
[19082020-143910 - 45 - SAVE]
Loss_Train: 0.18414423366387686
Loss_Val: 0.9320152239366011
ACC_Val: 0.7572254335260116
[19082020-143947 - 46 - SAVE]
Loss_Train: 0.16542206704616547
Loss_Val: 0.9200677167285572
ACC_Val: 0.7630057803468208
[19082020-144024 - 47 - SAVE]
Loss_Train: 0.14385809501012167
Loss_Val: 0.9110815118659626
ACC_Val: 0.7745664739884393
[19082020-144101 - 48 - SAVE]
Loss_Train: 0.13803384701410928
Loss_Val: 0.8992906619202007
ACC_Val: 0.7745664739884393
[19082020-144138 - 49 - SAVE]
Loss_Train: 0.16791307429472604
Loss_Val: 0.8887539600784128
ACC_Val: 0.7687861271676301
[19082020-144215 - 50 - SAVE]
Loss_Train: 0.15220476686954498
Loss_Val: 0.8864162388173017
ACC_Val: 0.7687861271676301
[19082020-144253 - 51]
Loss_Train: 0.1619537721077601
Loss_Val: 0.8870480792088942
ACC_Val: 0.7745664739884393
[19082020-144330 - 52 - SAVE]
Loss_Train: 0.15310687323411307
Loss_Val: 0.8846932676705447
ACC_Val: 0.7687861271676301
[19082020-144408 - 53 - SAVE]
Loss_Train: 0.14001152912775675
Loss_Val: 0.8844812498851256
ACC_Val: 0.7687861271676301
[19082020-144445 - 54]
Loss_Train: 0.15506887435913086
Loss_Val: 0.8855005191131071
ACC_Val: 0.7687861271676301
[19082020-144522 - 55]
Loss_Train: 0.14734030266602835
Loss_Val: 0.8859826922416687
ACC_Val: 0.7687861271676301
[19082020-144559 - 56]
Loss_Train: 0.1443505883216858
Loss_Val: 0.887048760598356
ACC_Val: 0.7687861271676301
[19082020-144636 - 57]
Loss_Train: 0.13234306375185648
Loss_Val: 0.8845642872832038
ACC_Val: 0.7687861271676301
[19082020-144713 - 58 - SAVE]
Loss_Train: 0.14591390391190848
Loss_Val: 0.8811632692813873
ACC_Val: 0.7745664739884393
[19082020-144751 - 59 - SAVE]
Loss_Train: 0.1357390582561493
Loss_Val: 0.8783912848342549
ACC_Val: 0.7745664739884393
[19082020-144828 - 60 - SAVE]
Loss_Train: 0.15482081472873688
Loss_Val: 0.8737473474307493
ACC_Val: 0.7803468208092486
[19082020-144906 - 61 - SAVE]
Loss_Train: 0.15122288465499878
Loss_Val: 0.8693574233488603
ACC_Val: 0.7745664739884393
[19082020-144943 - 62 - SAVE]
Loss_Train: 0.128820871313413
Loss_Val: 0.8656066032973203
ACC_Val: 0.7745664739884393
[19082020-145020 - 63 - SAVE]
Loss_Train: 0.14141308267911276
Loss_Val: 0.8617530085823752
ACC_Val: 0.7745664739884393
[19082020-145057 - 64 - SAVE]
Loss_Train: 0.14760408798853555
Loss_Val: 0.8578268248926509
ACC_Val: 0.7745664739884393
[19082020-145134 - 65 - SAVE]
Loss_Train: 0.14675148328145346
Loss_Val: 0.8570920811458067
ACC_Val: 0.7745664739884393
[19082020-145212 - 66 - SAVE]
Loss_Train: 0.11341432978709538
Loss_Val: 0.8545569303360853
ACC_Val: 0.7745664739884393
[19082020-145249 - 67 - SAVE]
Loss_Train: 0.13458160559336343
Loss_Val: 0.8531289236112074
ACC_Val: 0.7745664739884393
[19082020-145326 - 68 - SAVE]
Loss_Train: 0.14873751749595007
Loss_Val: 0.8513820347460833
ACC_Val: 0.7745664739884393
[19082020-145403 - 69 - SAVE]
Loss_Train: 0.13558442890644073
Loss_Val: 0.8485828800634905
ACC_Val: 0.7745664739884393
[19082020-145440 - 70 - SAVE]
Loss_Train: 0.1454047958056132
Loss_Val: 0.8470301208170977
ACC_Val: 0.7745664739884393
[19082020-145517 - 71 - SAVE]
Loss_Train: 0.14426590502262115
Loss_Val: 0.8441313559358771
ACC_Val: 0.7745664739884393
[19082020-145554 - 72 - SAVE]
Loss_Train: 0.14097253729899725
Loss_Val: 0.8423370163549077
ACC_Val: 0.7687861271676301
[19082020-145631 - 73 - SAVE]
Loss_Train: 0.12160185972849528
Loss_Val: 0.8406761166724291
ACC_Val: 0.7687861271676301
[19082020-145708 - 74 - SAVE]
Loss_Train: 0.13630721966425577
Loss_Val: 0.8389789665287192
ACC_Val: 0.7745664739884393
[19082020-145745 - 75 - SAVE]
Loss_Train: 0.13986479242642721
Loss_Val: 0.8367466073144566
ACC_Val: 0.7745664739884393
[19082020-145822 - 76 - SAVE]
Loss_Train: 0.14426524688800177
Loss_Val: 0.8334766572171991
ACC_Val: 0.7745664739884393
[19082020-145859 - 77 - SAVE]
Loss_Train: 0.13042394816875458
Loss_Val: 0.8313955000855706
ACC_Val: 0.7803468208092486
[19082020-145937 - 78 - SAVE]
Loss_Train: 0.1192155455549558
Loss_Val: 0.8281095664609562
ACC_Val: 0.7803468208092486
[19082020-150014 - 79 - SAVE]
Loss_Train: 0.12412926306327184
Loss_Val: 0.8257352289828387
ACC_Val: 0.7803468208092486
[19082020-150051 - 80 - SAVE]
Loss_Train: 0.12978496154149374
Loss_Val: 0.822493623603474
ACC_Val: 0.7803468208092486
[19082020-150128 - 81 - SAVE]
Loss_Train: 0.13982722163200378
Loss_Val: 0.819050744175911
ACC_Val: 0.7803468208092486
[19082020-150206 - 82 - SAVE]
Loss_Train: 0.12588613231976828
Loss_Val: 0.8174106681888754
ACC_Val: 0.7803468208092486
[19082020-150243 - 83 - SAVE]
Loss_Train: 0.13363694151242575
Loss_Val: 0.8148451271382245
ACC_Val: 0.7803468208092486
[19082020-150320 - 84 - SAVE]
Loss_Train: 0.1345152606566747
Loss_Val: 0.8116375295953318
ACC_Val: 0.7861271676300579
[19082020-150358 - 85 - SAVE]
Loss_Train: 0.128432626525561
Loss_Val: 0.8090438151901419
ACC_Val: 0.7861271676300579
[19082020-150435 - 86 - SAVE]
Loss_Train: 0.13446401804685593
Loss_Val: 0.8060383850877936
ACC_Val: 0.7861271676300579
[19082020-150513 - 87 - SAVE]
Loss_Train: 0.12809173266092935
Loss_Val: 0.8049119304526936
ACC_Val: 0.7861271676300579
[19082020-150550 - 88 - SAVE]
Loss_Train: 0.1345245068271955
Loss_Val: 0.8033703938126564
ACC_Val: 0.7861271676300579
[19082020-150628 - 89 - SAVE]
Loss_Train: 0.13031701743602753
Loss_Val: 0.8003822985020551
ACC_Val: 0.7861271676300579
[19082020-150704 - 90 - SAVE]
Loss_Train: 0.13003644347190857
Loss_Val: 0.7977862899953668
ACC_Val: 0.7861271676300579
[19082020-150742 - 91 - SAVE]
Loss_Train: 0.11366025110085805
Loss_Val: 0.795624468814243
ACC_Val: 0.791907514450867
[19082020-150819 - 92]
Loss_Train: 0.11526130139827728
Loss_Val: 0.7961082580414686
ACC_Val: 0.7861271676300579
[19082020-150855 - 93]
Loss_Train: 0.11993878831466039
Loss_Val: 0.7963027683171359
ACC_Val: 0.7861271676300579
[19082020-150933 - 94]
Loss_Train: 0.13419224321842194
Loss_Val: 0.7964988601478663
ACC_Val: 0.7861271676300579
[19082020-151010 - 95 - SAVE]
Loss_Train: 0.12175451964139938
Loss_Val: 0.7946663390506398
ACC_Val: 0.7861271676300579
[19082020-151048 - 96]
Loss_Train: 0.13179322332143784
Loss_Val: 0.7952049869028005
ACC_Val: 0.7861271676300579
[19082020-151125 - 97]
Loss_Train: 0.12268566340208054
Loss_Val: 0.7950556081804362
ACC_Val: 0.791907514450867
[19082020-151202 - 98 - SAVE]
Loss_Train: 0.1285777489344279
Loss_Val: 0.7941770492629572
ACC_Val: 0.791907514450867
[19082020-151240 - 99 - SAVE]
Loss_Train: 0.13555367290973663
Loss_Val: 0.7934207631783052
ACC_Val: 0.7976878612716763
[19082020-151317 - 100 - SAVE]
Loss_Train: 0.11652743071317673
Loss_Val: 0.7926169396801428
ACC_Val: 0.7976878612716763
[19082020-151354 - 101 - SAVE]
Loss_Train: 0.13047472139199576
Loss_Val: 0.791479308496822
ACC_Val: 0.7976878612716763
[19082020-151431 - 102 - SAVE]
Loss_Train: 0.1284623940785726
Loss_Val: 0.7903945676305077
ACC_Val: 0.7976878612716763
[19082020-151508 - 103 - SAVE]
Loss_Train: 0.11712023864189784
Loss_Val: 0.7888850210742517
ACC_Val: 0.7976878612716763
[19082020-151545 - 104 - SAVE]
Loss_Train: 0.14136252800623575
Loss_Val: 0.7873535332354632
ACC_Val: 0.7976878612716763
[19082020-151622 - 105 - SAVE]
Loss_Train: 0.13110557198524475
Loss_Val: 0.7872035970742052
ACC_Val: 0.8034682080924855
[19082020-151659 - 106 - SAVE]
Loss_Train: 0.1311341921488444
Loss_Val: 0.7860805554823442
ACC_Val: 0.8034682080924855
[19082020-151737 - 107 - SAVE]
Loss_Train: 0.12535109867652258
Loss_Val: 0.7849517186934297
ACC_Val: 0.8034682080924855
[19082020-151814 - 108 - SAVE]
Loss_Train: 0.12257501979668935
Loss_Val: 0.7836249714547937
ACC_Val: 0.8034682080924855
[19082020-151851 - 109 - SAVE]
Loss_Train: 0.12273678928613663
Loss_Val: 0.7819061130285263
ACC_Val: 0.8034682080924855
[19082020-151929 - 110 - SAVE]
Loss_Train: 0.1360183134675026
Loss_Val: 0.781820805912668
ACC_Val: 0.8034682080924855
[19082020-152006 - 111 - SAVE]
Loss_Train: 0.1357545107603073
Loss_Val: 0.780556739053943
ACC_Val: 0.8034682080924855
[19082020-152043 - 112 - SAVE]
Loss_Train: 0.12202615787585576
Loss_Val: 0.779789424078031
ACC_Val: 0.8034682080924855
[19082020-152120 - 113 - SAVE]
Loss_Train: 0.1311042159795761
Loss_Val: 0.7784253440120004
ACC_Val: 0.8034682080924855
[19082020-152157 - 114 - SAVE]
Loss_Train: 0.1229487011830012
Loss_Val: 0.7772777168588205
ACC_Val: 0.8034682080924855
[19082020-152235 - 115 - SAVE]
Loss_Train: 0.12360053261121114
Loss_Val: 0.7763925892385569
ACC_Val: 0.8034682080924855
[19082020-152312 - 116 - SAVE]
Loss_Train: 0.13607545445362726
Loss_Val: 0.7744694264097647
ACC_Val: 0.8034682080924855
[19082020-152349 - 117 - SAVE]
Loss_Train: 0.13082174708445868
Loss_Val: 0.773838381875645
ACC_Val: 0.8034682080924855
[19082020-152426 - 118 - SAVE]
Loss_Train: 0.12385184317827225
Loss_Val: 0.7737346921454776
ACC_Val: 0.8034682080924855
[19082020-152504 - 119 - SAVE]
Loss_Train: 0.1345443973938624
Loss_Val: 0.7723816639997743
ACC_Val: 0.8034682080924855
[19082020-152541 - 120 - SAVE]
Loss_Train: 0.12400765468676885
Loss_Val: 0.7716436060992155
ACC_Val: 0.8034682080924855
[19082020-152618 - 121 - SAVE]
Loss_Train: 0.1300978014866511
Loss_Val: 0.7715890576893633
ACC_Val: 0.8034682080924855
[19082020-152657 - 122 - SAVE]
Loss_Train: 0.1020259161790212
Loss_Val: 0.7713720486922697
ACC_Val: 0.8034682080924855
[19082020-152734 - 123 - SAVE]
Loss_Train: 0.12397138277689616
Loss_Val: 0.770482096482407
ACC_Val: 0.8034682080924855
[19082020-152811 - 124 - SAVE]
Loss_Train: 0.12496799230575562
Loss_Val: 0.7701436633413489
ACC_Val: 0.8034682080924855
[19082020-152848 - 125 - SAVE]
Loss_Train: 0.1393798664212227
Loss_Val: 0.7689549882303585
ACC_Val: 0.8092485549132948
[19082020-152926 - 126 - SAVE]
Loss_Train: 0.1452594002087911
Loss_Val: 0.7673963274468075
ACC_Val: 0.8092485549132948
[19082020-153003 - 127 - SAVE]
Loss_Train: 0.11472128083308537
Loss_Val: 0.7671946747736498
ACC_Val: 0.8034682080924855
[19082020-153040 - 128 - SAVE]
Loss_Train: 0.13044706732034683
Loss_Val: 0.7662366059693423
ACC_Val: 0.815028901734104
[19082020-153117 - 129 - SAVE]
Loss_Train: 0.14342998216549555
Loss_Val: 0.7654761705886234
ACC_Val: 0.8092485549132948
[19082020-153154 - 130 - SAVE]
Loss_Train: 0.12099162737528484
Loss_Val: 0.7650518417358398
ACC_Val: 0.815028901734104
[19082020-153231 - 131 - SAVE]
Loss_Train: 0.15012599527835846
Loss_Val: 0.7646279192783616
ACC_Val: 0.815028901734104
[19082020-153309 - 132 - SAVE]
Loss_Train: 0.13252185036738715
Loss_Val: 0.7624267183921554
ACC_Val: 0.815028901734104
[19082020-153346 - 133 - SAVE]
Loss_Train: 0.12591469287872314
Loss_Val: 0.7615177170796827
ACC_Val: 0.815028901734104
[19082020-153423 - 134 - SAVE]
Loss_Train: 0.13525915145874023
Loss_Val: 0.7608077661557631
ACC_Val: 0.8208092485549133
[19082020-153500 - 135 - SAVE]
Loss_Train: 0.13772678871949515
Loss_Val: 0.7603453824465926
ACC_Val: 0.815028901734104
[19082020-153537 - 136 - SAVE]
Loss_Train: 0.13789687057336172
Loss_Val: 0.7602151964198459
ACC_Val: 0.8208092485549133
[19082020-153614 - 137 - SAVE]
Loss_Train: 0.13389266779025397
Loss_Val: 0.7596621059558608
ACC_Val: 0.8208092485549133
[19082020-153652 - 138]
Loss_Train: 0.1477983221411705
Loss_Val: 0.7597107955000617
ACC_Val: 0.815028901734104
[19082020-153729 - 139 - SAVE]
Loss_Train: 0.13021398335695267
Loss_Val: 0.7592081813649698
ACC_Val: 0.8208092485549133
[19082020-153806 - 140 - SAVE]
Loss_Train: 0.12449315190315247
Loss_Val: 0.7587223290042444
ACC_Val: 0.8208092485549133
[19082020-153843 - 141 - SAVE]
Loss_Train: 0.13770893961191177
Loss_Val: 0.7581202828071334
ACC_Val: 0.8208092485549133
[19082020-153922 - 142 - SAVE]
Loss_Train: 0.12103497236967087
Loss_Val: 0.7575357800180261
ACC_Val: 0.8208092485549133
[19082020-153959 - 143]
Loss_Train: 0.13065061221520105
Loss_Val: 0.7575589946725152
ACC_Val: 0.8208092485549133
[19082020-154036 - 144 - SAVE]
Loss_Train: 0.11549862722555797
Loss_Val: 0.7571040920235894
ACC_Val: 0.8208092485549133
[19082020-154113 - 145 - SAVE]
Loss_Train: 0.13226976742347082
Loss_Val: 0.7568387240171432
ACC_Val: 0.8208092485549133
[19082020-154151 - 146 - SAVE]
Loss_Train: 0.12200288722912471
Loss_Val: 0.7556611103090373
ACC_Val: 0.8208092485549133
[19082020-154228 - 147]
Loss_Train: 0.12755989283323288
Loss_Val: 0.7560738467357375
ACC_Val: 0.8208092485549133
[19082020-154305 - 148 - SAVE]
Loss_Train: 0.1259166325132052
Loss_Val: 0.754949111152779
ACC_Val: 0.8208092485549133
[19082020-154342 - 149 - SAVE]
Loss_Train: 0.1352559526761373
Loss_Val: 0.7536861246282404
ACC_Val: 0.8208092485549133
[19082020-154420 - 150]
Loss_Train: 0.11723332603772481
Loss_Val: 0.7540989308194681
ACC_Val: 0.8208092485549133
[19082020-154457 - 151]
Loss_Train: 0.12544983873764673
Loss_Val: 0.7551510103724219
ACC_Val: 0.8208092485549133
[19082020-154534 - 152]
Loss_Train: 0.10790346811215083
Loss_Val: 0.7553246698596261
ACC_Val: 0.8208092485549133
[19082020-154611 - 153]
Loss_Train: 0.11516186098257701
Loss_Val: 0.7552256658673286
ACC_Val: 0.8208092485549133
[19082020-154648 - 154]
Loss_Train: 0.11845144877831142
Loss_Val: 0.7547794072465464
ACC_Val: 0.8208092485549133
[19082020-154725 - 155]
Loss_Train: 0.10709356268246968
Loss_Val: 0.7543122030117295
ACC_Val: 0.815028901734104
[19082020-154802 - 156]
Loss_Train: 0.11468037962913513
Loss_Val: 0.7540151124650781
ACC_Val: 0.8208092485549133
[19082020-154839 - 157]
Loss_Train: 0.11346018811066945
Loss_Val: 0.7541866498914632
ACC_Val: 0.8208092485549133
[19082020-154917 - 158 - SAVE]
Loss_Train: 0.1159066508213679
Loss_Val: 0.7528401538729668
ACC_Val: 0.8208092485549133
[19082020-154954 - 159]
Loss_Train: 0.1284114420413971
Loss_Val: 0.7529852844097398
ACC_Val: 0.8208092485549133
[19082020-155031 - 160 - SAVE]
Loss_Train: 0.1398087590932846
Loss_Val: 0.7528152723204006
ACC_Val: 0.8208092485549133
[19082020-155108 - 161]
Loss_Train: 0.1220734715461731
Loss_Val: 0.753113981675018
ACC_Val: 0.8208092485549133
[19082020-155146 - 162]
Loss_Train: 0.1293640856941541
Loss_Val: 0.7541630762544546
ACC_Val: 0.8208092485549133
[19082020-155223 - 163]
Loss_Train: 0.13512094567219415
Loss_Val: 0.7535054771737619
ACC_Val: 0.8208092485549133
[19082020-155300 - 164]
Loss_Train: 0.12632085382938385
Loss_Val: 0.7531594681468877
ACC_Val: 0.8208092485549133
[19082020-155337 - 165]
Loss_Train: 0.1221287523706754
Loss_Val: 0.7530715255574747
ACC_Val: 0.8208092485549133
[19082020-155414 - 166]
Loss_Train: 0.13129188617070517
Loss_Val: 0.7531581961295821
ACC_Val: 0.8208092485549133
[19082020-155451 - 167]
Loss_Train: 0.1353872368733088
Loss_Val: 0.7531578676267103
ACC_Val: 0.8208092485549133
[19082020-155529 - 168 - SAVE]
Loss_Train: 0.1442226121822993
Loss_Val: 0.7524609430269762
ACC_Val: 0.8208092485549133
[19082020-155606 - 169 - SAVE]
Loss_Train: 0.12144570052623749
Loss_Val: 0.7519600235603072
ACC_Val: 0.8208092485549133
[19082020-155643 - 170 - SAVE]
Loss_Train: 0.12586667140324911
Loss_Val: 0.7516122656789693
ACC_Val: 0.815028901734104
[19082020-155720 - 171 - SAVE]
Loss_Train: 0.12273987631003062
Loss_Val: 0.7503739730878309
ACC_Val: 0.8208092485549133
[19082020-155758 - 172 - SAVE]
Loss_Train: 0.1255429188410441
Loss_Val: 0.7501995130018755
ACC_Val: 0.8208092485549133
[19082020-155835 - 173]
Loss_Train: 0.13062973568836847
Loss_Val: 0.7504759556190534
ACC_Val: 0.815028901734104
[19082020-155912 - 174]
Loss_Train: 0.13107234984636307
Loss_Val: 0.7508782395585016
ACC_Val: 0.8208092485549133
[19082020-155949 - 175 - SAVE]
Loss_Train: 0.1199125126004219
Loss_Val: 0.749794065952301
ACC_Val: 0.815028901734104
[19082020-160026 - 176 - SAVE]
Loss_Train: 0.13469949116309485
Loss_Val: 0.7491920603947206
ACC_Val: 0.815028901734104
[19082020-160104 - 177 - SAVE]
Loss_Train: 0.12968271474043527
Loss_Val: 0.7486233846707777
ACC_Val: 0.815028901734104
[19082020-160141 - 178]
Loss_Train: 0.1344613010684649
Loss_Val: 0.7487826015461575
ACC_Val: 0.815028901734104
[19082020-160218 - 179 - SAVE]
Loss_Train: 0.11220828692118327
Loss_Val: 0.7483246048743074
ACC_Val: 0.8208092485549133
[19082020-160256 - 180]
Loss_Train: 0.12889286379019418
Loss_Val: 0.7486670051108707
ACC_Val: 0.815028901734104
[19082020-160333 - 181]
Loss_Train: 0.12721463541189829
Loss_Val: 0.7483534992418506
ACC_Val: 0.815028901734104
[19082020-160410 - 182]
Loss_Train: 0.12683039158582687
Loss_Val: 0.7495100349187851
ACC_Val: 0.815028901734104
[19082020-160447 - 183]
Loss_Train: 0.13150334358215332
Loss_Val: 0.7496776844967495
ACC_Val: 0.815028901734104
[19082020-160524 - 184]
Loss_Train: 0.12981649488210678
Loss_Val: 0.749684411693703
ACC_Val: 0.815028901734104
[19082020-160601 - 185]
Loss_Train: 0.13013105342785516
Loss_Val: 0.7504193003882061
ACC_Val: 0.815028901734104
[19082020-160638 - 186]
Loss_Train: 0.12475033601125081
Loss_Val: 0.7504583454944871
ACC_Val: 0.815028901734104
[19082020-160715 - 187]
Loss_Train: 0.14051029334465662
Loss_Val: 0.7508247332139448
ACC_Val: 0.815028901734104
[19082020-160752 - 188]
Loss_Train: 0.11486794799566269
Loss_Val: 0.7509924708442255
ACC_Val: 0.815028901734104
[19082020-160829 - 189]
Loss_Train: 0.14330579588810602
Loss_Val: 0.7502321614460512
ACC_Val: 0.8092485549132948
[19082020-160906 - 190]
Loss_Train: 0.13100565473238626
Loss_Val: 0.7497650479728525
ACC_Val: 0.8092485549132948
[19082020-160943 - 191]
Loss_Train: 0.12895075728495917
Loss_Val: 0.7502371021969751
ACC_Val: 0.8092485549132948
[19082020-161020 - 192]
Loss_Train: 0.1322700877984365
Loss_Val: 0.7493659776042808
ACC_Val: 0.8092485549132948
[19082020-161057 - 193]
Loss_Train: 0.13905824969212213
Loss_Val: 0.7497625205327164
ACC_Val: 0.8092485549132948
[19082020-161135 - 194]
Loss_Train: 0.12130177269379298
Loss_Val: 0.7496812302957881
ACC_Val: 0.8092485549132948
[19082020-161212 - 195]
Loss_Train: 0.13217773040135702
Loss_Val: 0.7487955702976747
ACC_Val: 0.815028901734104
[19082020-161249 - 196]
Loss_Train: 0.10512281209230423
Loss_Val: 0.7488279376517643
ACC_Val: 0.815028901734104
[19082020-161326 - 197]
Loss_Train: 0.11427140235900879
Loss_Val: 0.7484198801896789
ACC_Val: 0.8208092485549133
[19082020-161403 - 198]
Loss_Train: 0.12601406375567117
Loss_Val: 0.749126719480211
ACC_Val: 0.815028901734104
[19082020-161440 - 199]
Loss_Train: 0.12254761656125386
Loss_Val: 0.7487376606599851
ACC_Val: 0.815028901734104
[19082020-161517 - 200]
Loss_Train: 0.11963107188542683
Loss_Val: 0.7492954856292768
ACC_Val: 0.815028901734104
