[17082020-233817 - 1 - SAVE]
Loss_Train: 2.6664284070332847
Loss_Val: 2.5203049941496416
ACC_Val: 0.1676300578034682
[17082020-233855 - 2 - SAVE]
Loss_Train: 1.595204512278239
Loss_Val: 2.4100047837604177
ACC_Val: 0.21965317919075145
[17082020-233933 - 3 - SAVE]
Loss_Train: 1.0894193251927693
Loss_Val: 2.561271358620037
ACC_Val: 0.2774566473988439
[17082020-234010 - 4]
Loss_Train: 0.84470268090566
Loss_Val: 2.541682015765797
ACC_Val: 0.2658959537572254
[17082020-234048 - 5 - SAVE]
Loss_Train: 0.6693190733591715
Loss_Val: 2.443783987652172
ACC_Val: 0.31213872832369943
[17082020-234125 - 6 - SAVE]
Loss_Train: 0.5538262128829956
Loss_Val: 2.417994510043751
ACC_Val: 0.37572254335260113
[17082020-234203 - 7]
Loss_Train: 0.45279866456985474
Loss_Val: 2.370020530440591
ACC_Val: 0.34104046242774566
[17082020-234240 - 8]
Loss_Train: 0.3981463809808095
Loss_Val: 2.318365373394706
ACC_Val: 0.36416184971098264
[17082020-234317 - 9]
Loss_Train: 0.31494659185409546
Loss_Val: 2.3555586608973416
ACC_Val: 0.37572254335260113
[17082020-234354 - 10 - SAVE]
Loss_Train: 0.3247149586677551
Loss_Val: 2.199123366312547
ACC_Val: 0.41040462427745666
[17082020-234432 - 11 - SAVE]
Loss_Train: 0.2864876985549927
Loss_Val: 2.173112251541831
ACC_Val: 0.4508670520231214
[17082020-234510 - 12]
Loss_Train: 0.26291319727897644
Loss_Val: 2.20197656750679
ACC_Val: 0.4277456647398844
[17082020-234547 - 13]
Loss_Train: 0.21917882561683655
Loss_Val: 2.1893488846041937
ACC_Val: 0.44508670520231214
[17082020-234625 - 14]
Loss_Train: 0.18723927438259125
Loss_Val: 2.1214772219007667
ACC_Val: 0.4508670520231214
[17082020-234702 - 15 - SAVE]
Loss_Train: 0.2309591919183731
Loss_Val: 2.1290313357656654
ACC_Val: 0.4682080924855491
[17082020-234739 - 16 - SAVE]
Loss_Train: 0.18912114202976227
Loss_Val: 2.0769794908436863
ACC_Val: 0.4797687861271676
[17082020-234817 - 17 - SAVE]
Loss_Train: 0.203806201616923
Loss_Val: 2.0288773558356543
ACC_Val: 0.49710982658959535
[17082020-234854 - 18 - SAVE]
Loss_Train: 0.15812348822752634
Loss_Val: 2.071017935872078
ACC_Val: 0.5202312138728323
[17082020-234932 - 19 - SAVE]
Loss_Train: 0.18627198537190756
Loss_Val: 2.002338932319121
ACC_Val: 0.5375722543352601
[17082020-235009 - 20 - SAVE]
Loss_Train: 0.14924981445074081
Loss_Val: 1.8811475444923749
ACC_Val: 0.5549132947976878
[17082020-235046 - 21 - SAVE]
Loss_Train: 0.16279096901416779
Loss_Val: 1.7461937909776515
ACC_Val: 0.5780346820809249
[17082020-235124 - 22]
Loss_Train: 0.1762114316225052
Loss_Val: 1.7574866170232946
ACC_Val: 0.5722543352601156
[17082020-235202 - 23 - SAVE]
Loss_Train: 0.13058710346619287
Loss_Val: 1.7700690505179493
ACC_Val: 0.6011560693641619
[17082020-235239 - 24]
Loss_Train: 0.14350442588329315
Loss_Val: 1.735195211388848
ACC_Val: 0.5953757225433526
[17082020-235316 - 25 - SAVE]
Loss_Train: 0.10407872498035431
Loss_Val: 1.643674385818568
ACC_Val: 0.6184971098265896
[17082020-235353 - 26]
Loss_Train: 0.1107780784368515
Loss_Val: 1.6232330663637682
ACC_Val: 0.6069364161849711
[17082020-235430 - 27 - SAVE]
Loss_Train: 0.12269620349009831
Loss_Val: 1.598406584425406
ACC_Val: 0.6242774566473989
[17082020-235508 - 28]
Loss_Train: 0.14638844629128775
Loss_Val: 1.5784581086852334
ACC_Val: 0.6242774566473989
[17082020-235545 - 29]
Loss_Train: 0.11371367176373799
Loss_Val: 1.5225757577202537
ACC_Val: 0.6242774566473989
[17082020-235623 - 30 - SAVE]
Loss_Train: 0.11353930830955505
Loss_Val: 1.3946494446559385
ACC_Val: 0.6647398843930635
[17082020-235700 - 31 - SAVE]
Loss_Train: 0.09672449280818303
Loss_Val: 1.3071850050579419
ACC_Val: 0.7167630057803468
[17082020-235737 - 32 - SAVE]
Loss_Train: 0.10449790209531784
Loss_Val: 1.2925236536697908
ACC_Val: 0.7225433526011561
[17082020-235815 - 33]
Loss_Train: 0.10181030382712682
Loss_Val: 1.3052002516659824
ACC_Val: 0.7167630057803468
[17082020-235852 - 34]
Loss_Train: 0.11667389422655106
Loss_Val: 1.3512340242212468
ACC_Val: 0.7109826589595376
[17082020-235929 - 35]
Loss_Train: 0.11955215285221736
Loss_Val: 1.3459854058244012
ACC_Val: 0.7109826589595376
[18082020-000007 - 36 - SAVE]
Loss_Train: 0.12352209786574046
Loss_Val: 1.269671613519842
ACC_Val: 0.7283236994219653
[18082020-000045 - 37 - SAVE]
Loss_Train: 0.10192645092805226
Loss_Val: 1.2230796881697394
ACC_Val: 0.7341040462427746
[18082020-000122 - 38 - SAVE]
Loss_Train: 0.09653301288684209
Loss_Val: 1.215601777488535
ACC_Val: 0.7630057803468208
[18082020-000200 - 39]
Loss_Train: 0.10787107795476913
Loss_Val: 1.2665450356223367
ACC_Val: 0.7456647398843931
[18082020-000238 - 40]
Loss_Train: 0.1285618245601654
Loss_Val: 1.3074540468779476
ACC_Val: 0.7341040462427746
[18082020-000315 - 41]
Loss_Train: 0.09250348309675853
Loss_Val: 1.327316010540182
ACC_Val: 0.7456647398843931
[18082020-000352 - 42]
Loss_Train: 0.08622167259454727
Loss_Val: 1.3476918570019982
ACC_Val: 0.7456647398843931
[18082020-000431 - 43]
Loss_Train: 0.10446845491727193
Loss_Val: 1.3465570631352337
ACC_Val: 0.7630057803468208
[18082020-000510 - 44]
Loss_Train: 0.0906498556335767
Loss_Val: 1.3055790757591075
ACC_Val: 0.7630057803468208
[18082020-000550 - 45]
Loss_Train: 0.09241894880930583
Loss_Val: 1.2543718083338304
ACC_Val: 0.7630057803468208
[18082020-000629 - 46 - SAVE]
Loss_Train: 0.08350915461778641
Loss_Val: 1.2095133052630858
ACC_Val: 0.7687861271676301
[18082020-000707 - 47]
Loss_Train: 0.07721038659413655
Loss_Val: 1.1782832917841999
ACC_Val: 0.7687861271676301
[18082020-000746 - 48]
Loss_Train: 0.08395055929819743
Loss_Val: 1.154859865253622
ACC_Val: 0.7630057803468208
[18082020-000825 - 49]
Loss_Train: 0.07903458923101425
Loss_Val: 1.135606669566848
ACC_Val: 0.7687861271676301
[18082020-000904 - 50 - SAVE]
Loss_Train: 0.08816951016585033
Loss_Val: 1.1187065121802418
ACC_Val: 0.7803468208092486
[18082020-000943 - 51 - SAVE]
Loss_Train: 0.06640367706616719
Loss_Val: 1.1133009628816084
ACC_Val: 0.7861271676300579
[18082020-001021 - 52]
Loss_Train: 0.05775323882699013
Loss_Val: 1.1138878844001077
ACC_Val: 0.7803468208092486
[18082020-001100 - 53 - SAVE]
Loss_Train: 0.06566546360651652
Loss_Val: 1.109860905192115
ACC_Val: 0.791907514450867
[18082020-001139 - 54]
Loss_Train: 0.0782386027276516
Loss_Val: 1.108335023576563
ACC_Val: 0.791907514450867
[18082020-001217 - 55]
Loss_Train: 0.06535371765494347
Loss_Val: 1.1018174520947717
ACC_Val: 0.791907514450867
[18082020-001256 - 56]
Loss_Train: 0.0742017428080241
Loss_Val: 1.0906700911847027
ACC_Val: 0.791907514450867
[18082020-001335 - 57]
Loss_Train: 0.06037844096620878
Loss_Val: 1.0840502747080543
ACC_Val: 0.7861271676300579
[18082020-001413 - 58 - SAVE]
Loss_Train: 0.05249602595965067
Loss_Val: 1.0806444002823397
ACC_Val: 0.8034682080924855
[18082020-001453 - 59]
Loss_Train: 0.05522638062636057
Loss_Val: 1.0783439468253742
ACC_Val: 0.8034682080924855
[18082020-001531 - 60]
Loss_Train: 0.06612450381120046
Loss_Val: 1.0790778533978895
ACC_Val: 0.8034682080924855
[18082020-001610 - 61 - SAVE]
Loss_Train: 0.06653954833745956
Loss_Val: 1.0772104805166072
ACC_Val: 0.8092485549132948
[18082020-001648 - 62]
Loss_Train: 0.047121663888295494
Loss_Val: 1.0721537497910587
ACC_Val: 0.8092485549132948
[18082020-001727 - 63]
Loss_Train: 0.05969759076833725
Loss_Val: 1.0564500648867001
ACC_Val: 0.8092485549132948
[18082020-001805 - 64]
Loss_Train: 0.053100258111953735
Loss_Val: 1.0454814488237554
ACC_Val: 0.8092485549132948
[18082020-001845 - 65]
Loss_Train: 0.054994200666745506
Loss_Val: 1.0421951426701113
ACC_Val: 0.8092485549132948
[18082020-001923 - 66]
Loss_Train: 0.061790820211172104
Loss_Val: 1.038425121117722
ACC_Val: 0.8034682080924855
[18082020-002002 - 67]
Loss_Train: 0.06035164246956507
Loss_Val: 1.0349405069242825
ACC_Val: 0.7976878612716763
[18082020-002041 - 68]
Loss_Train: 0.06057099997997284
Loss_Val: 1.0301546786319127
ACC_Val: 0.7976878612716763
[18082020-002119 - 69]
Loss_Train: 0.04912836601336797
Loss_Val: 1.0268645571036772
ACC_Val: 0.7976878612716763
[18082020-002158 - 70]
Loss_Train: 0.05426303669810295
Loss_Val: 1.020449928262017
ACC_Val: 0.8034682080924855
[18082020-002237 - 71]
Loss_Train: 0.06798186774055164
Loss_Val: 1.0271885239265182
ACC_Val: 0.8034682080924855
[18082020-002316 - 72]
Loss_Train: 0.04468147084116936
Loss_Val: 1.028685100376606
ACC_Val: 0.8034682080924855
[18082020-002354 - 73]
Loss_Train: 0.06180476024746895
Loss_Val: 1.036474802277305
ACC_Val: 0.8034682080924855
[18082020-002433 - 74]
Loss_Train: 0.055986594408750534
Loss_Val: 1.0376174517653205
ACC_Val: 0.8034682080924855
[18082020-002512 - 75]
Loss_Train: 0.045420464128255844
Loss_Val: 1.0356101542711258
ACC_Val: 0.8034682080924855
[18082020-002551 - 76]
Loss_Train: 0.049583143244187035
Loss_Val: 1.030570882965218
ACC_Val: 0.8034682080924855
[18082020-002630 - 77]
Loss_Train: 0.06091364845633507
Loss_Val: 1.0244320387190038
ACC_Val: 0.8092485549132948
[18082020-002708 - 78 - SAVE]
Loss_Train: 0.05608982716997465
Loss_Val: 1.017742789604447
ACC_Val: 0.815028901734104
[18082020-002747 - 79]
Loss_Train: 0.052110434820254646
Loss_Val: 1.0121723968874325
ACC_Val: 0.8092485549132948
[18082020-002826 - 80]
Loss_Train: 0.056067862858374916
Loss_Val: 1.0063707693056627
ACC_Val: 0.8092485549132948
[18082020-002906 - 81]
Loss_Train: 0.0553919884065787
Loss_Val: 1.0000694739547642
ACC_Val: 0.8092485549132948
[18082020-002945 - 82]
Loss_Train: 0.03972441330552101
Loss_Val: 0.9952695979313417
ACC_Val: 0.8092485549132948
[18082020-003024 - 83]
Loss_Train: 0.05550903081893921
Loss_Val: 0.9897389235821638
ACC_Val: 0.815028901734104
[18082020-003103 - 84]
Loss_Train: 0.04956395675738653
Loss_Val: 0.9842659174041315
ACC_Val: 0.815028901734104
[18082020-003142 - 85]
Loss_Train: 0.046563989172379174
Loss_Val: 0.980014175853946
ACC_Val: 0.815028901734104
[18082020-003220 - 86]
Loss_Train: 0.047754048059384026
Loss_Val: 0.9763805608857762
ACC_Val: 0.815028901734104
[18082020-003259 - 87 - SAVE]
Loss_Train: 0.04059944053490957
Loss_Val: 0.9725539088249207
ACC_Val: 0.8208092485549133
[18082020-003338 - 88]
Loss_Train: 0.04227694248159727
Loss_Val: 0.9680600355971943
ACC_Val: 0.8208092485549133
[18082020-003418 - 89 - SAVE]
Loss_Train: 0.04563334211707115
Loss_Val: 0.9642858396876942
ACC_Val: 0.8265895953757225
[18082020-003457 - 90 - SAVE]
Loss_Train: 0.06938709070285161
Loss_Val: 0.962094975466078
ACC_Val: 0.8323699421965318
[18082020-003536 - 91]
Loss_Train: 0.05576221023996671
Loss_Val: 0.9595852734690363
ACC_Val: 0.8323699421965318
[18082020-003615 - 92]
Loss_Train: 0.04388084510962168
Loss_Val: 0.9569859210063111
ACC_Val: 0.8323699421965318
[18082020-003654 - 93]
Loss_Train: 0.04441108678778013
Loss_Val: 0.9541394757953557
ACC_Val: 0.8323699421965318
[18082020-003734 - 94]
Loss_Train: 0.049421084423859916
Loss_Val: 0.9516662508249283
ACC_Val: 0.8323699421965318
[18082020-003812 - 95]
Loss_Train: 0.049775453905264534
Loss_Val: 0.9496183642609552
ACC_Val: 0.8323699421965318
[18082020-003851 - 96]
Loss_Train: 0.06268333519498508
Loss_Val: 0.9473009048537775
ACC_Val: 0.8323699421965318
[18082020-003930 - 97]
Loss_Train: 0.037687728802363075
Loss_Val: 0.9440641989084807
ACC_Val: 0.8323699421965318
[18082020-004009 - 98]
Loss_Train: 0.060880846033493675
Loss_Val: 0.9407107904553413
ACC_Val: 0.8323699421965318
[18082020-004047 - 99]
Loss_Train: 0.060666274279356
Loss_Val: 0.9369311298836361
ACC_Val: 0.8265895953757225
[18082020-004126 - 100]
Loss_Train: 0.0403980469952027
Loss_Val: 0.9327466738494959
ACC_Val: 0.8323699421965318
[18082020-004205 - 101]
Loss_Train: 0.04256176948547363
Loss_Val: 0.9296866211701523
ACC_Val: 0.8323699421965318
[18082020-004243 - 102]
Loss_Train: 0.036057682087024055
Loss_Val: 0.9281407757238909
ACC_Val: 0.8323699421965318
[18082020-004322 - 103]
Loss_Train: 0.05322409669558207
Loss_Val: 0.926609213209965
ACC_Val: 0.8323699421965318
[18082020-004401 - 104]
Loss_Train: 0.07163963839411736
Loss_Val: 0.9249043451114134
ACC_Val: 0.8323699421965318
[18082020-004440 - 105]
Loss_Train: 0.06370068341493607
Loss_Val: 0.9232703457501802
ACC_Val: 0.8265895953757225
[18082020-004518 - 106]
Loss_Train: 0.038978864128390946
Loss_Val: 0.9218781964684074
ACC_Val: 0.8265895953757225
[18082020-004557 - 107]
Loss_Train: 0.050734238078196846
Loss_Val: 0.920443597165021
ACC_Val: 0.8265895953757225
[18082020-004635 - 108]
Loss_Train: 0.0385098730524381
Loss_Val: 0.9189563363113187
ACC_Val: 0.8265895953757225
[18082020-004714 - 109]
Loss_Train: 0.05058478315671285
Loss_Val: 0.9176145336506042
ACC_Val: 0.8265895953757225
[18082020-004753 - 110]
Loss_Train: 0.04258724177877108
Loss_Val: 0.9162486417388375
ACC_Val: 0.8265895953757225
[18082020-004832 - 111]
Loss_Train: 0.042899273335933685
Loss_Val: 0.9148175039074637
ACC_Val: 0.8265895953757225
[18082020-004910 - 112]
Loss_Train: 0.04204431859155496
Loss_Val: 0.9136196388439699
ACC_Val: 0.8265895953757225
[18082020-004949 - 113]
Loss_Train: 0.046249035745859146
Loss_Val: 0.9123528374528344
ACC_Val: 0.8265895953757225
[18082020-005028 - 114]
Loss_Train: 0.04975460718075434
Loss_Val: 0.9111720103431832
ACC_Val: 0.8265895953757225
[18082020-005106 - 115]
Loss_Train: 0.04350252946217855
Loss_Val: 0.910139482637698
ACC_Val: 0.8265895953757225
