[27082020-114930 - 1 - SAVE]
Loss_Train: 2.9534884691238403
Loss_Val: 2.492929220199585
ACC_Val: 0.21428571428571427
[27082020-114930 - 2 - SAVE]
Loss_Train: 2.3745978474617004
Loss_Val: 2.1705077489217124
ACC_Val: 0.35714285714285715
[27082020-114931 - 3 - SAVE]
Loss_Train: 2.1826196908950806
Loss_Val: 1.9169307947158813
ACC_Val: 0.4166666666666667
[27082020-114931 - 4 - SAVE]
Loss_Train: 1.9505910873413086
Loss_Val: 1.7681383689244587
ACC_Val: 0.4642857142857143
[27082020-114932 - 5 - SAVE]
Loss_Train: 1.920721024274826
Loss_Val: 1.4949479897816975
ACC_Val: 0.5119047619047619
[27082020-114933 - 6 - SAVE]
Loss_Train: 1.6419223546981812
Loss_Val: 1.3808071215947468
ACC_Val: 0.5714285714285714
[27082020-114933 - 7 - SAVE]
Loss_Train: 2.0681052803993225
Loss_Val: 1.3574912945429485
ACC_Val: 0.5952380952380952
[27082020-114934 - 8 - SAVE]
Loss_Train: 1.3091227412223816
Loss_Val: 1.3472576936086018
ACC_Val: 0.5357142857142857
[27082020-114934 - 9 - SAVE]
Loss_Train: 1.7123380899429321
Loss_Val: 1.3130903244018555
ACC_Val: 0.5238095238095238
[27082020-114935 - 10 - SAVE]
Loss_Train: 1.6197321116924286
Loss_Val: 1.3408355712890625
ACC_Val: 0.6190476190476191
[27082020-114936 - 11 - SAVE]
Loss_Train: 1.4838086664676666
Loss_Val: 1.2194389899571736
ACC_Val: 0.5952380952380952
[27082020-114936 - 12 - SAVE]
Loss_Train: 1.5589454472064972
Loss_Val: 1.1777042150497437
ACC_Val: 0.6190476190476191
[27082020-114937 - 13 - SAVE]
Loss_Train: 1.5067935585975647
Loss_Val: 1.1415389776229858
ACC_Val: 0.6666666666666666
[27082020-114938 - 14]
Loss_Train: 1.1007820069789886
Loss_Val: 1.1623560984929402
ACC_Val: 0.6071428571428571
[27082020-114938 - 15]
Loss_Train: 1.3266536593437195
Loss_Val: 1.1668229500452678
ACC_Val: 0.5714285714285714
[27082020-114939 - 16]
Loss_Train: 1.1582480370998383
Loss_Val: 1.208294153213501
ACC_Val: 0.5833333333333334
[27082020-114939 - 17]
Loss_Train: 1.4477858543395996
Loss_Val: 1.196092128753662
ACC_Val: 0.5714285714285714
[27082020-114940 - 18]
Loss_Train: 1.350743144750595
Loss_Val: 1.1743984619776409
ACC_Val: 0.5833333333333334
[27082020-114940 - 19]
Loss_Train: 1.2862973511219025
Loss_Val: 1.1473406155904133
ACC_Val: 0.5833333333333334
[27082020-114941 - 20]
Loss_Train: 1.0695235431194305
Loss_Val: 1.1478198766708374
ACC_Val: 0.6190476190476191
[27082020-114941 - 21 - SAVE]
Loss_Train: 1.1705061495304108
Loss_Val: 1.1385539372762044
ACC_Val: 0.5952380952380952
[27082020-114942 - 22]
Loss_Train: 1.5841661244630814
Loss_Val: 1.1550618410110474
ACC_Val: 0.5833333333333334
[27082020-114942 - 23 - SAVE]
Loss_Train: 1.0056478828191757
Loss_Val: 1.1209084192911785
ACC_Val: 0.6190476190476191
[27082020-114943 - 24 - SAVE]
Loss_Train: 1.1623971164226532
Loss_Val: 1.1197423537572224
ACC_Val: 0.6309523809523809
[27082020-114943 - 25]
Loss_Train: 0.9755913019180298
Loss_Val: 1.1245934168497722
ACC_Val: 0.5952380952380952
[27082020-114944 - 26]
Loss_Train: 1.0072520226240158
Loss_Val: 1.1233678658803303
ACC_Val: 0.5714285714285714
[27082020-114944 - 27]
Loss_Train: 1.275838553905487
Loss_Val: 1.1203227837880452
ACC_Val: 0.6071428571428571
[27082020-114945 - 28]
Loss_Train: 1.307987704873085
Loss_Val: 1.132024089495341
ACC_Val: 0.6190476190476191
[27082020-114945 - 29 - SAVE]
Loss_Train: 0.9732353687286377
Loss_Val: 1.1145435174306233
ACC_Val: 0.6309523809523809
[27082020-114946 - 30]
Loss_Train: 1.1429275274276733
Loss_Val: 1.1145522594451904
ACC_Val: 0.6190476190476191
[27082020-114946 - 31]
Loss_Train: 1.3261146694421768
Loss_Val: 1.1242583592732747
ACC_Val: 0.6071428571428571
[27082020-114947 - 32 - SAVE]
Loss_Train: 1.1770595014095306
Loss_Val: 1.10220734278361
ACC_Val: 0.6190476190476191
[27082020-114947 - 33]
Loss_Train: 0.8330342620611191
Loss_Val: 1.1128339370091755
ACC_Val: 0.5714285714285714
[27082020-114948 - 34]
Loss_Train: 1.0382531583309174
Loss_Val: 1.1070464452107747
ACC_Val: 0.6071428571428571
[27082020-114949 - 35 - SAVE]
Loss_Train: 1.222856491804123
Loss_Val: 1.0781176884969075
ACC_Val: 0.6190476190476191
[27082020-114950 - 36]
Loss_Train: 0.8987300395965576
Loss_Val: 1.1075435082117717
ACC_Val: 0.6666666666666666
[27082020-114951 - 37]
Loss_Train: 1.0502679198980331
Loss_Val: 1.0920077164967854
ACC_Val: 0.6309523809523809
[27082020-114952 - 38]
Loss_Train: 1.055663451552391
Loss_Val: 1.09112548828125
ACC_Val: 0.6666666666666666
[27082020-114952 - 39]
Loss_Train: 1.1101979315280914
Loss_Val: 1.0830211639404297
ACC_Val: 0.6071428571428571
[27082020-114952 - 40]
Loss_Train: 1.1458791196346283
Loss_Val: 1.0889597336451213
ACC_Val: 0.6071428571428571
[27082020-114953 - 41]
Loss_Train: 1.0223805159330368
Loss_Val: 1.086091677347819
ACC_Val: 0.6071428571428571
[27082020-114953 - 42]
Loss_Train: 1.7401670813560486
Loss_Val: 1.0888131062189739
ACC_Val: 0.6190476190476191
[27082020-114954 - 43]
Loss_Train: 0.9144044667482376
Loss_Val: 1.0970083077748616
ACC_Val: 0.6190476190476191
[27082020-114954 - 44]
Loss_Train: 1.424851804971695
Loss_Val: 1.0891667604446411
ACC_Val: 0.6071428571428571
[27082020-114955 - 45]
Loss_Train: 0.928957998752594
Loss_Val: 1.0872929096221924
ACC_Val: 0.6190476190476191
[27082020-114956 - 46]
Loss_Train: 1.4871897548437119
Loss_Val: 1.0990366538365681
ACC_Val: 0.6071428571428571
[27082020-114956 - 47]
Loss_Train: 1.3160197883844376
Loss_Val: 1.1097339789072673
ACC_Val: 0.6071428571428571
[27082020-114957 - 48]
Loss_Train: 1.4218925684690475
Loss_Val: 1.0920421679814656
ACC_Val: 0.6309523809523809
[27082020-114957 - 49]
Loss_Train: 1.0249155908823013
Loss_Val: 1.0973937511444092
ACC_Val: 0.6190476190476191
[27082020-114958 - 50]
Loss_Train: 1.0178249925374985
Loss_Val: 1.092409650484721
ACC_Val: 0.5952380952380952
[27082020-114959 - 51]
Loss_Train: 1.147214025259018
Loss_Val: 1.097861925760905
ACC_Val: 0.6547619047619048
[27082020-114959 - 52]
Loss_Train: 1.1549437195062637
Loss_Val: 1.101422627766927
ACC_Val: 0.6547619047619048
[27082020-115000 - 53]
Loss_Train: 1.0421393066644669
Loss_Val: 1.0985241333643596
ACC_Val: 0.6309523809523809
[27082020-115000 - 54]
Loss_Train: 1.080818235874176
Loss_Val: 1.0946640968322754
ACC_Val: 0.6428571428571429
[27082020-115001 - 55]
Loss_Train: 0.9219117313623428
Loss_Val: 1.0799223184585571
ACC_Val: 0.5952380952380952
[27082020-115002 - 56]
Loss_Train: 1.243071362376213
Loss_Val: 1.0822932322820027
ACC_Val: 0.6190476190476191
[27082020-115002 - 57]
Loss_Train: 0.9985990971326828
Loss_Val: 1.0863199631373088
ACC_Val: 0.6190476190476191
[27082020-115003 - 58 - SAVE]
Loss_Train: 1.2879594564437866
Loss_Val: 1.0759697357813518
ACC_Val: 0.6190476190476191
[27082020-115003 - 59]
Loss_Train: 1.22538660466671
Loss_Val: 1.0837404330571492
ACC_Val: 0.6309523809523809
[27082020-115004 - 60]
Loss_Train: 1.379423126578331
Loss_Val: 1.0825673341751099
ACC_Val: 0.6428571428571429
[27082020-115004 - 61 - SAVE]
Loss_Train: 0.844985768198967
Loss_Val: 1.0618385076522827
ACC_Val: 0.6190476190476191
[27082020-115005 - 62 - SAVE]
Loss_Train: 1.2547509670257568
Loss_Val: 1.0583229462305705
ACC_Val: 0.6190476190476191
[27082020-115005 - 63]
Loss_Train: 0.94566610455513
Loss_Val: 1.0862335364023845
ACC_Val: 0.6428571428571429
[27082020-115006 - 64]
Loss_Train: 0.963837280869484
Loss_Val: 1.0780171553293865
ACC_Val: 0.6428571428571429
[27082020-115006 - 65]
Loss_Train: 1.1841078847646713
Loss_Val: 1.0708555380503337
ACC_Val: 0.6309523809523809
[27082020-115007 - 66]
Loss_Train: 0.9463545829057693
Loss_Val: 1.0760389566421509
ACC_Val: 0.6428571428571429
[27082020-115007 - 67]
Loss_Train: 0.8789868354797363
Loss_Val: 1.0744337638219197
ACC_Val: 0.6190476190476191
[27082020-115008 - 68]
Loss_Train: 1.2110535800457
Loss_Val: 1.104001482327779
ACC_Val: 0.6190476190476191
[27082020-115008 - 69]
Loss_Train: 1.2392166554927826
Loss_Val: 1.1088584264119465
ACC_Val: 0.6547619047619048
[27082020-115008 - 70 - SAVE]
Loss_Train: 0.9640822410583496
Loss_Val: 1.0810948212941487
ACC_Val: 0.6904761904761905
[27082020-115009 - 71]
Loss_Train: 0.9865661561489105
Loss_Val: 1.0870789289474487
ACC_Val: 0.6666666666666666
[27082020-115009 - 72]
Loss_Train: 1.2890302240848541
Loss_Val: 1.0674786567687988
ACC_Val: 0.6785714285714286
[27082020-115010 - 73]
Loss_Train: 0.7898686826229095
Loss_Val: 1.0891685088475545
ACC_Val: 0.6428571428571429
[27082020-115010 - 74]
Loss_Train: 0.9089107364416122
Loss_Val: 1.0931700468063354
ACC_Val: 0.6547619047619048
[27082020-115011 - 75]
Loss_Train: 1.053667813539505
Loss_Val: 1.0892425775527954
ACC_Val: 0.6190476190476191
[27082020-115011 - 76]
Loss_Train: 1.2816640585660934
Loss_Val: 1.0822820663452148
ACC_Val: 0.6547619047619048
[27082020-115012 - 77]
Loss_Train: 0.9398468285799026
Loss_Val: 1.0936214923858643
ACC_Val: 0.6309523809523809
[27082020-115013 - 78]
Loss_Train: 1.027370110154152
Loss_Val: 1.0820510784784954
ACC_Val: 0.6428571428571429
[27082020-115013 - 79]
Loss_Train: 1.4062826186418533
Loss_Val: 1.079938292503357
ACC_Val: 0.6309523809523809
[27082020-115014 - 80]
Loss_Train: 1.2881306260824203
Loss_Val: 1.0819247563680012
ACC_Val: 0.6428571428571429
[27082020-115015 - 81]
Loss_Train: 0.9657515436410904
Loss_Val: 1.0934297641118367
ACC_Val: 0.6309523809523809
[27082020-115015 - 82]
Loss_Train: 1.144253820180893
Loss_Val: 1.1010845104853313
ACC_Val: 0.6428571428571429
[27082020-115015 - 83]
Loss_Train: 1.2331057339906693
Loss_Val: 1.0754348834355671
ACC_Val: 0.6428571428571429
[27082020-115016 - 84]
Loss_Train: 1.0685873925685883
Loss_Val: 1.084011395772298
ACC_Val: 0.6309523809523809
[27082020-115016 - 85]
Loss_Train: 1.1514721363782883
Loss_Val: 1.0608103672663372
ACC_Val: 0.6428571428571429
[27082020-115017 - 86]
Loss_Train: 1.2856214791536331
Loss_Val: 1.0857797463734944
ACC_Val: 0.6547619047619048
[27082020-115017 - 87]
Loss_Train: 0.9210255593061447
Loss_Val: 1.0950793027877808
ACC_Val: 0.6666666666666666
[27082020-115018 - 88]
Loss_Train: 0.9959945380687714
Loss_Val: 1.1050434907277424
ACC_Val: 0.6428571428571429
[27082020-115018 - 89]
Loss_Train: 1.2363873422145844
Loss_Val: 1.067448616027832
ACC_Val: 0.6547619047619048
[27082020-115019 - 90]
Loss_Train: 1.15061654150486
Loss_Val: 1.0935381650924683
ACC_Val: 0.6904761904761905
[27082020-115019 - 91]
Loss_Train: 0.9332109689712524
Loss_Val: 1.0748357772827148
ACC_Val: 0.6666666666666666
[27082020-115020 - 92]
Loss_Train: 0.9229367673397064
Loss_Val: 1.0629665454228718
ACC_Val: 0.6785714285714286
[27082020-115021 - 93]
Loss_Train: 1.5507113188505173
Loss_Val: 1.0708033243815105
ACC_Val: 0.6904761904761905
[27082020-115021 - 94]
Loss_Train: 1.1637959629297256
Loss_Val: 1.103609840075175
ACC_Val: 0.6666666666666666
[27082020-115022 - 95]
Loss_Train: 0.8771985173225403
Loss_Val: 1.0798956950505574
ACC_Val: 0.6428571428571429
