[27082020-115349 - 1 - SAVE]
Loss_Train: 2.9385510683059692
Loss_Val: 2.5213077863057456
ACC_Val: 0.25
[27082020-115349 - 2 - SAVE]
Loss_Train: 2.274370491504669
Loss_Val: 2.1492138703664145
ACC_Val: 0.2857142857142857
[27082020-115350 - 3 - SAVE]
Loss_Train: 2.0527857840061188
Loss_Val: 1.9563417832056682
ACC_Val: 0.2619047619047619
[27082020-115351 - 4 - SAVE]
Loss_Train: 1.9161414206027985
Loss_Val: 1.8358423312505086
ACC_Val: 0.34523809523809523
[27082020-115351 - 5 - SAVE]
Loss_Train: 1.89178067445755
Loss_Val: 1.7313856681187947
ACC_Val: 0.34523809523809523
[27082020-115352 - 6 - SAVE]
Loss_Train: 1.6310874819755554
Loss_Val: 1.6521946986516316
ACC_Val: 0.38095238095238093
[27082020-115353 - 7 - SAVE]
Loss_Train: 1.6555932760238647
Loss_Val: 1.5642906427383423
ACC_Val: 0.42857142857142855
[27082020-115353 - 8 - SAVE]
Loss_Train: 1.61441570520401
Loss_Val: 1.5209436019261677
ACC_Val: 0.5476190476190477
[27082020-115354 - 9 - SAVE]
Loss_Train: 1.4881995022296906
Loss_Val: 1.4191542466481526
ACC_Val: 0.5595238095238095
[27082020-115354 - 10 - SAVE]
Loss_Train: 1.4581196308135986
Loss_Val: 1.3988587061564128
ACC_Val: 0.5476190476190477
[27082020-115355 - 11 - SAVE]
Loss_Train: 1.1822071373462677
Loss_Val: 1.3975392977396648
ACC_Val: 0.5119047619047619
[27082020-115355 - 12]
Loss_Train: 1.3373307287693024
Loss_Val: 1.4619429508845012
ACC_Val: 0.5119047619047619
[27082020-115356 - 13]
Loss_Train: 1.3326277881860733
Loss_Val: 1.4350123405456543
ACC_Val: 0.5357142857142857
[27082020-115356 - 14 - SAVE]
Loss_Train: 1.1595388352870941
Loss_Val: 1.3537920713424683
ACC_Val: 0.5476190476190477
[27082020-115357 - 15 - SAVE]
Loss_Train: 1.4568514227867126
Loss_Val: 1.3123036623001099
ACC_Val: 0.5476190476190477
[27082020-115357 - 16 - SAVE]
Loss_Train: 1.0353603661060333
Loss_Val: 1.3095946311950684
ACC_Val: 0.5595238095238095
[27082020-115358 - 17 - SAVE]
Loss_Train: 1.668824851512909
Loss_Val: 1.2419453064600627
ACC_Val: 0.5476190476190477
[27082020-115359 - 18]
Loss_Train: 1.0336544215679169
Loss_Val: 1.2827192147572835
ACC_Val: 0.5357142857142857
[27082020-115359 - 19]
Loss_Train: 1.2052436769008636
Loss_Val: 1.3299233516057332
ACC_Val: 0.5238095238095238
[27082020-115400 - 20 - SAVE]
Loss_Train: 1.380045011639595
Loss_Val: 1.422735571861267
ACC_Val: 0.5952380952380952
[27082020-115401 - 21]
Loss_Train: 1.1844003647565842
Loss_Val: 1.4348733027776082
ACC_Val: 0.5119047619047619
[27082020-115402 - 22]
Loss_Train: 1.3774819672107697
Loss_Val: 1.4665470918019612
ACC_Val: 0.5119047619047619
[27082020-115402 - 23]
Loss_Train: 1.0456374287605286
Loss_Val: 1.3826515674591064
ACC_Val: 0.5119047619047619
[27082020-115403 - 24]
Loss_Train: 1.1801887601613998
Loss_Val: 1.3911803166071575
ACC_Val: 0.5238095238095238
[27082020-115403 - 25]
Loss_Train: 1.0516486912965775
Loss_Val: 1.4163429339726765
ACC_Val: 0.4642857142857143
[27082020-115404 - 26]
Loss_Train: 1.2144253998994827
Loss_Val: 1.3959324757258098
ACC_Val: 0.5
[27082020-115405 - 27]
Loss_Train: 1.0326162576675415
Loss_Val: 1.3929858605066936
ACC_Val: 0.5119047619047619
[27082020-115405 - 28]
Loss_Train: 1.2668446749448776
Loss_Val: 1.4127625226974487
ACC_Val: 0.5119047619047619
[27082020-115406 - 29]
Loss_Train: 0.8772135078907013
Loss_Val: 1.45830500125885
ACC_Val: 0.4880952380952381
[27082020-115407 - 30]
Loss_Train: 1.1529975682497025
Loss_Val: 1.4565376440684001
ACC_Val: 0.4880952380952381
[27082020-115407 - 31]
Loss_Train: 1.1744093149900436
Loss_Val: 1.3839263916015625
ACC_Val: 0.5357142857142857
[27082020-115408 - 32]
Loss_Train: 1.1095726191997528
Loss_Val: 1.3739981253941853
ACC_Val: 0.5238095238095238
[27082020-115408 - 33]
Loss_Train: 1.4061637222766876
Loss_Val: 1.3510537544886272
ACC_Val: 0.47619047619047616
[27082020-115409 - 34]
Loss_Train: 1.036981999874115
Loss_Val: 1.346225380897522
ACC_Val: 0.5357142857142857
[27082020-115409 - 35]
Loss_Train: 0.9544309824705124
Loss_Val: 1.3402591149012248
ACC_Val: 0.5238095238095238
[27082020-115409 - 36]
Loss_Train: 1.4039485305547714
Loss_Val: 1.3550646702448528
ACC_Val: 0.5357142857142857
[27082020-115410 - 37]
Loss_Train: 0.9940968453884125
Loss_Val: 1.3908790747324626
ACC_Val: 0.5238095238095238
[27082020-115410 - 38]
Loss_Train: 1.1198151856660843
Loss_Val: 1.4015626112620037
ACC_Val: 0.5238095238095238
[27082020-115411 - 39]
Loss_Train: 0.9919698685407639
Loss_Val: 1.3759806156158447
ACC_Val: 0.4880952380952381
[27082020-115411 - 40]
Loss_Train: 0.9996792078018188
Loss_Val: 1.391507347424825
ACC_Val: 0.47619047619047616
[27082020-115412 - 41]
Loss_Train: 1.0262962579727173
Loss_Val: 1.3667163848876953
ACC_Val: 0.5
[27082020-115413 - 42]
Loss_Train: 1.0791189670562744
Loss_Val: 1.3177271286646526
ACC_Val: 0.5357142857142857
[27082020-115413 - 43]
Loss_Train: 0.7515888065099716
Loss_Val: 1.3505781888961792
ACC_Val: 0.5476190476190477
[27082020-115414 - 44]
Loss_Train: 0.9318595677614212
Loss_Val: 1.3256651957829793
ACC_Val: 0.5595238095238095
[27082020-115415 - 45]
Loss_Train: 1.3257828205823898
Loss_Val: 1.3467029730478923
ACC_Val: 0.5238095238095238
