[27082020-114833 - 1 - SAVE]
Loss_Train: 2.9219127893447876
Loss_Val: 2.398186365763346
ACC_Val: 0.3333333333333333
[27082020-114833 - 2 - SAVE]
Loss_Train: 2.2039692103862762
Loss_Val: 2.011644124984741
ACC_Val: 0.30952380952380953
[27082020-114834 - 3 - SAVE]
Loss_Train: 1.9657111167907715
Loss_Val: 1.8253804842631023
ACC_Val: 0.40476190476190477
[27082020-114834 - 4 - SAVE]
Loss_Train: 1.872331589460373
Loss_Val: 1.6211173137029011
ACC_Val: 0.4166666666666667
[27082020-114835 - 5 - SAVE]
Loss_Train: 1.6164459884166718
Loss_Val: 1.4219908316930134
ACC_Val: 0.5
[27082020-114836 - 6 - SAVE]
Loss_Train: 1.685879796743393
Loss_Val: 1.3093653519948323
ACC_Val: 0.5476190476190477
[27082020-114836 - 7 - SAVE]
Loss_Train: 1.4900436401367188
Loss_Val: 1.2287610371907551
ACC_Val: 0.6071428571428571
[27082020-114837 - 8 - SAVE]
Loss_Train: 1.5186453759670258
Loss_Val: 1.2149479786554973
ACC_Val: 0.5833333333333334
[27082020-114838 - 9 - SAVE]
Loss_Train: 1.316613495349884
Loss_Val: 1.1468863487243652
ACC_Val: 0.5833333333333334
[27082020-114838 - 10]
Loss_Train: 1.6657103896141052
Loss_Val: 1.148170272509257
ACC_Val: 0.5595238095238095
[27082020-114839 - 11]
Loss_Train: 1.4316218793392181
Loss_Val: 1.188694993654887
ACC_Val: 0.5714285714285714
[27082020-114839 - 12]
Loss_Train: 1.0819031447172165
Loss_Val: 1.157729705174764
ACC_Val: 0.6071428571428571
[27082020-114840 - 13 - SAVE]
Loss_Train: 1.1014478951692581
Loss_Val: 1.1143064896265666
ACC_Val: 0.6785714285714286
[27082020-114840 - 14 - SAVE]
Loss_Train: 1.1021092236042023
Loss_Val: 1.1068446238835652
ACC_Val: 0.6785714285714286
[27082020-114841 - 15 - SAVE]
Loss_Train: 1.343951940536499
Loss_Val: 1.082531174023946
ACC_Val: 0.6428571428571429
[27082020-114841 - 16 - SAVE]
Loss_Train: 1.122765377163887
Loss_Val: 1.0044426520665486
ACC_Val: 0.6666666666666666
[27082020-114842 - 17 - SAVE]
Loss_Train: 1.2306526452302933
Loss_Val: 0.984498937924703
ACC_Val: 0.6190476190476191
[27082020-114843 - 18]
Loss_Train: 1.352455511689186
Loss_Val: 0.9982025424639384
ACC_Val: 0.6428571428571429
[27082020-114843 - 19]
Loss_Train: 0.847127839922905
Loss_Val: 1.0453952153523762
ACC_Val: 0.5833333333333334
[27082020-114844 - 20]
Loss_Train: 1.0720645040273666
Loss_Val: 1.094417134920756
ACC_Val: 0.6428571428571429
[27082020-114844 - 21]
Loss_Train: 0.887281596660614
Loss_Val: 1.1016671657562256
ACC_Val: 0.5952380952380952
[27082020-114845 - 22]
Loss_Train: 0.9850373864173889
Loss_Val: 1.1245101690292358
ACC_Val: 0.5952380952380952
[27082020-114846 - 23]
Loss_Train: 1.1341349184513092
Loss_Val: 1.098204771677653
ACC_Val: 0.5833333333333334
[27082020-114846 - 24]
Loss_Train: 1.0487367808818817
Loss_Val: 1.0810221433639526
ACC_Val: 0.6666666666666666
[27082020-114847 - 25]
Loss_Train: 1.8458492457866669
Loss_Val: 1.0621647834777832
ACC_Val: 0.6309523809523809
[27082020-114848 - 26]
Loss_Train: 0.9170925170183182
Loss_Val: 1.0426404476165771
ACC_Val: 0.6547619047619048
[27082020-114848 - 27]
Loss_Train: 0.9887693822383881
Loss_Val: 1.0500695705413818
ACC_Val: 0.6666666666666666
[27082020-114849 - 28]
Loss_Train: 1.1464048326015472
Loss_Val: 1.087039868036906
ACC_Val: 0.6428571428571429
[27082020-114850 - 29]
Loss_Train: 1.3143387734889984
Loss_Val: 1.0643081267674763
ACC_Val: 0.6190476190476191
[27082020-114850 - 30 - SAVE]
Loss_Train: 1.3857007324695587
Loss_Val: 1.0400179624557495
ACC_Val: 0.6904761904761905
[27082020-114851 - 31]
Loss_Train: 0.9629571735858917
Loss_Val: 1.0237447619438171
ACC_Val: 0.6666666666666666
[27082020-114852 - 32]
Loss_Train: 0.8515171408653259
Loss_Val: 1.0323968927065532
ACC_Val: 0.6547619047619048
[27082020-114852 - 33]
Loss_Train: 1.2336805909872055
Loss_Val: 1.0264843503634136
ACC_Val: 0.6547619047619048
[27082020-114853 - 34]
Loss_Train: 1.0499302595853806
Loss_Val: 1.0355694492657979
ACC_Val: 0.6547619047619048
[27082020-114853 - 35]
Loss_Train: 1.0257365256547928
Loss_Val: 1.0496906836827595
ACC_Val: 0.6547619047619048
[27082020-114854 - 36 - SAVE]
Loss_Train: 0.7933560162782669
Loss_Val: 0.9795296986897787
ACC_Val: 0.6428571428571429
[27082020-114854 - 37]
Loss_Train: 1.216016262769699
Loss_Val: 0.9956692457199097
ACC_Val: 0.6666666666666666
[27082020-114855 - 38 - SAVE]
Loss_Train: 1.1143438220024109
Loss_Val: 0.9783537785212199
ACC_Val: 0.6547619047619048
[27082020-114855 - 39 - SAVE]
Loss_Train: 1.0478481501340866
Loss_Val: 0.9910661379496256
ACC_Val: 0.7142857142857143
[27082020-114856 - 40]
Loss_Train: 1.2190696895122528
Loss_Val: 1.0210144917170207
ACC_Val: 0.6785714285714286
[27082020-114856 - 41]
Loss_Train: 0.8444350510835648
Loss_Val: 0.9956463972727457
ACC_Val: 0.7142857142857143
[27082020-114857 - 42]
Loss_Train: 0.7834224849939346
Loss_Val: 0.9864387114842733
ACC_Val: 0.6785714285714286
[27082020-114857 - 43]
Loss_Train: 0.8463760018348694
Loss_Val: 0.9916596412658691
ACC_Val: 0.6904761904761905
[27082020-114858 - 44]
Loss_Train: 1.0055432617664337
Loss_Val: 1.003847340742747
ACC_Val: 0.7023809523809523
[27082020-114858 - 45]
Loss_Train: 0.8603903651237488
Loss_Val: 1.0001814365386963
ACC_Val: 0.6904761904761905
[27082020-114859 - 46]
Loss_Train: 0.9181188941001892
Loss_Val: 1.0068568189938862
ACC_Val: 0.6666666666666666
[27082020-114900 - 47]
Loss_Train: 1.0050171315670013
Loss_Val: 1.003003438313802
ACC_Val: 0.6547619047619048
[27082020-114900 - 48]
Loss_Train: 0.707339882850647
Loss_Val: 1.0126214424769084
ACC_Val: 0.6666666666666666
[27082020-114901 - 49]
Loss_Train: 1.1239819675683975
Loss_Val: 1.000508983929952
ACC_Val: 0.6666666666666666
[27082020-114902 - 50]
Loss_Train: 0.7644365429878235
Loss_Val: 1.0216763416926067
ACC_Val: 0.6428571428571429
[27082020-114902 - 51]
Loss_Train: 1.1697355061769485
Loss_Val: 1.005862573782603
ACC_Val: 0.6785714285714286
[27082020-114903 - 52 - SAVE]
Loss_Train: 1.0748160779476166
Loss_Val: 0.9864121874173483
ACC_Val: 0.7261904761904762
[27082020-114903 - 53]
Loss_Train: 1.1435942649841309
Loss_Val: 0.9940351645151774
ACC_Val: 0.6904761904761905
[27082020-114904 - 54 - SAVE]
Loss_Train: 0.8884596079587936
Loss_Val: 0.9584416349728903
ACC_Val: 0.7142857142857143
[27082020-114904 - 55]
Loss_Train: 0.8773098886013031
Loss_Val: 0.9763773083686829
ACC_Val: 0.7261904761904762
[27082020-114905 - 56]
Loss_Train: 0.8421288728713989
Loss_Val: 0.9937140742937723
ACC_Val: 0.7261904761904762
[27082020-114905 - 57]
Loss_Train: 0.7477575242519379
Loss_Val: 1.0312225421269734
ACC_Val: 0.6904761904761905
[27082020-114906 - 58]
Loss_Train: 1.0780692100524902
Loss_Val: 0.9953826268513998
ACC_Val: 0.7261904761904762
[27082020-114906 - 59]
Loss_Train: 0.9842652082443237
Loss_Val: 1.0080793698628743
ACC_Val: 0.7023809523809523
[27082020-114907 - 60]
Loss_Train: 1.1404636949300766
Loss_Val: 0.9911554257074991
ACC_Val: 0.6785714285714286
[27082020-114907 - 61]
Loss_Train: 1.084604561328888
Loss_Val: 0.9712650577227274
ACC_Val: 0.6785714285714286
[27082020-114908 - 62]
Loss_Train: 0.9447658807039261
Loss_Val: 0.9859042366345724
ACC_Val: 0.7142857142857143
[27082020-114909 - 63 - SAVE]
Loss_Train: 1.0577358901500702
Loss_Val: 0.9617366592089335
ACC_Val: 0.75
[27082020-114909 - 64 - SAVE]
Loss_Train: 0.863694578409195
Loss_Val: 0.9529415766398112
ACC_Val: 0.6785714285714286
[27082020-114910 - 65]
Loss_Train: 1.1289710253477097
Loss_Val: 0.9531365235646566
ACC_Val: 0.6904761904761905
[27082020-114910 - 66]
Loss_Train: 1.144625946879387
Loss_Val: 0.9603787064552307
ACC_Val: 0.6785714285714286
[27082020-114911 - 67]
Loss_Train: 1.3946615755558014
Loss_Val: 0.9634231925010681
ACC_Val: 0.6785714285714286
[27082020-114912 - 68]
Loss_Train: 0.9535154402256012
Loss_Val: 0.9632685383160909
ACC_Val: 0.7261904761904762
[27082020-114912 - 69]
Loss_Train: 1.068696841597557
Loss_Val: 0.9720638394355774
ACC_Val: 0.6785714285714286
[27082020-114913 - 70]
Loss_Train: 0.8288882821798325
Loss_Val: 0.9783567190170288
ACC_Val: 0.75
[27082020-114914 - 71]
Loss_Train: 0.795488029718399
Loss_Val: 0.9769825140635172
ACC_Val: 0.7023809523809523
[27082020-114914 - 72]
Loss_Train: 0.7742552012205124
Loss_Val: 0.9811283946037292
ACC_Val: 0.7142857142857143
[27082020-114915 - 73]
Loss_Train: 0.8983829021453857
Loss_Val: 0.9930054744084676
ACC_Val: 0.7142857142857143
[27082020-114916 - 74 - SAVE]
Loss_Train: 1.3096154481172562
Loss_Val: 0.9509187340736389
ACC_Val: 0.75
[27082020-114916 - 75]
Loss_Train: 1.2225471436977386
Loss_Val: 0.9546177387237549
ACC_Val: 0.7142857142857143
[27082020-114917 - 76]
Loss_Train: 1.0155346244573593
Loss_Val: 0.9621636072794596
ACC_Val: 0.7023809523809523
[27082020-114917 - 77 - SAVE]
Loss_Train: 1.0449960827827454
Loss_Val: 0.9303092559178671
ACC_Val: 0.75
[27082020-114918 - 78 - SAVE]
Loss_Train: 0.9919518679380417
Loss_Val: 0.9270934065183004
ACC_Val: 0.7261904761904762
[27082020-114918 - 79]
Loss_Train: 1.2811068892478943
Loss_Val: 0.9625302950541178
ACC_Val: 0.6904761904761905
[27082020-114919 - 80]
Loss_Train: 0.8649375438690186
Loss_Val: 0.9768173297246298
ACC_Val: 0.7023809523809523
[27082020-114919 - 81]
Loss_Train: 1.0485010147094727
Loss_Val: 0.9527789354324341
ACC_Val: 0.7142857142857143
[27082020-114920 - 82]
Loss_Train: 0.8765932768583298
Loss_Val: 0.9499363501866659
ACC_Val: 0.7380952380952381
[27082020-114920 - 83]
Loss_Train: 1.0586106479167938
Loss_Val: 0.9964099923769633
ACC_Val: 0.7023809523809523
[27082020-114921 - 84]
Loss_Train: 0.7495243549346924
Loss_Val: 0.9849013288815817
ACC_Val: 0.7142857142857143
[27082020-114921 - 85]
Loss_Train: 1.5516258031129837
Loss_Val: 0.9664860367774963
ACC_Val: 0.6785714285714286
[27082020-114922 - 86]
Loss_Train: 0.9750362634658813
Loss_Val: 0.9458499153455099
ACC_Val: 0.7261904761904762
[27082020-114922 - 87]
Loss_Train: 1.1613708585500717
Loss_Val: 0.9801204005877177
ACC_Val: 0.6666666666666666
[27082020-114923 - 88]
Loss_Train: 1.1653019934892654
Loss_Val: 0.9890937209129333
ACC_Val: 0.6904761904761905
[27082020-114923 - 89]
Loss_Train: 0.7272650301456451
Loss_Val: 0.9839226007461548
ACC_Val: 0.7142857142857143
[27082020-114924 - 90]
Loss_Train: 0.7491334080696106
Loss_Val: 0.9776913324991862
ACC_Val: 0.7142857142857143
[27082020-114924 - 91]
Loss_Train: 1.0676568448543549
Loss_Val: 0.9658042589823405
ACC_Val: 0.7142857142857143
[27082020-114925 - 92]
Loss_Train: 0.9263518899679184
Loss_Val: 0.9627740780512491
ACC_Val: 0.7380952380952381
[27082020-114926 - 93]
Loss_Train: 0.8634019047021866
Loss_Val: 0.9677420457204183
ACC_Val: 0.7261904761904762
[27082020-114926 - 94]
Loss_Train: 1.0125711858272552
Loss_Val: 0.9606629014015198
ACC_Val: 0.7142857142857143
[27082020-114927 - 95]
Loss_Train: 0.9767359644174576
Loss_Val: 0.9702227910359701
ACC_Val: 0.6904761904761905
[27082020-114927 - 96]
Loss_Train: 1.0488767474889755
Loss_Val: 0.9780683517456055
ACC_Val: 0.7023809523809523
[27082020-114928 - 97]
Loss_Train: 0.8172062337398529
Loss_Val: 0.9861898024876913
ACC_Val: 0.7023809523809523
[27082020-114928 - 98 - SAVE]
Loss_Train: 1.0758742839097977
Loss_Val: 0.9878692428270975
ACC_Val: 0.7619047619047619
[27082020-114929 - 99]
Loss_Train: 1.1202035695314407
Loss_Val: 0.9937161604563395
ACC_Val: 0.7380952380952381
[27082020-114929 - 100]
Loss_Train: 1.1026273518800735
Loss_Val: 1.021455188592275
ACC_Val: 0.7142857142857143
