[27082020-115057 - 1 - SAVE]
Loss_Train: 2.9929078221321106
Loss_Val: 2.501692771911621
ACC_Val: 0.2976190476190476
[27082020-115057 - 2 - SAVE]
Loss_Train: 2.415349066257477
Loss_Val: 2.0665334860483804
ACC_Val: 0.27380952380952384
[27082020-115058 - 3 - SAVE]
Loss_Train: 2.0751542448997498
Loss_Val: 1.8140610059102376
ACC_Val: 0.4166666666666667
[27082020-115058 - 4 - SAVE]
Loss_Train: 1.8766718804836273
Loss_Val: 1.7714476188023884
ACC_Val: 0.4523809523809524
[27082020-115059 - 5 - SAVE]
Loss_Train: 1.7423624992370605
Loss_Val: 1.6620114644368489
ACC_Val: 0.4523809523809524
[27082020-115059 - 6 - SAVE]
Loss_Train: 1.6000341773033142
Loss_Val: 1.5810615221659343
ACC_Val: 0.5238095238095238
[27082020-115100 - 7 - SAVE]
Loss_Train: 1.6040764451026917
Loss_Val: 1.5199555953343709
ACC_Val: 0.5714285714285714
[27082020-115101 - 8 - SAVE]
Loss_Train: 1.4677042663097382
Loss_Val: 1.4417938788731892
ACC_Val: 0.5357142857142857
[27082020-115101 - 9 - SAVE]
Loss_Train: 1.4792216122150421
Loss_Val: 1.3725992838541667
ACC_Val: 0.5119047619047619
[27082020-115102 - 10 - SAVE]
Loss_Train: 1.4613202512264252
Loss_Val: 1.284546136856079
ACC_Val: 0.5595238095238095
[27082020-115103 - 11 - SAVE]
Loss_Train: 1.2008102536201477
Loss_Val: 1.2698169946670532
ACC_Val: 0.5357142857142857
[27082020-115103 - 12 - SAVE]
Loss_Train: 1.53579843044281
Loss_Val: 1.265386422475179
ACC_Val: 0.5357142857142857
[27082020-115104 - 13]
Loss_Train: 1.5392709821462631
Loss_Val: 1.3035519917805989
ACC_Val: 0.5
[27082020-115104 - 14]
Loss_Train: 1.61928790807724
Loss_Val: 1.352742314338684
ACC_Val: 0.4642857142857143
[27082020-115105 - 15]
Loss_Train: 1.1639927923679352
Loss_Val: 1.3588575919469197
ACC_Val: 0.47619047619047616
[27082020-115105 - 16]
Loss_Train: 1.0640893429517746
Loss_Val: 1.3775792121887207
ACC_Val: 0.47619047619047616
[27082020-115106 - 17]
Loss_Train: 1.1273528933525085
Loss_Val: 1.3640804688135784
ACC_Val: 0.5
[27082020-115106 - 18]
Loss_Train: 1.571908712387085
Loss_Val: 1.3148791790008545
ACC_Val: 0.5238095238095238
[27082020-115107 - 19]
Loss_Train: 1.0434451401233673
Loss_Val: 1.2799661954243977
ACC_Val: 0.5119047619047619
[27082020-115107 - 20]
Loss_Train: 0.9085573256015778
Loss_Val: 1.2660934925079346
ACC_Val: 0.5595238095238095
[27082020-115108 - 21 - SAVE]
Loss_Train: 1.2256190776824951
Loss_Val: 1.251012961069743
ACC_Val: 0.5714285714285714
[27082020-115109 - 22 - SAVE]
Loss_Train: 1.6755321770906448
Loss_Val: 1.2351909081141155
ACC_Val: 0.6071428571428571
[27082020-115109 - 23 - SAVE]
Loss_Train: 1.6299186646938324
Loss_Val: 1.2301547129948933
ACC_Val: 0.5952380952380952
[27082020-115110 - 24 - SAVE]
Loss_Train: 1.2308663874864578
Loss_Val: 1.193098505338033
ACC_Val: 0.6071428571428571
[27082020-115111 - 25 - SAVE]
Loss_Train: 0.9608438909053802
Loss_Val: 1.2002846399943035
ACC_Val: 0.6190476190476191
[27082020-115112 - 26]
Loss_Train: 1.2724264860153198
Loss_Val: 1.2113926410675049
ACC_Val: 0.5714285714285714
[27082020-115112 - 27 - SAVE]
Loss_Train: 1.0593642592430115
Loss_Val: 1.1901005109151204
ACC_Val: 0.5833333333333334
[27082020-115113 - 28]
Loss_Train: 1.1091031730175018
Loss_Val: 1.195265571276347
ACC_Val: 0.6071428571428571
[27082020-115113 - 29]
Loss_Train: 0.8940592408180237
Loss_Val: 1.228442668914795
ACC_Val: 0.5952380952380952
[27082020-115114 - 30]
Loss_Train: 1.7719901204109192
Loss_Val: 1.2036608060201008
ACC_Val: 0.5952380952380952
[27082020-115115 - 31]
Loss_Train: 0.922667995095253
Loss_Val: 1.2086505889892578
ACC_Val: 0.5714285714285714
[27082020-115115 - 32]
Loss_Train: 1.1628641784191132
Loss_Val: 1.2403781811396282
ACC_Val: 0.5595238095238095
[27082020-115116 - 33]
Loss_Train: 1.1882446855306625
Loss_Val: 1.2054032882054646
ACC_Val: 0.5476190476190477
[27082020-115117 - 34]
Loss_Train: 1.391823172569275
Loss_Val: 1.2293437321980794
ACC_Val: 0.5476190476190477
[27082020-115117 - 35]
Loss_Train: 0.926670253276825
Loss_Val: 1.2446130514144897
ACC_Val: 0.5357142857142857
[27082020-115118 - 36]
Loss_Train: 1.2914847433567047
Loss_Val: 1.2562992572784424
ACC_Val: 0.5119047619047619
[27082020-115118 - 37]
Loss_Train: 0.8428106009960175
Loss_Val: 1.25054927666982
ACC_Val: 0.5238095238095238
[27082020-115119 - 38]
Loss_Train: 1.1377856731414795
Loss_Val: 1.2529204686482747
ACC_Val: 0.5357142857142857
[27082020-115119 - 39]
Loss_Train: 0.9526351243257523
Loss_Val: 1.2357632319132488
ACC_Val: 0.5476190476190477
[27082020-115119 - 40]
Loss_Train: 0.677121564745903
Loss_Val: 1.2505517800649006
ACC_Val: 0.5476190476190477
[27082020-115120 - 41]
Loss_Train: 0.8521768748760223
Loss_Val: 1.2326728105545044
ACC_Val: 0.5357142857142857
[27082020-115120 - 42]
Loss_Train: 1.4839144796133041
Loss_Val: 1.2398902972539265
ACC_Val: 0.5476190476190477
[27082020-115121 - 43]
Loss_Train: 0.763396218419075
Loss_Val: 1.2332121133804321
ACC_Val: 0.5595238095238095
[27082020-115121 - 44]
Loss_Train: 0.9905198216438293
Loss_Val: 1.2293224732081096
ACC_Val: 0.5952380952380952
[27082020-115122 - 45]
Loss_Train: 1.0688613057136536
Loss_Val: 1.2236968278884888
ACC_Val: 0.5952380952380952
[27082020-115122 - 46]
Loss_Train: 0.713935911655426
Loss_Val: 1.2240164677302043
ACC_Val: 0.5476190476190477
[27082020-115123 - 47]
Loss_Train: 1.0603085309267044
Loss_Val: 1.2251264254252117
ACC_Val: 0.5119047619047619
[27082020-115123 - 48]
Loss_Train: 0.9912984222173691
Loss_Val: 1.2295441627502441
ACC_Val: 0.5714285714285714
[27082020-115124 - 49]
Loss_Train: 0.9726811498403549
Loss_Val: 1.2404682636260986
ACC_Val: 0.5952380952380952
[27082020-115125 - 50]
Loss_Train: 0.8894298374652863
Loss_Val: 1.2170793215433757
ACC_Val: 0.5833333333333334
[27082020-115125 - 51]
Loss_Train: 0.9401965737342834
Loss_Val: 1.206555167833964
ACC_Val: 0.5952380952380952
[27082020-115126 - 52]
Loss_Train: 1.0176191329956055
Loss_Val: 1.233353614807129
ACC_Val: 0.5952380952380952
