[27082020-114807 - 1 - SAVE]
Loss_Train: 3.095824658870697
Loss_Val: 2.5134400526682534
ACC_Val: 0.27380952380952384
[27082020-114807 - 2 - SAVE]
Loss_Train: 2.341453790664673
Loss_Val: 2.1743504206339517
ACC_Val: 0.34523809523809523
[27082020-114808 - 3 - SAVE]
Loss_Train: 2.070087969303131
Loss_Val: 1.9245825211207073
ACC_Val: 0.40476190476190477
[27082020-114808 - 4 - SAVE]
Loss_Train: 2.103979676961899
Loss_Val: 1.6808844407399495
ACC_Val: 0.4642857142857143
[27082020-114809 - 5 - SAVE]
Loss_Train: 1.7294982969760895
Loss_Val: 1.4770227273305256
ACC_Val: 0.5238095238095238
[27082020-114809 - 6 - SAVE]
Loss_Train: 2.009889841079712
Loss_Val: 1.3580735921859741
ACC_Val: 0.5119047619047619
[27082020-114810 - 7 - SAVE]
Loss_Train: 1.7618203461170197
Loss_Val: 1.3170830806096394
ACC_Val: 0.5119047619047619
[27082020-114810 - 8 - SAVE]
Loss_Train: 1.4538417160511017
Loss_Val: 1.3076813220977783
ACC_Val: 0.5833333333333334
[27082020-114810 - 9 - SAVE]
Loss_Train: 1.5509540438652039
Loss_Val: 1.3036667108535767
ACC_Val: 0.5
[27082020-114811 - 10 - SAVE]
Loss_Train: 1.3986379206180573
Loss_Val: 1.2340409358342488
ACC_Val: 0.5714285714285714
[27082020-114811 - 11 - SAVE]
Loss_Train: 1.2288942635059357
Loss_Val: 1.1661757628122966
ACC_Val: 0.6666666666666666
[27082020-114812 - 12]
Loss_Train: 1.502274364233017
Loss_Val: 1.173323671023051
ACC_Val: 0.6190476190476191
[27082020-114812 - 13 - SAVE]
Loss_Train: 1.371856153011322
Loss_Val: 1.1401268641153972
ACC_Val: 0.6904761904761905
[27082020-114813 - 14]
Loss_Train: 1.2409356534481049
Loss_Val: 1.2027010520299275
ACC_Val: 0.6904761904761905
[27082020-114813 - 15]
Loss_Train: 1.3568222522735596
Loss_Val: 1.34441343943278
ACC_Val: 0.6785714285714286
[27082020-114814 - 16]
Loss_Train: 1.0563386678695679
Loss_Val: 1.4679135084152222
ACC_Val: 0.6666666666666666
[27082020-114815 - 17]
Loss_Train: 1.7678281366825104
Loss_Val: 1.6351057688395183
ACC_Val: 0.6428571428571429
[27082020-114815 - 18]
Loss_Train: 1.328714981675148
Loss_Val: 1.8551019430160522
ACC_Val: 0.6428571428571429
[27082020-114816 - 19]
Loss_Train: 1.2372786551713943
Loss_Val: 1.976210316022237
ACC_Val: 0.6071428571428571
[27082020-114817 - 20]
Loss_Train: 1.187757357954979
Loss_Val: 2.1491714318593345
ACC_Val: 0.6190476190476191
[27082020-114817 - 21]
Loss_Train: 1.5468670576810837
Loss_Val: 2.4271512031555176
ACC_Val: 0.6547619047619048
[27082020-114818 - 22]
Loss_Train: 1.2763424068689346
Loss_Val: 2.543482462565104
ACC_Val: 0.6785714285714286
[27082020-114818 - 23 - SAVE]
Loss_Train: 1.6412631571292877
Loss_Val: 3.1558778285980225
ACC_Val: 0.7142857142857143
[27082020-114818 - 24]
Loss_Train: 1.2727272659540176
Loss_Val: 3.725180149078369
ACC_Val: 0.6904761904761905
[27082020-114819 - 25]
Loss_Train: 0.9369010925292969
Loss_Val: 4.241702834765117
ACC_Val: 0.7142857142857143
[27082020-114819 - 26]
Loss_Train: 1.2440574020147324
Loss_Val: 4.3779722054799395
ACC_Val: 0.6666666666666666
[27082020-114820 - 27]
Loss_Train: 1.1257850378751755
Loss_Val: 4.9386729796727495
ACC_Val: 0.6904761904761905
[27082020-114821 - 28]
Loss_Train: 0.8752403110265732
Loss_Val: 5.223999857902527
ACC_Val: 0.6785714285714286
[27082020-114821 - 29]
Loss_Train: 1.271550253033638
Loss_Val: 5.836218913396199
ACC_Val: 0.6785714285714286
[27082020-114822 - 30]
Loss_Train: 0.945995032787323
Loss_Val: 6.085369348526001
ACC_Val: 0.7023809523809523
[27082020-114823 - 31]
Loss_Train: 1.1027467399835587
Loss_Val: 5.7067476113637285
ACC_Val: 0.7023809523809523
[27082020-114823 - 32]
Loss_Train: 1.4623504728078842
Loss_Val: 5.926849007606506
ACC_Val: 0.6666666666666666
[27082020-114824 - 33]
Loss_Train: 1.0903851240873337
Loss_Val: 6.456481377283732
ACC_Val: 0.6785714285714286
[27082020-114824 - 34]
Loss_Train: 1.3220000565052032
Loss_Val: 6.027133425076802
ACC_Val: 0.6904761904761905
[27082020-114825 - 35]
Loss_Train: 1.1466424614191055
Loss_Val: 6.090356985727946
ACC_Val: 0.6785714285714286
[27082020-114826 - 36]
Loss_Train: 1.0822976678609848
Loss_Val: 5.827320257822673
ACC_Val: 0.6904761904761905
[27082020-114826 - 37]
Loss_Train: 1.3552790582180023
Loss_Val: 5.774722139040629
ACC_Val: 0.6785714285714286
[27082020-114827 - 38]
Loss_Train: 1.1802333295345306
Loss_Val: 5.93284285068512
ACC_Val: 0.6666666666666666
[27082020-114828 - 39]
Loss_Train: 1.3940321803092957
Loss_Val: 6.160133282343547
ACC_Val: 0.6428571428571429
[27082020-114828 - 40]
Loss_Train: 0.8859938979148865
Loss_Val: 6.000107049942017
ACC_Val: 0.6309523809523809
[27082020-114829 - 41]
Loss_Train: 1.464091271162033
Loss_Val: 6.051819483439128
ACC_Val: 0.6190476190476191
[27082020-114829 - 42]
Loss_Train: 1.1108365952968597
Loss_Val: 5.894531051317851
ACC_Val: 0.6190476190476191
[27082020-114830 - 43]
Loss_Train: 1.2991887480020523
Loss_Val: 5.97946564356486
ACC_Val: 0.5952380952380952
[27082020-114830 - 44]
Loss_Train: 1.4432799071073532
Loss_Val: 6.0132362842559814
ACC_Val: 0.6547619047619048
[27082020-114831 - 45]
Loss_Train: 1.256501629948616
Loss_Val: 5.856158971786499
ACC_Val: 0.6428571428571429
[27082020-114831 - 46]
Loss_Train: 1.5185740441083908
Loss_Val: 5.957050720850627
ACC_Val: 0.6904761904761905
[27082020-114832 - 47]
Loss_Train: 0.9990582317113876
Loss_Val: 6.257005453109741
ACC_Val: 0.6428571428571429
[27082020-114832 - 48]
Loss_Train: 1.1502291709184647
Loss_Val: 6.245074033737183
ACC_Val: 0.6904761904761905
