[27082020-115221 - 1 - SAVE]
Loss_Train: 2.8629966378211975
Loss_Val: 2.4778428872426352
ACC_Val: 0.27380952380952384
[27082020-115221 - 2 - SAVE]
Loss_Train: 2.2324013710021973
Loss_Val: 2.1033398707707724
ACC_Val: 0.2857142857142857
[27082020-115222 - 3 - SAVE]
Loss_Train: 1.927327275276184
Loss_Val: 1.9927230676015217
ACC_Val: 0.32142857142857145
[27082020-115223 - 4 - SAVE]
Loss_Train: 1.7949704825878143
Loss_Val: 1.8767597675323486
ACC_Val: 0.32142857142857145
[27082020-115223 - 5 - SAVE]
Loss_Train: 1.9432214498519897
Loss_Val: 1.741010069847107
ACC_Val: 0.34523809523809523
[27082020-115224 - 6 - SAVE]
Loss_Train: 1.671876609325409
Loss_Val: 1.6662362416585286
ACC_Val: 0.44047619047619047
[27082020-115225 - 7 - SAVE]
Loss_Train: 1.535327821969986
Loss_Val: 1.6260939836502075
ACC_Val: 0.39285714285714285
[27082020-115225 - 8 - SAVE]
Loss_Train: 1.4062457978725433
Loss_Val: 1.559447964032491
ACC_Val: 0.4642857142857143
[27082020-115226 - 9 - SAVE]
Loss_Train: 1.4071548581123352
Loss_Val: 1.5065319935480754
ACC_Val: 0.47619047619047616
[27082020-115227 - 10 - SAVE]
Loss_Train: 1.5363752841949463
Loss_Val: 1.4308825333913167
ACC_Val: 0.5
[27082020-115227 - 11]
Loss_Train: 1.378485694527626
Loss_Val: 1.4712591965993245
ACC_Val: 0.4880952380952381
[27082020-115228 - 12]
Loss_Train: 1.3341200053691864
Loss_Val: 1.5461719830830891
ACC_Val: 0.4880952380952381
[27082020-115229 - 13]
Loss_Train: 1.8217264115810394
Loss_Val: 1.435190757115682
ACC_Val: 0.5
[27082020-115229 - 14]
Loss_Train: 1.181049644947052
Loss_Val: 1.4390844106674194
ACC_Val: 0.5
[27082020-115230 - 15 - SAVE]
Loss_Train: 1.5149188339710236
Loss_Val: 1.369133989016215
ACC_Val: 0.5119047619047619
[27082020-115230 - 16 - SAVE]
Loss_Train: 1.2937564253807068
Loss_Val: 1.3146883447964985
ACC_Val: 0.5595238095238095
[27082020-115231 - 17 - SAVE]
Loss_Train: 1.1339584439992905
Loss_Val: 1.3269975582758586
ACC_Val: 0.5952380952380952
[27082020-115231 - 18]
Loss_Train: 1.182593211531639
Loss_Val: 1.3681161403656006
ACC_Val: 0.5476190476190477
[27082020-115232 - 19]
Loss_Train: 1.2003768980503082
Loss_Val: 1.3701565265655518
ACC_Val: 0.5595238095238095
[27082020-115232 - 20]
Loss_Train: 1.2163513004779816
Loss_Val: 1.362608551979065
ACC_Val: 0.5595238095238095
[27082020-115233 - 21]
Loss_Train: 0.9214819073677063
Loss_Val: 1.3724477291107178
ACC_Val: 0.4880952380952381
[27082020-115233 - 22]
Loss_Train: 1.4023766964673996
Loss_Val: 1.3585031032562256
ACC_Val: 0.5119047619047619
[27082020-115233 - 23]
Loss_Train: 0.9972924292087555
Loss_Val: 1.3728018005688984
ACC_Val: 0.5238095238095238
[27082020-115234 - 24]
Loss_Train: 1.3969528526067734
Loss_Val: 1.3458627462387085
ACC_Val: 0.5714285714285714
[27082020-115235 - 25]
Loss_Train: 1.2800311297178268
Loss_Val: 1.3149905403455098
ACC_Val: 0.5952380952380952
[27082020-115235 - 26 - SAVE]
Loss_Train: 1.3086208999156952
Loss_Val: 1.2722845077514648
ACC_Val: 0.6309523809523809
[27082020-115236 - 27]
Loss_Train: 0.9502783715724945
Loss_Val: 1.2816299200057983
ACC_Val: 0.6071428571428571
[27082020-115236 - 28 - SAVE]
Loss_Train: 0.9243740141391754
Loss_Val: 1.2657217184702556
ACC_Val: 0.5714285714285714
[27082020-115237 - 29 - SAVE]
Loss_Train: 0.9009087681770325
Loss_Val: 1.2173144221305847
ACC_Val: 0.6428571428571429
[27082020-115238 - 30]
Loss_Train: 1.0947567373514175
Loss_Val: 1.217976709206899
ACC_Val: 0.6071428571428571
[27082020-115238 - 31 - SAVE]
Loss_Train: 0.8899808079004288
Loss_Val: 1.2113046248753865
ACC_Val: 0.5952380952380952
[27082020-115239 - 32 - SAVE]
Loss_Train: 1.4237371981143951
Loss_Val: 1.2023733854293823
ACC_Val: 0.6190476190476191
[27082020-115240 - 33]
Loss_Train: 1.0760746598243713
Loss_Val: 1.2037679553031921
ACC_Val: 0.6309523809523809
[27082020-115240 - 34 - SAVE]
Loss_Train: 1.4472874104976654
Loss_Val: 1.1628705660502117
ACC_Val: 0.6190476190476191
[27082020-115241 - 35]
Loss_Train: 0.9993979781866074
Loss_Val: 1.1659796237945557
ACC_Val: 0.5833333333333334
[27082020-115241 - 36]
Loss_Train: 1.0796753615140915
Loss_Val: 1.1765677332878113
ACC_Val: 0.6309523809523809
[27082020-115241 - 37]
Loss_Train: 1.0041050463914871
Loss_Val: 1.1818857192993164
ACC_Val: 0.6428571428571429
[27082020-115242 - 38]
Loss_Train: 0.9784421026706696
Loss_Val: 1.2071059544881184
ACC_Val: 0.5952380952380952
[27082020-115242 - 39]
Loss_Train: 0.9411589950323105
Loss_Val: 1.2112381060918171
ACC_Val: 0.6190476190476191
[27082020-115243 - 40]
Loss_Train: 0.7630282342433929
Loss_Val: 1.2100174029668171
ACC_Val: 0.6071428571428571
[27082020-115244 - 41]
Loss_Train: 0.876555547118187
Loss_Val: 1.2404941320419312
ACC_Val: 0.6190476190476191
[27082020-115244 - 42]
Loss_Train: 0.9553833603858948
Loss_Val: 1.2339768012364705
ACC_Val: 0.5833333333333334
[27082020-115245 - 43]
Loss_Train: 1.4378933608531952
Loss_Val: 1.2438050111134846
ACC_Val: 0.6309523809523809
[27082020-115245 - 44]
Loss_Train: 0.9611581712961197
Loss_Val: 1.2430639863014221
ACC_Val: 0.6309523809523809
[27082020-115246 - 45]
Loss_Train: 1.0179543644189835
Loss_Val: 1.2200297514597576
ACC_Val: 0.6428571428571429
[27082020-115247 - 46 - SAVE]
Loss_Train: 0.9993373304605484
Loss_Val: 1.2038617730140686
ACC_Val: 0.6547619047619048
[27082020-115247 - 47]
Loss_Train: 0.9602416008710861
Loss_Val: 1.176732321580251
ACC_Val: 0.6428571428571429
[27082020-115248 - 48]
Loss_Train: 0.8196144998073578
Loss_Val: 1.1777337392171223
ACC_Val: 0.6190476190476191
[27082020-115249 - 49]
Loss_Train: 0.7565992623567581
Loss_Val: 1.185006856918335
ACC_Val: 0.6428571428571429
[27082020-115250 - 50]
Loss_Train: 0.6874013096094131
Loss_Val: 1.2051504254341125
ACC_Val: 0.6547619047619048
[27082020-115250 - 51 - SAVE]
Loss_Train: 0.8813098222017288
Loss_Val: 1.1627928614616394
ACC_Val: 0.6309523809523809
[27082020-115251 - 52 - SAVE]
Loss_Train: 0.9541346430778503
Loss_Val: 1.1562862793604534
ACC_Val: 0.6071428571428571
[27082020-115251 - 53]
Loss_Train: 1.016013652086258
Loss_Val: 1.1614168485005696
ACC_Val: 0.6428571428571429
[27082020-115252 - 54]
Loss_Train: 0.6540515869855881
Loss_Val: 1.177851398785909
ACC_Val: 0.6190476190476191
[27082020-115253 - 55]
Loss_Train: 0.823016494512558
Loss_Val: 1.1869219342867534
ACC_Val: 0.6309523809523809
[27082020-115253 - 56]
Loss_Train: 0.6918974071741104
Loss_Val: 1.1749147375424702
ACC_Val: 0.6190476190476191
[27082020-115254 - 57]
Loss_Train: 1.0222034752368927
Loss_Val: 1.1691544850667317
ACC_Val: 0.6309523809523809
[27082020-115255 - 58]
Loss_Train: 0.87410569190979
Loss_Val: 1.1868830720583599
ACC_Val: 0.6071428571428571
[27082020-115255 - 59]
Loss_Train: 0.9785490334033966
Loss_Val: 1.198220670223236
ACC_Val: 0.6071428571428571
[27082020-115255 - 60]
Loss_Train: 0.8343112915754318
Loss_Val: 1.213376224040985
ACC_Val: 0.6190476190476191
[27082020-115256 - 61]
Loss_Train: 1.2232605516910553
Loss_Val: 1.1834933757781982
ACC_Val: 0.6190476190476191
[27082020-115256 - 62]
Loss_Train: 1.2101085484027863
Loss_Val: 1.166047175725301
ACC_Val: 0.6071428571428571
[27082020-115257 - 63]
Loss_Train: 1.0765767991542816
Loss_Val: 1.163166085879008
ACC_Val: 0.6071428571428571
[27082020-115257 - 64]
Loss_Train: 0.8777007162570953
Loss_Val: 1.2029038270314534
ACC_Val: 0.6190476190476191
[27082020-115258 - 65]
Loss_Train: 1.1233748346567154
Loss_Val: 1.1930236220359802
ACC_Val: 0.6428571428571429
[27082020-115258 - 66]
Loss_Train: 0.8798390179872513
Loss_Val: 1.2018956740697224
ACC_Val: 0.6547619047619048
[27082020-115259 - 67]
Loss_Train: 1.3750848174095154
Loss_Val: 1.200741946697235
ACC_Val: 0.6547619047619048
[27082020-115300 - 68]
Loss_Train: 0.7331262230873108
Loss_Val: 1.2124980688095093
ACC_Val: 0.6428571428571429
[27082020-115300 - 69 - SAVE]
Loss_Train: 0.6051373779773712
Loss_Val: 1.1868467926979065
ACC_Val: 0.6666666666666666
[27082020-115301 - 70]
Loss_Train: 0.8358701318502426
Loss_Val: 1.171582023302714
ACC_Val: 0.6547619047619048
[27082020-115301 - 71]
Loss_Train: 0.8864026963710785
Loss_Val: 1.1918548941612244
ACC_Val: 0.6309523809523809
[27082020-115302 - 72]
Loss_Train: 0.8569608330726624
Loss_Val: 1.166698932647705
ACC_Val: 0.6190476190476191
[27082020-115303 - 73]
Loss_Train: 0.9265356361865997
Loss_Val: 1.209129552046458
ACC_Val: 0.5952380952380952
[27082020-115303 - 74]
Loss_Train: 0.8099950924515724
Loss_Val: 1.2243442336718242
ACC_Val: 0.6190476190476191
[27082020-115304 - 75]
Loss_Train: 0.7704215049743652
Loss_Val: 1.176256775856018
ACC_Val: 0.6190476190476191
[27082020-115304 - 76]
Loss_Train: 1.084641620516777
Loss_Val: 1.2078387141227722
ACC_Val: 0.5952380952380952
[27082020-115305 - 77]
Loss_Train: 0.618133895099163
Loss_Val: 1.2278341054916382
ACC_Val: 0.5952380952380952
[27082020-115305 - 78]
Loss_Train: 0.8488404005765915
Loss_Val: 1.204431454340617
ACC_Val: 0.5833333333333334
[27082020-115306 - 79]
Loss_Train: 0.996500551700592
Loss_Val: 1.185028076171875
ACC_Val: 0.6190476190476191
[27082020-115306 - 80]
Loss_Train: 0.7686451375484467
Loss_Val: 1.1672543287277222
ACC_Val: 0.6071428571428571
[27082020-115307 - 81]
Loss_Train: 1.081501916050911
Loss_Val: 1.1686039169629414
ACC_Val: 0.6190476190476191
[27082020-115308 - 82 - SAVE]
Loss_Train: 1.8219634741544724
Loss_Val: 1.1499601006507874
ACC_Val: 0.6071428571428571
[27082020-115308 - 83]
Loss_Train: 0.8039613664150238
Loss_Val: 1.1603824893633525
ACC_Val: 0.6309523809523809
[27082020-115309 - 84]
Loss_Train: 0.8349740952253342
Loss_Val: 1.1512262026468914
ACC_Val: 0.6547619047619048
[27082020-115309 - 85]
Loss_Train: 0.9374652206897736
Loss_Val: 1.1705837448438008
ACC_Val: 0.6428571428571429
[27082020-115310 - 86]
Loss_Train: 0.7411090135574341
Loss_Val: 1.1897290547688801
ACC_Val: 0.6071428571428571
[27082020-115311 - 87]
Loss_Train: 1.1342467814683914
Loss_Val: 1.1916052103042603
ACC_Val: 0.6309523809523809
[27082020-115311 - 88]
Loss_Train: 1.0801051259040833
Loss_Val: 1.1968551874160767
ACC_Val: 0.6190476190476191
[27082020-115312 - 89]
Loss_Train: 0.804265946149826
Loss_Val: 1.2001446882883708
ACC_Val: 0.6309523809523809
[27082020-115313 - 90]
Loss_Train: 0.8286455273628235
Loss_Val: 1.215707262357076
ACC_Val: 0.6309523809523809
[27082020-115313 - 91]
Loss_Train: 0.944952055811882
Loss_Val: 1.2193907697995503
ACC_Val: 0.6309523809523809
[27082020-115314 - 92]
Loss_Train: 1.0928908586502075
Loss_Val: 1.180700421333313
ACC_Val: 0.6428571428571429
[27082020-115315 - 93]
Loss_Train: 0.9358541071414948
Loss_Val: 1.2057109673817952
ACC_Val: 0.6547619047619048
[27082020-115315 - 94]
Loss_Train: 1.2585390657186508
Loss_Val: 1.1965089241663616
ACC_Val: 0.6547619047619048
[27082020-115316 - 95]
Loss_Train: 1.1138285994529724
Loss_Val: 1.1934049526850383
ACC_Val: 0.6309523809523809
[27082020-115316 - 96]
Loss_Train: 1.1388174071907997
Loss_Val: 1.1803460717201233
ACC_Val: 0.6666666666666666
[27082020-115317 - 97]
Loss_Train: 1.078861951828003
Loss_Val: 1.1855482657750447
ACC_Val: 0.6190476190476191
[27082020-115318 - 98]
Loss_Train: 0.8213965892791748
Loss_Val: 1.1793916424115498
ACC_Val: 0.6071428571428571
[27082020-115318 - 99]
Loss_Train: 1.1149533987045288
Loss_Val: 1.1555860837300618
ACC_Val: 0.6071428571428571
[27082020-115319 - 100]
Loss_Train: 0.6900309771299362
Loss_Val: 1.1522300442059834
ACC_Val: 0.6071428571428571
