[27082020-115415 - 1 - SAVE]
Loss_Train: 2.9980779886245728
Loss_Val: 2.485908110936483
ACC_Val: 0.2857142857142857
[27082020-115416 - 2 - SAVE]
Loss_Train: 2.465507924556732
Loss_Val: 2.1961565017700195
ACC_Val: 0.2976190476190476
[27082020-115417 - 3 - SAVE]
Loss_Train: 1.9765179455280304
Loss_Val: 2.0014544328053794
ACC_Val: 0.32142857142857145
[27082020-115417 - 4 - SAVE]
Loss_Train: 1.7697650492191315
Loss_Val: 1.8833548227945964
ACC_Val: 0.38095238095238093
[27082020-115418 - 5 - SAVE]
Loss_Train: 1.9642325937747955
Loss_Val: 1.7405463457107544
ACC_Val: 0.4523809523809524
[27082020-115418 - 6 - SAVE]
Loss_Train: 1.696819931268692
Loss_Val: 1.6412820021311443
ACC_Val: 0.4642857142857143
[27082020-115419 - 7 - SAVE]
Loss_Train: 1.8397715985774994
Loss_Val: 1.5213543971379597
ACC_Val: 0.5238095238095238
[27082020-115419 - 8 - SAVE]
Loss_Train: 1.3912300765514374
Loss_Val: 1.4477780262629192
ACC_Val: 0.5238095238095238
[27082020-115420 - 9 - SAVE]
Loss_Train: 1.5828063488006592
Loss_Val: 1.384198268254598
ACC_Val: 0.5357142857142857
[27082020-115420 - 10 - SAVE]
Loss_Train: 1.2153634130954742
Loss_Val: 1.3761878808339436
ACC_Val: 0.5833333333333334
[27082020-115421 - 11]
Loss_Train: 1.4880960285663605
Loss_Val: 1.4067577918370564
ACC_Val: 0.5595238095238095
[27082020-115422 - 12 - SAVE]
Loss_Train: 1.3426473438739777
Loss_Val: 1.3727521896362305
ACC_Val: 0.5714285714285714
[27082020-115422 - 13]
Loss_Train: 1.4363242387771606
Loss_Val: 1.4031875928243
ACC_Val: 0.5119047619047619
[27082020-115423 - 14]
Loss_Train: 1.2074072808027267
Loss_Val: 1.3789422512054443
ACC_Val: 0.4642857142857143
[27082020-115423 - 15 - SAVE]
Loss_Train: 1.066981315612793
Loss_Val: 1.3340526421864827
ACC_Val: 0.5595238095238095
[27082020-115424 - 16 - SAVE]
Loss_Train: 1.5242510735988617
Loss_Val: 1.311386267344157
ACC_Val: 0.5595238095238095
[27082020-115425 - 17 - SAVE]
Loss_Train: 1.5643078088760376
Loss_Val: 1.299416224161784
ACC_Val: 0.5714285714285714
[27082020-115425 - 18 - SAVE]
Loss_Train: 1.4372433423995972
Loss_Val: 1.2893047730127971
ACC_Val: 0.6190476190476191
[27082020-115426 - 19]
Loss_Train: 0.8827171921730042
Loss_Val: 1.3148526350657146
ACC_Val: 0.5952380952380952
[27082020-115427 - 20 - SAVE]
Loss_Train: 1.3009729534387589
Loss_Val: 1.2859161694844563
ACC_Val: 0.6547619047619048
[27082020-115427 - 21 - SAVE]
Loss_Train: 1.5662459284067154
Loss_Val: 1.2699497540791829
ACC_Val: 0.6309523809523809
[27082020-115428 - 22 - SAVE]
Loss_Train: 1.3483482599258423
Loss_Val: 1.2527711391448975
ACC_Val: 0.6190476190476191
[27082020-115429 - 23]
Loss_Train: 1.2233738452196121
Loss_Val: 1.2653526465098064
ACC_Val: 0.6190476190476191
[27082020-115429 - 24]
Loss_Train: 0.9566246569156647
Loss_Val: 1.2902525266011555
ACC_Val: 0.6190476190476191
[27082020-115430 - 25 - SAVE]
Loss_Train: 1.6658170521259308
Loss_Val: 1.2454912265141804
ACC_Val: 0.6428571428571429
[27082020-115430 - 26]
Loss_Train: 1.1621908396482468
Loss_Val: 1.271140416463216
ACC_Val: 0.6309523809523809
[27082020-115431 - 27]
Loss_Train: 1.1850470751523972
Loss_Val: 1.2907297611236572
ACC_Val: 0.6071428571428571
[27082020-115431 - 28]
Loss_Train: 0.9312072396278381
Loss_Val: 1.2861955165863037
ACC_Val: 0.5952380952380952
[27082020-115432 - 29]
Loss_Train: 0.9225093424320221
Loss_Val: 1.2811345259348552
ACC_Val: 0.5595238095238095
[27082020-115432 - 30]
Loss_Train: 1.0488929897546768
Loss_Val: 1.271813988685608
ACC_Val: 0.5833333333333334
[27082020-115433 - 31]
Loss_Train: 0.986974835395813
Loss_Val: 1.262452483177185
ACC_Val: 0.5952380952380952
[27082020-115433 - 32 - SAVE]
Loss_Train: 1.3764714151620865
Loss_Val: 1.240138570467631
ACC_Val: 0.6071428571428571
[27082020-115434 - 33]
Loss_Train: 1.1463389843702316
Loss_Val: 1.2485984961191814
ACC_Val: 0.5952380952380952
[27082020-115434 - 34]
Loss_Train: 1.1998319774866104
Loss_Val: 1.2425548235575359
ACC_Val: 0.5833333333333334
[27082020-115435 - 35 - SAVE]
Loss_Train: 1.0999722480773926
Loss_Val: 1.2376511891682942
ACC_Val: 0.6071428571428571
[27082020-115435 - 36 - SAVE]
Loss_Train: 0.9191598892211914
Loss_Val: 1.2277096112569172
ACC_Val: 0.5952380952380952
[27082020-115436 - 37]
Loss_Train: 0.8754005283117294
Loss_Val: 1.2387171188990276
ACC_Val: 0.6071428571428571
[27082020-115437 - 38 - SAVE]
Loss_Train: 1.0221619755029678
Loss_Val: 1.2266368468602498
ACC_Val: 0.5714285714285714
[27082020-115437 - 39]
Loss_Train: 0.7540495544672012
Loss_Val: 1.2348599036534627
ACC_Val: 0.6190476190476191
[27082020-115438 - 40]
Loss_Train: 0.974610298871994
Loss_Val: 1.2434689203898113
ACC_Val: 0.6071428571428571
[27082020-115438 - 41]
Loss_Train: 0.9132960885763168
Loss_Val: 1.2514746983846028
ACC_Val: 0.5952380952380952
[27082020-115439 - 42]
Loss_Train: 1.4908009469509125
Loss_Val: 1.2457746267318726
ACC_Val: 0.5833333333333334
[27082020-115440 - 43]
Loss_Train: 0.8268743753433228
Loss_Val: 1.2394267717997234
ACC_Val: 0.6071428571428571
[27082020-115440 - 44]
Loss_Train: 1.1119878590106964
Loss_Val: 1.2298945188522339
ACC_Val: 0.6071428571428571
[27082020-115441 - 45]
Loss_Train: 1.1947824656963348
Loss_Val: 1.2426379919052124
ACC_Val: 0.5952380952380952
[27082020-115441 - 46]
Loss_Train: 1.2107916474342346
Loss_Val: 1.2348635991414387
ACC_Val: 0.5952380952380952
[27082020-115442 - 47 - SAVE]
Loss_Train: 1.2074442207813263
Loss_Val: 1.2249181270599365
ACC_Val: 0.5952380952380952
[27082020-115442 - 48]
Loss_Train: 0.7659960836172104
Loss_Val: 1.228454351425171
ACC_Val: 0.6071428571428571
[27082020-115443 - 49]
Loss_Train: 1.2016786485910416
Loss_Val: 1.2337369918823242
ACC_Val: 0.6190476190476191
[27082020-115443 - 50 - SAVE]
Loss_Train: 1.2272608429193497
Loss_Val: 1.2137339512507122
ACC_Val: 0.6309523809523809
[27082020-115444 - 51]
Loss_Train: 0.9707273840904236
Loss_Val: 1.2340333064397175
ACC_Val: 0.6309523809523809
[27082020-115445 - 52]
Loss_Train: 1.0017797648906708
Loss_Val: 1.2140889167785645
ACC_Val: 0.6071428571428571
[27082020-115445 - 53]
Loss_Train: 0.8087464272975922
Loss_Val: 1.2316535711288452
ACC_Val: 0.5952380952380952
[27082020-115446 - 54]
Loss_Train: 1.1768215894699097
Loss_Val: 1.2530903418858845
ACC_Val: 0.6190476190476191
[27082020-115446 - 55]
Loss_Train: 0.9380586743354797
Loss_Val: 1.2551666498184204
ACC_Val: 0.6190476190476191
[27082020-115447 - 56]
Loss_Train: 0.9275702089071274
Loss_Val: 1.2407903671264648
ACC_Val: 0.5952380952380952
[27082020-115448 - 57]
Loss_Train: 0.9195134490728378
Loss_Val: 1.2403293053309123
ACC_Val: 0.6071428571428571
[27082020-115448 - 58]
Loss_Train: 1.0739991962909698
Loss_Val: 1.2502647638320923
ACC_Val: 0.6071428571428571
[27082020-115449 - 59]
Loss_Train: 0.7709143906831741
Loss_Val: 1.2460001707077026
ACC_Val: 0.6190476190476191
[27082020-115450 - 60]
Loss_Train: 0.9128457307815552
Loss_Val: 1.233113447825114
ACC_Val: 0.5952380952380952
[27082020-115450 - 61]
Loss_Train: 0.9796371757984161
Loss_Val: 1.2631022930145264
ACC_Val: 0.5952380952380952
[27082020-115451 - 62]
Loss_Train: 0.9996214956045151
Loss_Val: 1.2354437510172527
ACC_Val: 0.6071428571428571
[27082020-115452 - 63]
Loss_Train: 1.2854601442813873
Loss_Val: 1.23125422000885
ACC_Val: 0.6071428571428571
[27082020-115452 - 64]
Loss_Train: 1.28838512301445
Loss_Val: 1.2215909560521443
ACC_Val: 0.6309523809523809
[27082020-115453 - 65]
Loss_Train: 1.3699967414140701
Loss_Val: 1.2188045978546143
ACC_Val: 0.6428571428571429
[27082020-115454 - 66]
Loss_Train: 0.8267894685268402
Loss_Val: 1.226476748784383
ACC_Val: 0.6071428571428571
[27082020-115454 - 67]
Loss_Train: 0.808781161904335
Loss_Val: 1.2191909154256184
ACC_Val: 0.6190476190476191
[27082020-115454 - 68]
Loss_Train: 0.9970400780439377
Loss_Val: 1.2335915168126423
ACC_Val: 0.6190476190476191
[27082020-115455 - 69]
Loss_Train: 1.1473069936037064
Loss_Val: 1.2246830463409424
ACC_Val: 0.6309523809523809
[27082020-115455 - 70]
Loss_Train: 0.8815475851297379
Loss_Val: 1.2196848392486572
ACC_Val: 0.6309523809523809
[27082020-115456 - 71]
Loss_Train: 0.9485016316175461
Loss_Val: 1.2260548273722331
ACC_Val: 0.6071428571428571
[27082020-115456 - 72]
Loss_Train: 0.882148489356041
Loss_Val: 1.2321829795837402
ACC_Val: 0.5952380952380952
[27082020-115457 - 73]
Loss_Train: 0.7882553935050964
Loss_Val: 1.2218104203542073
ACC_Val: 0.5952380952380952
[27082020-115457 - 74]
Loss_Train: 1.049725502729416
Loss_Val: 1.2183838685353596
ACC_Val: 0.5952380952380952
[27082020-115458 - 75]
Loss_Train: 1.0780893564224243
Loss_Val: 1.2343568007151287
ACC_Val: 0.6309523809523809
