[27082020-115127 - 1 - SAVE]
Loss_Train: 2.9156028628349304
Loss_Val: 2.422688881556193
ACC_Val: 0.27380952380952384
[27082020-115127 - 2 - SAVE]
Loss_Train: 2.2861075401306152
Loss_Val: 2.056076765060425
ACC_Val: 0.2857142857142857
[27082020-115128 - 3 - SAVE]
Loss_Train: 1.9394956529140472
Loss_Val: 1.9134821891784668
ACC_Val: 0.38095238095238093
[27082020-115128 - 4 - SAVE]
Loss_Train: 2.079779028892517
Loss_Val: 1.791872461636861
ACC_Val: 0.4166666666666667
[27082020-115129 - 5 - SAVE]
Loss_Train: 1.7636853456497192
Loss_Val: 1.7164873679478962
ACC_Val: 0.4880952380952381
[27082020-115129 - 6 - SAVE]
Loss_Train: 1.725480854511261
Loss_Val: 1.6972318887710571
ACC_Val: 0.4523809523809524
[27082020-115130 - 7 - SAVE]
Loss_Train: 1.5919405817985535
Loss_Val: 1.6331645647684734
ACC_Val: 0.4523809523809524
[27082020-115130 - 8 - SAVE]
Loss_Train: 1.4519357979297638
Loss_Val: 1.5951146284739177
ACC_Val: 0.4880952380952381
[27082020-115131 - 9 - SAVE]
Loss_Train: 1.3721617460250854
Loss_Val: 1.6350086132685344
ACC_Val: 0.5119047619047619
[27082020-115131 - 10]
Loss_Train: 1.5577035248279572
Loss_Val: 1.6369528770446777
ACC_Val: 0.5
[27082020-115132 - 11 - SAVE]
Loss_Train: 1.1958246529102325
Loss_Val: 1.5899930000305176
ACC_Val: 0.5714285714285714
[27082020-115133 - 12]
Loss_Train: 1.5019817352294922
Loss_Val: 1.6262151797612507
ACC_Val: 0.5476190476190477
[27082020-115133 - 13 - SAVE]
Loss_Train: 1.0703418999910355
Loss_Val: 1.5373545090357463
ACC_Val: 0.5595238095238095
[27082020-115134 - 14 - SAVE]
Loss_Train: 1.3555928319692612
Loss_Val: 1.4853331247965496
ACC_Val: 0.5238095238095238
[27082020-115134 - 15 - SAVE]
Loss_Train: 1.3276368528604507
Loss_Val: 1.4124551216761272
ACC_Val: 0.5714285714285714
[27082020-115135 - 16 - SAVE]
Loss_Train: 1.2183318138122559
Loss_Val: 1.4055743018786113
ACC_Val: 0.5952380952380952
[27082020-115136 - 17]
Loss_Train: 1.2182695865631104
Loss_Val: 1.5738295316696167
ACC_Val: 0.5476190476190477
[27082020-115136 - 18 - SAVE]
Loss_Train: 1.36875382065773
Loss_Val: 1.3514021039009094
ACC_Val: 0.5952380952380952
[27082020-115137 - 19]
Loss_Train: 1.3232179135084152
Loss_Val: 1.4373144308725994
ACC_Val: 0.4880952380952381
[27082020-115138 - 20]
Loss_Train: 1.1331599205732346
Loss_Val: 1.469912052154541
ACC_Val: 0.5476190476190477
[27082020-115138 - 21]
Loss_Train: 1.3959869593381882
Loss_Val: 1.4294794201850891
ACC_Val: 0.5714285714285714
[27082020-115139 - 22]
Loss_Train: 0.9314895421266556
Loss_Val: 1.4878944555918376
ACC_Val: 0.5952380952380952
[27082020-115139 - 23]
Loss_Train: 1.036923035979271
Loss_Val: 1.546217103799184
ACC_Val: 0.5476190476190477
[27082020-115140 - 24]
Loss_Train: 1.1759762167930603
Loss_Val: 1.5519396464029949
ACC_Val: 0.5952380952380952
[27082020-115140 - 25]
Loss_Train: 1.1006959676742554
Loss_Val: 1.566545029481252
ACC_Val: 0.5833333333333334
[27082020-115141 - 26]
Loss_Train: 1.0243448466062546
Loss_Val: 1.5682406028111775
ACC_Val: 0.5952380952380952
[27082020-115141 - 27]
Loss_Train: 1.1927579641342163
Loss_Val: 1.566463867823283
ACC_Val: 0.5833333333333334
[27082020-115142 - 28 - SAVE]
Loss_Train: 1.2630478888750076
Loss_Val: 1.323479413986206
ACC_Val: 0.5952380952380952
[27082020-115142 - 29]
Loss_Train: 1.2866392582654953
Loss_Val: 1.3540233771006267
ACC_Val: 0.5833333333333334
[27082020-115143 - 30 - SAVE]
Loss_Train: 0.9346905648708344
Loss_Val: 1.3726455370585124
ACC_Val: 0.6309523809523809
[27082020-115143 - 31]
Loss_Train: 1.1353588104248047
Loss_Val: 1.413157840569814
ACC_Val: 0.6071428571428571
[27082020-115144 - 32]
Loss_Train: 0.9851152002811432
Loss_Val: 1.4070055484771729
ACC_Val: 0.6071428571428571
[27082020-115144 - 33]
Loss_Train: 1.0142622292041779
Loss_Val: 1.4551711479822795
ACC_Val: 0.5952380952380952
[27082020-115145 - 34]
Loss_Train: 0.8203009217977524
Loss_Val: 1.4588821530342102
ACC_Val: 0.5833333333333334
[27082020-115145 - 35]
Loss_Train: 1.0052660405635834
Loss_Val: 1.426207701365153
ACC_Val: 0.5833333333333334
[27082020-115146 - 36]
Loss_Train: 1.006269246339798
Loss_Val: 1.4559536377588909
ACC_Val: 0.5714285714285714
[27082020-115147 - 37]
Loss_Train: 0.9263742417097092
Loss_Val: 1.432795802752177
ACC_Val: 0.5833333333333334
[27082020-115147 - 38]
Loss_Train: 0.9401160031557083
Loss_Val: 1.4951610962549846
ACC_Val: 0.5952380952380952
[27082020-115148 - 39]
Loss_Train: 1.0185516774654388
Loss_Val: 1.4703911940256755
ACC_Val: 0.5476190476190477
[27082020-115148 - 40]
Loss_Train: 1.0788882970809937
Loss_Val: 1.4594017068545024
ACC_Val: 0.5595238095238095
[27082020-115149 - 41]
Loss_Train: 0.8723287433385849
Loss_Val: 1.4970537424087524
ACC_Val: 0.5595238095238095
[27082020-115150 - 42]
Loss_Train: 0.8643799126148224
Loss_Val: 1.4954855640729268
ACC_Val: 0.5952380952380952
[27082020-115150 - 43]
Loss_Train: 0.8949663788080215
Loss_Val: 1.4914815227190654
ACC_Val: 0.5833333333333334
[27082020-115151 - 44]
Loss_Train: 0.82358717918396
Loss_Val: 1.4356684883435566
ACC_Val: 0.5714285714285714
[27082020-115151 - 45]
Loss_Train: 0.9352299273014069
Loss_Val: 1.4755590756734211
ACC_Val: 0.5714285714285714
[27082020-115152 - 46]
Loss_Train: 1.1957850754261017
Loss_Val: 1.4744353294372559
ACC_Val: 0.5952380952380952
[27082020-115152 - 47]
Loss_Train: 0.983871340751648
Loss_Val: 1.455781916777293
ACC_Val: 0.5952380952380952
[27082020-115152 - 48]
Loss_Train: 1.072238564491272
Loss_Val: 1.4936241904894512
ACC_Val: 0.5952380952380952
[27082020-115153 - 49]
Loss_Train: 0.8015016168355942
Loss_Val: 1.4883709947268169
ACC_Val: 0.5952380952380952
[27082020-115153 - 50]
Loss_Train: 0.7255932539701462
Loss_Val: 1.4768945574760437
ACC_Val: 0.5952380952380952
[27082020-115154 - 51]
Loss_Train: 1.0647333413362503
Loss_Val: 1.4557255903879802
ACC_Val: 0.5833333333333334
[27082020-115155 - 52]
Loss_Train: 1.199388325214386
Loss_Val: 1.4961800575256348
ACC_Val: 0.5952380952380952
[27082020-115155 - 53]
Loss_Train: 0.8850188851356506
Loss_Val: 1.4988215168317158
ACC_Val: 0.5833333333333334
[27082020-115156 - 54 - SAVE]
Loss_Train: 1.1296922862529755
Loss_Val: 1.2892045776049297
ACC_Val: 0.6071428571428571
[27082020-115156 - 55]
Loss_Train: 1.3072714656591415
Loss_Val: 1.2968278129895527
ACC_Val: 0.6190476190476191
[27082020-115157 - 56]
Loss_Train: 1.1018958687782288
Loss_Val: 1.3659960230191548
ACC_Val: 0.5714285714285714
[27082020-115158 - 57]
Loss_Train: 0.7110171020030975
Loss_Val: 1.3872260649998982
ACC_Val: 0.6190476190476191
[27082020-115158 - 58]
Loss_Train: 1.0581141710281372
Loss_Val: 1.405891974767049
ACC_Val: 0.6071428571428571
[27082020-115159 - 59]
Loss_Train: 0.7364458441734314
Loss_Val: 1.402450978755951
ACC_Val: 0.6071428571428571
[27082020-115200 - 60]
Loss_Train: 1.015861988067627
Loss_Val: 1.4459746479988098
ACC_Val: 0.6071428571428571
[27082020-115200 - 61]
Loss_Train: 0.6511986255645752
Loss_Val: 1.4752390384674072
ACC_Val: 0.5952380952380952
[27082020-115201 - 62]
Loss_Train: 0.7183600291609764
Loss_Val: 1.5072336395581563
ACC_Val: 0.5714285714285714
[27082020-115201 - 63]
Loss_Train: 0.9883270859718323
Loss_Val: 1.5104702512423198
ACC_Val: 0.5952380952380952
[27082020-115202 - 64]
Loss_Train: 0.8281940817832947
Loss_Val: 1.5325784881909688
ACC_Val: 0.6071428571428571
[27082020-115203 - 65]
Loss_Train: 0.9880966246128082
Loss_Val: 1.5114230712254841
ACC_Val: 0.5952380952380952
[27082020-115203 - 66]
Loss_Train: 0.7504893392324448
Loss_Val: 1.474176009496053
ACC_Val: 0.5833333333333334
[27082020-115204 - 67]
Loss_Train: 0.8520310521125793
Loss_Val: 1.494778831799825
ACC_Val: 0.6309523809523809
[27082020-115204 - 68]
Loss_Train: 1.1701993197202682
Loss_Val: 1.488923728466034
ACC_Val: 0.5952380952380952
[27082020-115205 - 69]
Loss_Train: 1.1451216489076614
Loss_Val: 1.448974072933197
ACC_Val: 0.5714285714285714
[27082020-115205 - 70]
Loss_Train: 1.037182703614235
Loss_Val: 1.5307081739107768
ACC_Val: 0.6190476190476191
[27082020-115206 - 71]
Loss_Train: 1.2898469865322113
Loss_Val: 1.4965156714121501
ACC_Val: 0.6309523809523809
[27082020-115206 - 72 - SAVE]
Loss_Train: 1.1006781160831451
Loss_Val: 1.2489588856697083
ACC_Val: 0.6190476190476191
[27082020-115207 - 73]
Loss_Train: 0.9574218392372131
Loss_Val: 1.282159109910329
ACC_Val: 0.6071428571428571
[27082020-115207 - 74]
Loss_Train: 0.7870783805847168
Loss_Val: 1.3523422876993816
ACC_Val: 0.5952380952380952
[27082020-115208 - 75]
Loss_Train: 1.2327409982681274
Loss_Val: 1.4269301891326904
ACC_Val: 0.6190476190476191
[27082020-115208 - 76]
Loss_Train: 1.033422440290451
Loss_Val: 1.4607755343119304
ACC_Val: 0.5833333333333334
[27082020-115209 - 77]
Loss_Train: 1.0011492818593979
Loss_Val: 1.478626271088918
ACC_Val: 0.6190476190476191
[27082020-115209 - 78]
Loss_Train: 1.0352483242750168
Loss_Val: 1.481732189655304
ACC_Val: 0.6309523809523809
[27082020-115210 - 79]
Loss_Train: 1.0131155997514725
Loss_Val: 1.4851079384485881
ACC_Val: 0.6190476190476191
[27082020-115210 - 80]
Loss_Train: 0.8066141903400421
Loss_Val: 1.4870205720265706
ACC_Val: 0.6190476190476191
[27082020-115211 - 81]
Loss_Train: 0.7420780062675476
Loss_Val: 1.5243945320447285
ACC_Val: 0.6190476190476191
[27082020-115212 - 82]
Loss_Train: 0.8076842576265335
Loss_Val: 1.4702856540679932
ACC_Val: 0.6071428571428571
[27082020-115212 - 83]
Loss_Train: 0.959638237953186
Loss_Val: 1.4582015077273052
ACC_Val: 0.6190476190476191
[27082020-115213 - 84]
Loss_Train: 0.7899996936321259
Loss_Val: 1.449647565682729
ACC_Val: 0.5833333333333334
[27082020-115214 - 85]
Loss_Train: 0.8519557416439056
Loss_Val: 1.3754205703735352
ACC_Val: 0.6309523809523809
[27082020-115214 - 86]
Loss_Train: 0.9190802872180939
Loss_Val: 1.4027639230092366
ACC_Val: 0.6190476190476191
[27082020-115215 - 87]
Loss_Train: 0.8103339076042175
Loss_Val: 1.425318419933319
ACC_Val: 0.6190476190476191
[27082020-115215 - 88]
Loss_Train: 0.7481405436992645
Loss_Val: 1.4898556470870972
ACC_Val: 0.6190476190476191
[27082020-115216 - 89]
Loss_Train: 1.1151441186666489
Loss_Val: 1.486363152662913
ACC_Val: 0.6071428571428571
[27082020-115216 - 90]
Loss_Train: 1.4434653967618942
Loss_Val: 1.447097380956014
ACC_Val: 0.5952380952380952
[27082020-115217 - 91]
Loss_Train: 0.9222299456596375
Loss_Val: 1.5115218957265217
ACC_Val: 0.6071428571428571
[27082020-115217 - 92]
Loss_Train: 1.094228133559227
Loss_Val: 1.4553479949633281
ACC_Val: 0.6071428571428571
[27082020-115218 - 93]
Loss_Train: 0.8029889613389969
Loss_Val: 1.3936226566632588
ACC_Val: 0.6071428571428571
[27082020-115218 - 94]
Loss_Train: 1.162960410118103
Loss_Val: 1.4091867208480835
ACC_Val: 0.6071428571428571
[27082020-115219 - 95]
Loss_Train: 1.7393409609794617
Loss_Val: 1.4593243996302288
ACC_Val: 0.6071428571428571
[27082020-115219 - 96]
Loss_Train: 1.0955220758914948
Loss_Val: 1.448502242565155
ACC_Val: 0.6071428571428571
[27082020-115220 - 97]
Loss_Train: 1.0304879993200302
Loss_Val: 1.493618369102478
ACC_Val: 0.5952380952380952
