[27082020-115022 - 1 - SAVE]
Loss_Train: 2.8057389855384827
Loss_Val: 2.5179660320281982
ACC_Val: 0.23809523809523808
[27082020-115023 - 2 - SAVE]
Loss_Train: 2.3274275064468384
Loss_Val: 2.1822760105133057
ACC_Val: 0.32142857142857145
[27082020-115024 - 3 - SAVE]
Loss_Train: 2.2788280248641968
Loss_Val: 2.0446952184041343
ACC_Val: 0.27380952380952384
[27082020-115024 - 4 - SAVE]
Loss_Train: 1.9163379967212677
Loss_Val: 1.8184010187784831
ACC_Val: 0.38095238095238093
[27082020-115025 - 5 - SAVE]
Loss_Train: 1.6898755431175232
Loss_Val: 1.7190301418304443
ACC_Val: 0.42857142857142855
[27082020-115026 - 6 - SAVE]
Loss_Train: 1.643180251121521
Loss_Val: 1.6228780349095662
ACC_Val: 0.5
[27082020-115026 - 7 - SAVE]
Loss_Train: 1.5868400037288666
Loss_Val: 1.5826106071472168
ACC_Val: 0.4642857142857143
[27082020-115027 - 8 - SAVE]
Loss_Train: 1.319299340248108
Loss_Val: 1.5335394938786824
ACC_Val: 0.4880952380952381
[27082020-115028 - 9 - SAVE]
Loss_Train: 1.0935092717409134
Loss_Val: 1.4842660029729207
ACC_Val: 0.5
[27082020-115028 - 10]
Loss_Train: 1.3293898105621338
Loss_Val: 1.508815884590149
ACC_Val: 0.44047619047619047
[27082020-115029 - 11]
Loss_Train: 1.3439142405986786
Loss_Val: 1.4851096471150715
ACC_Val: 0.44047619047619047
[27082020-115029 - 12 - SAVE]
Loss_Train: 1.3166192322969437
Loss_Val: 1.4373133579889934
ACC_Val: 0.44047619047619047
[27082020-115030 - 13 - SAVE]
Loss_Train: 1.3244634121656418
Loss_Val: 1.4175639152526855
ACC_Val: 0.47619047619047616
[27082020-115030 - 14]
Loss_Train: 1.4391476064920425
Loss_Val: 1.4424391984939575
ACC_Val: 0.47619047619047616
[27082020-115031 - 15 - SAVE]
Loss_Train: 1.0292344242334366
Loss_Val: 1.444658915201823
ACC_Val: 0.5595238095238095
[27082020-115031 - 16 - SAVE]
Loss_Train: 1.3174250721931458
Loss_Val: 1.3802335659662883
ACC_Val: 0.5595238095238095
[27082020-115032 - 17 - SAVE]
Loss_Train: 1.3462838232517242
Loss_Val: 1.4057577848434448
ACC_Val: 0.5833333333333334
[27082020-115032 - 18 - SAVE]
Loss_Train: 1.264443188905716
Loss_Val: 1.4810734192530315
ACC_Val: 0.5952380952380952
[27082020-115033 - 19]
Loss_Train: 1.1704235970973969
Loss_Val: 1.4822018941243489
ACC_Val: 0.5238095238095238
[27082020-115033 - 20]
Loss_Train: 1.2121085077524185
Loss_Val: 1.4953065315882366
ACC_Val: 0.5476190476190477
[27082020-115034 - 21]
Loss_Train: 1.2474227249622345
Loss_Val: 1.506677468617757
ACC_Val: 0.5
[27082020-115034 - 22]
Loss_Train: 1.0632877498865128
Loss_Val: 1.4905269940694172
ACC_Val: 0.4642857142857143
[27082020-115035 - 23]
Loss_Train: 1.2384809851646423
Loss_Val: 1.464884082476298
ACC_Val: 0.4523809523809524
[27082020-115035 - 24]
Loss_Train: 1.2491932958364487
Loss_Val: 1.475343147913615
ACC_Val: 0.4642857142857143
[27082020-115036 - 25]
Loss_Train: 1.8805305659770966
Loss_Val: 1.4298170407613118
ACC_Val: 0.5
[27082020-115036 - 26]
Loss_Train: 1.050712689757347
Loss_Val: 1.4195084969202678
ACC_Val: 0.5119047619047619
[27082020-115037 - 27]
Loss_Train: 1.1728263795375824
Loss_Val: 1.4074461062749226
ACC_Val: 0.4880952380952381
[27082020-115038 - 28]
Loss_Train: 1.0322484523057938
Loss_Val: 1.3959848880767822
ACC_Val: 0.4642857142857143
[27082020-115039 - 29 - SAVE]
Loss_Train: 1.0352976620197296
Loss_Val: 1.3797773520151775
ACC_Val: 0.4880952380952381
[27082020-115039 - 30]
Loss_Train: 1.0342263877391815
Loss_Val: 1.387366811434428
ACC_Val: 0.4880952380952381
[27082020-115040 - 31 - SAVE]
Loss_Train: 0.7830759584903717
Loss_Val: 1.3744778633117676
ACC_Val: 0.4880952380952381
[27082020-115040 - 32 - SAVE]
Loss_Train: 0.8957778513431549
Loss_Val: 1.3700179258982341
ACC_Val: 0.5119047619047619
[27082020-115041 - 33]
Loss_Train: 0.9531612992286682
Loss_Val: 1.3779553174972534
ACC_Val: 0.4880952380952381
[27082020-115041 - 34 - SAVE]
Loss_Train: 1.147482693195343
Loss_Val: 1.364282210667928
ACC_Val: 0.5
[27082020-115042 - 35]
Loss_Train: 1.2372083216905594
Loss_Val: 1.3970855474472046
ACC_Val: 0.4523809523809524
[27082020-115042 - 36]
Loss_Train: 0.9645818322896957
Loss_Val: 1.3847219546635945
ACC_Val: 0.4642857142857143
[27082020-115043 - 37]
Loss_Train: 1.0291056483983994
Loss_Val: 1.3647983074188232
ACC_Val: 0.4880952380952381
[27082020-115043 - 38]
Loss_Train: 1.044062077999115
Loss_Val: 1.3732467889785767
ACC_Val: 0.4642857142857143
[27082020-115044 - 39]
Loss_Train: 1.1394337117671967
Loss_Val: 1.4022312959035237
ACC_Val: 0.44047619047619047
[27082020-115045 - 40]
Loss_Train: 0.8764606565237045
Loss_Val: 1.4298994938532512
ACC_Val: 0.4523809523809524
[27082020-115045 - 41]
Loss_Train: 1.0469439774751663
Loss_Val: 1.4136920770009358
ACC_Val: 0.4642857142857143
[27082020-115046 - 42]
Loss_Train: 1.2114661633968353
Loss_Val: 1.4014093081156414
ACC_Val: 0.5
[27082020-115047 - 43]
Loss_Train: 0.9954786896705627
Loss_Val: 1.381557544072469
ACC_Val: 0.4642857142857143
[27082020-115047 - 44]
Loss_Train: 0.8194168657064438
Loss_Val: 1.4012970129648845
ACC_Val: 0.5
[27082020-115048 - 45]
Loss_Train: 0.7181991785764694
Loss_Val: 1.4531103769938152
ACC_Val: 0.47619047619047616
[27082020-115049 - 46]
Loss_Train: 1.036869928240776
Loss_Val: 1.4111074606577556
ACC_Val: 0.4880952380952381
[27082020-115049 - 47]
Loss_Train: 0.8274814039468765
Loss_Val: 1.4139432509740193
ACC_Val: 0.5119047619047619
[27082020-115050 - 48]
Loss_Train: 0.8516847491264343
Loss_Val: 1.3704426685969036
ACC_Val: 0.4880952380952381
[27082020-115050 - 49]
Loss_Train: 0.8535213619470596
Loss_Val: 1.3895145654678345
ACC_Val: 0.47619047619047616
[27082020-115051 - 50]
Loss_Train: 1.41366608440876
Loss_Val: 1.380213777224223
ACC_Val: 0.4523809523809524
[27082020-115052 - 51]
Loss_Train: 1.26364004611969
Loss_Val: 1.4072607358296711
ACC_Val: 0.47619047619047616
[27082020-115052 - 52]
Loss_Train: 0.7275964468717575
Loss_Val: 1.404467264811198
ACC_Val: 0.4642857142857143
[27082020-115053 - 53]
Loss_Train: 0.9333973824977875
Loss_Val: 1.3924007813135784
ACC_Val: 0.47619047619047616
[27082020-115054 - 54]
Loss_Train: 0.9879628568887711
Loss_Val: 1.3973726034164429
ACC_Val: 0.47619047619047616
[27082020-115054 - 55]
Loss_Train: 0.8942671716213226
Loss_Val: 1.41276748975118
ACC_Val: 0.4880952380952381
[27082020-115055 - 56]
Loss_Train: 1.1041238903999329
Loss_Val: 1.3804778655370076
ACC_Val: 0.4642857142857143
[27082020-115055 - 57]
Loss_Train: 1.0491463840007782
Loss_Val: 1.3742474714914958
ACC_Val: 0.4642857142857143
[27082020-115056 - 58]
Loss_Train: 0.8487350642681122
Loss_Val: 1.373866041501363
ACC_Val: 0.4523809523809524
[27082020-115056 - 59]
Loss_Train: 0.8391260802745819
Loss_Val: 1.385916789372762
ACC_Val: 0.47619047619047616
