[27082020-115319 - 1 - SAVE]
Loss_Train: 2.8428578972816467
Loss_Val: 2.513727347056071
ACC_Val: 0.30952380952380953
[27082020-115320 - 2 - SAVE]
Loss_Train: 2.3296375274658203
Loss_Val: 2.281139930089315
ACC_Val: 0.2857142857142857
[27082020-115320 - 3 - SAVE]
Loss_Train: 2.333913177251816
Loss_Val: 2.185896158218384
ACC_Val: 0.27380952380952384
[27082020-115321 - 4 - SAVE]
Loss_Train: 1.9503296315670013
Loss_Val: 1.9226609071095784
ACC_Val: 0.42857142857142855
[27082020-115321 - 5 - SAVE]
Loss_Train: 1.8288052082061768
Loss_Val: 1.8383137385050456
ACC_Val: 0.44047619047619047
[27082020-115322 - 6 - SAVE]
Loss_Train: 1.8113116025924683
Loss_Val: 1.7238773504892986
ACC_Val: 0.5119047619047619
[27082020-115322 - 7 - SAVE]
Loss_Train: 1.7315877377986908
Loss_Val: 1.582223892211914
ACC_Val: 0.5238095238095238
[27082020-115323 - 8 - SAVE]
Loss_Train: 1.619333028793335
Loss_Val: 1.4552921851476033
ACC_Val: 0.5357142857142857
[27082020-115323 - 9 - SAVE]
Loss_Train: 1.5017871856689453
Loss_Val: 1.4413538773854573
ACC_Val: 0.5238095238095238
[27082020-115324 - 10 - SAVE]
Loss_Train: 1.5948842465877533
Loss_Val: 1.4402885437011719
ACC_Val: 0.5833333333333334
[27082020-115324 - 11]
Loss_Train: 1.7960475981235504
Loss_Val: 1.4670639832814534
ACC_Val: 0.5833333333333334
[27082020-115325 - 12]
Loss_Train: 1.741025984287262
Loss_Val: 1.571192701657613
ACC_Val: 0.5595238095238095
[27082020-115325 - 13]
Loss_Train: 1.916663259267807
Loss_Val: 1.569368799527486
ACC_Val: 0.5357142857142857
[27082020-115326 - 14]
Loss_Train: 1.2723199427127838
Loss_Val: 1.5552736918131511
ACC_Val: 0.5357142857142857
[27082020-115327 - 15]
Loss_Train: 1.2101610600948334
Loss_Val: 1.5889064470926921
ACC_Val: 0.5
[27082020-115327 - 16]
Loss_Train: 1.1908186972141266
Loss_Val: 1.5806277592976887
ACC_Val: 0.5238095238095238
[27082020-115328 - 17]
Loss_Train: 1.3419821858406067
Loss_Val: 1.487365961074829
ACC_Val: 0.5357142857142857
[27082020-115329 - 18 - SAVE]
Loss_Train: 1.319710224866867
Loss_Val: 1.374346137046814
ACC_Val: 0.6071428571428571
[27082020-115329 - 19]
Loss_Train: 1.2173823416233063
Loss_Val: 1.3965529998143513
ACC_Val: 0.5833333333333334
[27082020-115330 - 20 - SAVE]
Loss_Train: 1.392802581191063
Loss_Val: 1.3657797972361247
ACC_Val: 0.5714285714285714
[27082020-115330 - 21]
Loss_Train: 1.1996919810771942
Loss_Val: 1.3716249465942383
ACC_Val: 0.5952380952380952
[27082020-115331 - 22]
Loss_Train: 1.061465635895729
Loss_Val: 1.3661008675893147
ACC_Val: 0.6071428571428571
[27082020-115331 - 23]
Loss_Train: 1.1081483066082
Loss_Val: 1.3756433327992756
ACC_Val: 0.5476190476190477
[27082020-115332 - 24 - SAVE]
Loss_Train: 1.6674159318208694
Loss_Val: 1.3175365527470906
ACC_Val: 0.5833333333333334
[27082020-115332 - 25 - SAVE]
Loss_Train: 1.2632529437541962
Loss_Val: 1.2804133892059326
ACC_Val: 0.5952380952380952
[27082020-115333 - 26 - SAVE]
Loss_Train: 1.0638797730207443
Loss_Val: 1.2913658221562703
ACC_Val: 0.6309523809523809
[27082020-115334 - 27 - SAVE]
Loss_Train: 0.9602777063846588
Loss_Val: 1.2846665382385254
ACC_Val: 0.6547619047619048
[27082020-115334 - 28]
Loss_Train: 1.5135429054498672
Loss_Val: 1.2976731459299724
ACC_Val: 0.6547619047619048
[27082020-115335 - 29]
Loss_Train: 1.179235652089119
Loss_Val: 1.2881396214167278
ACC_Val: 0.6309523809523809
[27082020-115336 - 30]
Loss_Train: 1.3883058577775955
Loss_Val: 1.323772390683492
ACC_Val: 0.6071428571428571
[27082020-115336 - 31]
Loss_Train: 1.398561730980873
Loss_Val: 1.3801578283309937
ACC_Val: 0.5952380952380952
[27082020-115337 - 32]
Loss_Train: 1.1090880036354065
Loss_Val: 1.3787705500920613
ACC_Val: 0.5952380952380952
[27082020-115338 - 33]
Loss_Train: 1.1092842072248459
Loss_Val: 1.358197013537089
ACC_Val: 0.5952380952380952
[27082020-115338 - 34]
Loss_Train: 1.1335958242416382
Loss_Val: 1.3585527340571086
ACC_Val: 0.6309523809523809
[27082020-115339 - 35]
Loss_Train: 1.1343402713537216
Loss_Val: 1.3178344170252483
ACC_Val: 0.6547619047619048
[27082020-115340 - 36]
Loss_Train: 0.9871938824653625
Loss_Val: 1.335693081219991
ACC_Val: 0.6547619047619048
[27082020-115340 - 37]
Loss_Train: 0.9762016534805298
Loss_Val: 1.3510270516077678
ACC_Val: 0.6190476190476191
[27082020-115341 - 38]
Loss_Train: 1.0287905037403107
Loss_Val: 1.379117727279663
ACC_Val: 0.6547619047619048
[27082020-115342 - 39]
Loss_Train: 0.9615180939435959
Loss_Val: 1.3578664461771648
ACC_Val: 0.6547619047619048
[27082020-115342 - 40]
Loss_Train: 1.0522025525569916
Loss_Val: 1.372645417849223
ACC_Val: 0.5952380952380952
[27082020-115343 - 41]
Loss_Train: 1.0353046655654907
Loss_Val: 1.3381318648656209
ACC_Val: 0.6309523809523809
[27082020-115343 - 42]
Loss_Train: 0.8031039535999298
Loss_Val: 1.360552430152893
ACC_Val: 0.6190476190476191
[27082020-115344 - 43]
Loss_Train: 1.2212114930152893
Loss_Val: 1.351306637128194
ACC_Val: 0.6071428571428571
[27082020-115344 - 44]
Loss_Train: 0.8838798254728317
Loss_Val: 1.3083502054214478
ACC_Val: 0.6428571428571429
[27082020-115345 - 45]
Loss_Train: 0.9064014554023743
Loss_Val: 1.349322994550069
ACC_Val: 0.6309523809523809
[27082020-115345 - 46]
Loss_Train: 0.9850761592388153
Loss_Val: 1.3490489721298218
ACC_Val: 0.6309523809523809
[27082020-115346 - 47]
Loss_Train: 1.3143742978572845
Loss_Val: 1.3246934016545613
ACC_Val: 0.5833333333333334
[27082020-115346 - 48]
Loss_Train: 1.3224667608737946
Loss_Val: 1.323774258295695
ACC_Val: 0.6190476190476191
[27082020-115347 - 49]
Loss_Train: 0.9429521411657333
Loss_Val: 1.3151752551396687
ACC_Val: 0.6190476190476191
[27082020-115347 - 50]
Loss_Train: 1.159131869673729
Loss_Val: 1.3159842093785603
ACC_Val: 0.6071428571428571
[27082020-115348 - 51]
Loss_Train: 1.2413748055696487
Loss_Val: 1.3049406210581462
ACC_Val: 0.5952380952380952
[27082020-115348 - 52]
Loss_Train: 1.5230869054794312
Loss_Val: 1.2986819744110107
ACC_Val: 0.6309523809523809
