[14082020-175703 - 1 - SAVE]
Loss_Train: 2.998346130053202
Loss_Val: 2.9930507161400537
ACC_Val: 0.046242774566473986[14082020-175725 - 2 - SAVE]
Loss_Train: 2.9853611389795938
Loss_Val: 2.9833840890364214
ACC_Val: 0.057803468208092484[14082020-175747 - 3 - SAVE]
Loss_Train: 2.9633241097132363
Loss_Val: 2.970620643008839
ACC_Val: 0.08092485549132948[14082020-175809 - 4 - SAVE]
Loss_Train: 2.9435342947642007
Loss_Val: 2.9556549354033037
ACC_Val: 0.10404624277456648[14082020-175832 - 5 - SAVE]
Loss_Train: 2.913548707962036
Loss_Val: 2.938411008227955
ACC_Val: 0.09826589595375723[14082020-175854 - 6 - SAVE]
Loss_Train: 2.8898181915283203
Loss_Val: 2.918444958600131
ACC_Val: 0.15606936416184972[14082020-175916 - 7 - SAVE]
Loss_Train: 2.860329508781433
Loss_Val: 2.8958490761843594
ACC_Val: 0.17341040462427745[14082020-175939 - 8 - SAVE]
Loss_Train: 2.8311042388280234
Loss_Val: 2.869875767014243
ACC_Val: 0.19653179190751446[14082020-180001 - 9 - SAVE]
Loss_Train: 2.801857670148214
Loss_Val: 2.840081225741993
ACC_Val: 0.23121387283236994[14082020-180023 - 10 - SAVE]
Loss_Train: 2.7659303347269693
Loss_Val: 2.806769912893122
ACC_Val: 0.24855491329479767[14082020-180045 - 11 - SAVE]
Loss_Train: 2.7369136810302734
Loss_Val: 2.769456299868497
ACC_Val: 0.27167630057803466[14082020-180107 - 12 - SAVE]
Loss_Train: 2.6912765900293985
Loss_Val: 2.7273237921974878
ACC_Val: 0.30057803468208094[14082020-180130 - 13 - SAVE]
Loss_Train: 2.6499404509862265
Loss_Val: 2.681062405759638
ACC_Val: 0.3179190751445087[14082020-180152 - 14 - SAVE]
Loss_Train: 2.598362366358439
Loss_Val: 2.631173599850048
ACC_Val: 0.32947976878612717[14082020-180214 - 15 - SAVE]
Loss_Train: 2.5521682500839233
Loss_Val: 2.5762095993215386
ACC_Val: 0.3468208092485549[14082020-180236 - 16 - SAVE]
Loss_Train: 2.4978236754735312
Loss_Val: 2.518442479046908
ACC_Val: 0.37572254335260113[14082020-180258 - 17 - SAVE]
Loss_Train: 2.438432296117147
Loss_Val: 2.4591198617761787
ACC_Val: 0.4046242774566474[14082020-180321 - 18 - SAVE]
Loss_Train: 2.3869715531667075
Loss_Val: 2.3982537659731777
ACC_Val: 0.3988439306358382[14082020-180343 - 19 - SAVE]
Loss_Train: 2.3358792066574097
Loss_Val: 2.337146759033203
ACC_Val: 0.42196531791907516[14082020-180405 - 20 - SAVE]
Loss_Train: 2.263449748357137
Loss_Val: 2.276355017315258
ACC_Val: 0.43352601156069365[14082020-180427 - 21 - SAVE]
Loss_Train: 2.208437919616699
Loss_Val: 2.2151057828556406
ACC_Val: 0.44508670520231214[14082020-180449 - 22 - SAVE]
Loss_Train: 2.1516767342885337
Loss_Val: 2.1554647900841455
ACC_Val: 0.4682080924855491[14082020-180511 - 23 - SAVE]
Loss_Train: 2.098441481590271
Loss_Val: 2.0983180566267534
ACC_Val: 0.4913294797687861[14082020-180534 - 24 - SAVE]
Loss_Train: 2.0383187929789224
Loss_Val: 2.0440873341126875
ACC_Val: 0.49710982658959535[14082020-180556 - 25 - SAVE]
Loss_Train: 1.9862670699755351
Loss_Val: 1.992084183476188
ACC_Val: 0.5086705202312138[14082020-180618 - 26 - SAVE]
Loss_Train: 1.9218953053156536
Loss_Val: 1.9404836080291055
ACC_Val: 0.5375722543352601[14082020-180640 - 27 - SAVE]
Loss_Train: 1.8722193638483684
Loss_Val: 1.8946770429611206
ACC_Val: 0.5375722543352601[14082020-180703 - 28 - SAVE]
Loss_Train: 1.8167659838994343
Loss_Val: 1.8463912443681196
ACC_Val: 0.5433526011560693[14082020-180725 - 29 - SAVE]
Loss_Train: 1.7523958285649617
Loss_Val: 1.8021457628770308
ACC_Val: 0.5491329479768786[14082020-180747 - 30 - SAVE]
Loss_Train: 1.7128564715385437
Loss_Val: 1.7607156363400547
ACC_Val: 0.5549132947976878[14082020-180810 - 31 - SAVE]
Loss_Train: 1.6824581424395244
Loss_Val: 1.718980995091525
ACC_Val: 0.5606936416184971[14082020-180832 - 32 - SAVE]
Loss_Train: 1.6414602994918823
Loss_Val: 1.6782788742672314
ACC_Val: 0.5838150289017341[14082020-180854 - 33 - SAVE]
Loss_Train: 1.589345355828603
Loss_Val: 1.6423806873234836
ACC_Val: 0.5895953757225434[14082020-180916 - 34 - SAVE]
Loss_Train: 1.5531262358029683
Loss_Val: 1.6081309426914563
ACC_Val: 0.5895953757225434[14082020-180938 - 35 - SAVE]
Loss_Train: 1.5221152504285176
Loss_Val: 1.5737217393788425
ACC_Val: 0.5895953757225434[14082020-181001 - 36 - SAVE]
Loss_Train: 1.479432741800944
Loss_Val: 1.5384048873727971
ACC_Val: 0.6127167630057804[14082020-181023 - 37 - SAVE]
Loss_Train: 1.450856884320577
Loss_Val: 1.506990286436948
ACC_Val: 0.6069364161849711[14082020-181045 - 38 - SAVE]
Loss_Train: 1.4143362045288086
Loss_Val: 1.4731352220882068
ACC_Val: 0.6358381502890174[14082020-181107 - 39 - SAVE]
Loss_Train: 1.3754965265591939
Loss_Val: 1.4428380619395862
ACC_Val: 0.6473988439306358[14082020-181130 - 40 - SAVE]
Loss_Train: 1.340484877427419
Loss_Val: 1.4158607883886858
ACC_Val: 0.6589595375722543[14082020-181152 - 41 - SAVE]
Loss_Train: 1.320351521174113
Loss_Val: 1.3902830318971113
ACC_Val: 0.6589595375722543[14082020-181214 - 42 - SAVE]
Loss_Train: 1.2682859500249226
Loss_Val: 1.3670804500579834
ACC_Val: 0.6763005780346821[14082020-181237 - 43 - SAVE]
Loss_Train: 1.2602292497952778
Loss_Val: 1.3408464220437137
ACC_Val: 0.6878612716763006[14082020-181259 - 44 - SAVE]
Loss_Train: 1.2433863282203674
Loss_Val: 1.3153606842864642
ACC_Val: 0.6820809248554913[14082020-181321 - 45 - SAVE]
Loss_Train: 1.1946956316630046
Loss_Val: 1.2919917838139967
ACC_Val: 0.6936416184971098[14082020-181344 - 46 - SAVE]
Loss_Train: 1.1755517323811848
Loss_Val: 1.2711951461705295
ACC_Val: 0.6936416184971098[14082020-181406 - 47 - SAVE]
Loss_Train: 1.1438601811726887
Loss_Val: 1.250631345943971
ACC_Val: 0.6936416184971098[14082020-181428 - 48 - SAVE]
Loss_Train: 1.116259217262268
Loss_Val: 1.2306220829486847
ACC_Val: 0.7052023121387283[14082020-181450 - 49 - SAVE]
Loss_Train: 1.1217840909957886
Loss_Val: 1.211244986815886
ACC_Val: 0.7167630057803468[14082020-181513 - 50 - SAVE]
Loss_Train: 1.103597899278005
Loss_Val: 1.1948208890177987
ACC_Val: 0.7167630057803468[14082020-181535 - 51 - SAVE]
Loss_Train: 1.0809340079625447
Loss_Val: 1.1759011311964556
ACC_Val: 0.7225433526011561[14082020-181557 - 52 - SAVE]
Loss_Train: 1.0481979548931122
Loss_Val: 1.1588427803733132
ACC_Val: 0.7283236994219653[14082020-181619 - 53 - SAVE]
Loss_Train: 1.0184552470842998
Loss_Val: 1.1418952264569022
ACC_Val: 0.7341040462427746[14082020-181642 - 54 - SAVE]
Loss_Train: 0.9962345560391744
Loss_Val: 1.1269386519085278
ACC_Val: 0.7225433526011561[14082020-181704 - 55 - SAVE]
Loss_Train: 0.9908282061417898
Loss_Val: 1.1120263771577314
ACC_Val: 0.7398843930635838[14082020-181726 - 56 - SAVE]
Loss_Train: 0.9476724763711294
Loss_Val: 1.099670572714372
ACC_Val: 0.7398843930635838[14082020-181748 - 57 - SAVE]
Loss_Train: 0.9502009749412537
Loss_Val: 1.0878829983147709
ACC_Val: 0.7514450867052023[14082020-181811 - 58 - SAVE]
Loss_Train: 0.9497868021329244
Loss_Val: 1.0738117342645472
ACC_Val: 0.7456647398843931[14082020-181833 - 59 - SAVE]
Loss_Train: 0.9326163232326508
Loss_Val: 1.0593217475847765
ACC_Val: 0.7456647398843931[14082020-181855 - 60 - SAVE]
Loss_Train: 0.9301725725332896
Loss_Val: 1.044851384379647
ACC_Val: 0.7456647398843931[14082020-181917 - 61 - SAVE]
Loss_Train: 0.9124451577663422
Loss_Val: 1.0347441895441576
ACC_Val: 0.7398843930635838[14082020-181940 - 62 - SAVE]
Loss_Train: 0.8772045274575552
Loss_Val: 1.0246348083019257
ACC_Val: 0.7398843930635838[14082020-182002 - 63 - SAVE]
Loss_Train: 0.8806297183036804
Loss_Val: 1.0146498680114746
ACC_Val: 0.7456647398843931[14082020-182024 - 64 - SAVE]
Loss_Train: 0.8453095952669779
Loss_Val: 1.0022284198891034
ACC_Val: 0.7456647398843931[14082020-182046 - 65 - SAVE]
Loss_Train: 0.837028980255127
Loss_Val: 0.9926064908504486
ACC_Val: 0.7456647398843931[14082020-182109 - 66 - SAVE]
Loss_Train: 0.819736103216807
Loss_Val: 0.9843478013168682
ACC_Val: 0.7456647398843931[14082020-182131 - 67 - SAVE]
Loss_Train: 0.8225456873575846
Loss_Val: 0.9739455472339283
ACC_Val: 0.7456647398843931[14082020-182153 - 68 - SAVE]
Loss_Train: 0.8207158247629801
Loss_Val: 0.9670469733801755
ACC_Val: 0.7398843930635838[14082020-182215 - 69 - SAVE]
Loss_Train: 0.787875900665919
Loss_Val: 0.9616824930364435
ACC_Val: 0.7456647398843931[14082020-182238 - 70 - SAVE]
Loss_Train: 0.7928357621033987
Loss_Val: 0.9527258534323085
ACC_Val: 0.7398843930635838[14082020-182300 - 71 - SAVE]
Loss_Train: 0.7579581439495087
Loss_Val: 0.9424673535607078
ACC_Val: 0.7398843930635838[14082020-182322 - 72 - SAVE]
Loss_Train: 0.7550764282544454
Loss_Val: 0.9347961219874296
ACC_Val: 0.7398843930635838[14082020-182344 - 73 - SAVE]
Loss_Train: 0.745455135901769
Loss_Val: 0.92726831138134
ACC_Val: 0.7514450867052023[14082020-182406 - 74 - SAVE]
Loss_Train: 0.7477594912052155
Loss_Val: 0.9199156273495067
ACC_Val: 0.7456647398843931[14082020-182428 - 75 - SAVE]
Loss_Train: 0.7251043319702148
Loss_Val: 0.9156413024122064
ACC_Val: 0.7456647398843931[14082020-182451 - 76 - SAVE]
Loss_Train: 0.7414093613624573
Loss_Val: 0.9090038158676841
ACC_Val: 0.7456647398843931[14082020-182513 - 77 - SAVE]
Loss_Train: 0.7167874972025553
Loss_Val: 0.9033038778738542
ACC_Val: 0.7514450867052023[14082020-182536 - 78 - SAVE]
Loss_Train: 0.7202738622824351
Loss_Val: 0.8956335471435026
ACC_Val: 0.7514450867052023[14082020-182558 - 79 - SAVE]
Loss_Train: 0.7052050431569418
Loss_Val: 0.8886647671461105
ACC_Val: 0.7514450867052023[14082020-182620 - 80 - SAVE]
Loss_Train: 0.6958009699980418
Loss_Val: 0.8819252970543775
ACC_Val: 0.7514450867052023[14082020-182642 - 81 - SAVE]
Loss_Train: 0.6787563463052114
Loss_Val: 0.8783827302130786
ACC_Val: 0.7514450867052023[14082020-182704 - 82 - SAVE]
Loss_Train: 0.6885209778944651
Loss_Val: 0.8756067617373033
ACC_Val: 0.7514450867052023[14082020-182727 - 83 - SAVE]
Loss_Train: 0.6747266948223114
Loss_Val: 0.8703926612030376
ACC_Val: 0.7514450867052023[14082020-182749 - 84 - SAVE]
Loss_Train: 0.6565128366152445
Loss_Val: 0.8646078123287722
ACC_Val: 0.7398843930635838[14082020-182811 - 85 - SAVE]
Loss_Train: 0.6231996715068817
Loss_Val: 0.8570423153313723
ACC_Val: 0.7398843930635838[14082020-182833 - 86 - SAVE]
Loss_Train: 0.6445392966270447
Loss_Val: 0.8502293919975107
ACC_Val: 0.7456647398843931[14082020-182856 - 87 - SAVE]
Loss_Train: 0.6418285767237345
Loss_Val: 0.8465301109985872
ACC_Val: 0.7572254335260116[14082020-182918 - 88 - SAVE]
Loss_Train: 0.62811807791392
Loss_Val: 0.840665500272404
ACC_Val: 0.7572254335260116[14082020-182940 - 89 - SAVE]
Loss_Train: 0.592173715432485
Loss_Val: 0.8378348391164433
ACC_Val: 0.7572254335260116[14082020-183002 - 90]
Loss_Train: 0.6021677951018015
Loss_Val: 0.8381575088609349
ACC_Val: 0.7572254335260116[14082020-183024 - 91 - SAVE]
Loss_Train: 0.6040687958399454
Loss_Val: 0.8348710956898603
ACC_Val: 0.7572254335260116[14082020-183047 - 92 - SAVE]
Loss_Train: 0.5690788726011912
Loss_Val: 0.8299906998872757
ACC_Val: 0.7572254335260116[14082020-183109 - 93 - SAVE]
Loss_Train: 0.5979136327902476
Loss_Val: 0.8254632353782654
ACC_Val: 0.7572254335260116[14082020-183131 - 94 - SAVE]
Loss_Train: 0.5865541497866312
Loss_Val: 0.8227583332495256
ACC_Val: 0.7572254335260116[14082020-183154 - 95 - SAVE]
Loss_Train: 0.5725631813208262
Loss_Val: 0.8199570653113452
ACC_Val: 0.7630057803468208[14082020-183216 - 96 - SAVE]
Loss_Train: 0.5682038913170496
Loss_Val: 0.8159875016320836
ACC_Val: 0.7687861271676301[14082020-183238 - 97 - SAVE]
Loss_Train: 0.5657359460989634
Loss_Val: 0.8113672814585946
ACC_Val: 0.7687861271676301[14082020-183301 - 98 - SAVE]
Loss_Train: 0.576045980056127
Loss_Val: 0.8056680871681734
ACC_Val: 0.7687861271676301[14082020-183323 - 99 - SAVE]
Loss_Train: 0.5395555645227432
Loss_Val: 0.8017959269610319
ACC_Val: 0.7630057803468208[14082020-183345 - 100 - SAVE]
Loss_Train: 0.5153649797042211
Loss_Val: 0.7974595129489899
ACC_Val: 0.7630057803468208[14082020-183407 - 101 - SAVE]
Loss_Train: 0.5421120723088583
Loss_Val: 0.7941725782372735
ACC_Val: 0.7687861271676301[14082020-183430 - 102 - SAVE]
Loss_Train: 0.5300131936868032
Loss_Val: 0.7940368313680995
ACC_Val: 0.7687861271676301[14082020-183452 - 103 - SAVE]
Loss_Train: 0.5516136189301809
Loss_Val: 0.793528900905089
ACC_Val: 0.7687861271676301[14082020-183514 - 104 - SAVE]
Loss_Train: 0.5389230052630106
Loss_Val: 0.7929041941057552
ACC_Val: 0.7687861271676301[14082020-183536 - 105 - SAVE]
Loss_Train: 0.5106123238801956
Loss_Val: 0.7923058041117408
ACC_Val: 0.7687861271676301[14082020-183559 - 106 - SAVE]
Loss_Train: 0.5372284551461538
Loss_Val: 0.7919007526202635
ACC_Val: 0.7687861271676301[14082020-183621 - 107 - SAVE]
Loss_Train: 0.5234036991993586
Loss_Val: 0.7914483086629347
ACC_Val: 0.7687861271676301[14082020-183643 - 108 - SAVE]
Loss_Train: 0.5425476332505544
Loss_Val: 0.7911623242226514
ACC_Val: 0.7687861271676301[14082020-183705 - 109 - SAVE]
Loss_Train: 0.5505024443070093
Loss_Val: 0.7911622632633556
ACC_Val: 0.7687861271676301[14082020-183728 - 110 - SAVE]
Loss_Train: 0.529157688220342
Loss_Val: 0.7908021712845023
ACC_Val: 0.7687861271676301[14082020-183750 - 111 - SAVE]
Loss_Train: 0.5470543305079142
Loss_Val: 0.7904134934598749
ACC_Val: 0.7687861271676301[14082020-183813 - 112 - SAVE]
Loss_Train: 0.5386778910954794
Loss_Val: 0.7901268371126868
ACC_Val: 0.7687861271676301[14082020-183835 - 113 - SAVE]
Loss_Train: 0.5266419400771459
Loss_Val: 0.7899626249616797
ACC_Val: 0.7687861271676301[14082020-183857 - 114]
Loss_Train: 0.5120217104752859
Loss_Val: 0.7901433475992896
ACC_Val: 0.7687861271676301[14082020-183919 - 115]
Loss_Train: 0.5099519093831381
Loss_Val: 0.7904065156524832
ACC_Val: 0.7687861271676301[14082020-183942 - 116]
Loss_Train: 0.5322120289007822
Loss_Val: 0.7905075279149142
ACC_Val: 0.7687861271676301[14082020-184004 - 117]
Loss_Train: 0.5424577196439108
Loss_Val: 0.7903530123558912
ACC_Val: 0.7687861271676301[14082020-184026 - 118]
Loss_Train: 0.5252444843451182
Loss_Val: 0.7902638018131256
ACC_Val: 0.7687861271676301[14082020-184048 - 119 - SAVE]
Loss_Train: 0.5053091198205948
Loss_Val: 0.7899581248109991
ACC_Val: 0.7687861271676301[14082020-184110 - 120 - SAVE]
Loss_Train: 0.5253324409325918
Loss_Val: 0.7898106006058779
ACC_Val: 0.7687861271676301[14082020-184132 - 121 - SAVE]
Loss_Train: 0.5158798545598984
Loss_Val: 0.7896792143583298
ACC_Val: 0.7687861271676301[14082020-184154 - 122 - SAVE]
Loss_Train: 0.5182720770438513
Loss_Val: 0.7894842584024776
ACC_Val: 0.7687861271676301[14082020-184216 - 123 - SAVE]
Loss_Train: 0.5190437336762747
Loss_Val: 0.7892170900648291
ACC_Val: 0.7687861271676301[14082020-184239 - 124 - SAVE]
Loss_Train: 0.5317355791727701
Loss_Val: 0.7891279553825205
ACC_Val: 0.7687861271676301[14082020-184301 - 125 - SAVE]
Loss_Train: 0.516459658741951
Loss_Val: 0.78905665603551
ACC_Val: 0.7687861271676301[14082020-184323 - 126]
Loss_Train: 0.5214877724647522
Loss_Val: 0.7890729673884131
ACC_Val: 0.7687861271676301[14082020-184345 - 127 - SAVE]
Loss_Train: 0.5255445142587026
Loss_Val: 0.7888564724813808
ACC_Val: 0.7687861271676301[14082020-184408 - 128 - SAVE]
Loss_Train: 0.5257106522719065
Loss_Val: 0.788702054457231
ACC_Val: 0.7687861271676301[14082020-184430 - 129 - SAVE]
Loss_Train: 0.5408591230710348
Loss_Val: 0.7885184680873697
ACC_Val: 0.7687861271676301[14082020-184453 - 130 - SAVE]
Loss_Train: 0.5353561093409857
Loss_Val: 0.7884979126128283
ACC_Val: 0.7687861271676301[14082020-184515 - 131]
Loss_Train: 0.5046832611163458
Loss_Val: 0.7885369672016664
ACC_Val: 0.7687861271676301[14082020-184537 - 132 - SAVE]
Loss_Train: 0.5208140263954798
Loss_Val: 0.7884626171805642
ACC_Val: 0.7687861271676301[14082020-184559 - 133 - SAVE]
Loss_Train: 0.5155684997638067
Loss_Val: 0.7881725024093281
ACC_Val: 0.7687861271676301[14082020-184621 - 134 - SAVE]
Loss_Train: 0.5117326925198237
Loss_Val: 0.7880123528567228
ACC_Val: 0.7687861271676301[14082020-184643 - 135 - SAVE]
Loss_Train: 0.5155476232369741
Loss_Val: 0.7877931594848633
ACC_Val: 0.7687861271676301[14082020-184706 - 136 - SAVE]
Loss_Train: 0.5108640144268671
Loss_Val: 0.7875311063094572
ACC_Val: 0.7687861271676301[14082020-184728 - 137 - SAVE]
Loss_Train: 0.5457719465096792
Loss_Val: 0.7870775271545757
ACC_Val: 0.7687861271676301[14082020-184750 - 138 - SAVE]
Loss_Train: 0.5177642206350962
Loss_Val: 0.7868121388283643
ACC_Val: 0.7687861271676301[14082020-184812 - 139 - SAVE]
Loss_Train: 0.5195720543464025
Loss_Val: 0.7867280651222576
ACC_Val: 0.7687861271676301[14082020-184835 - 140 - SAVE]
Loss_Train: 0.5147393147150675
Loss_Val: 0.7863741557706486
ACC_Val: 0.7687861271676301[14082020-184857 - 141]
Loss_Train: 0.5204365601142248
Loss_Val: 0.7864832566543059
ACC_Val: 0.7687861271676301[14082020-184919 - 142]
Loss_Train: 0.5144771834214529
Loss_Val: 0.7865228558128531
ACC_Val: 0.7687861271676301