[27082020-122106 - 1 - SAVE]
Loss_Train: 0.2891229409724474
Loss_Val: 0.06488482736878926
ACC_Val: 0.9799635701275046
[27082020-122131 - 2 - SAVE]
Loss_Train: 0.2441137071698904
Loss_Val: 0.042872087409098945
ACC_Val: 0.9890710382513661
[27082020-122156 - 3 - SAVE]
Loss_Train: 0.1924647193402052
Loss_Val: 0.012270402008046707
ACC_Val: 0.9927140255009107
[27082020-122223 - 4]
Loss_Train: 0.13348122108727695
Loss_Val: 0.04201156459748745
ACC_Val: 0.9854280510018215
[27082020-122247 - 5]
Loss_Train: 0.12225754261016845
Loss_Val: 0.07983496002594216
ACC_Val: 0.97632058287796
[27082020-122312 - 6]
Loss_Train: 0.0933222098276019
Loss_Val: 0.18504412337723705
ACC_Val: 0.9799635701275046
[27082020-122336 - 7 - SAVE]
Loss_Train: 0.07444981411099434
Loss_Val: 0.02869440829898748
ACC_Val: 0.994535519125683
[27082020-122401 - 8 - SAVE]
Loss_Train: 0.08252682983875274
Loss_Val: 0.006005105381417606
ACC_Val: 0.9981785063752276
[27082020-122426 - 9]
Loss_Train: 0.06956010926514863
Loss_Val: 0.036453458247706294
ACC_Val: 0.9927140255009107
[27082020-122451 - 10]
Loss_Train: 0.05669662896543741
Loss_Val: 0.09118767629034766
ACC_Val: 0.9836065573770492
[27082020-122516 - 11]
Loss_Train: 0.0826727069914341
Loss_Val: 0.09758001358972655
ACC_Val: 0.9908925318761385
[27082020-122542 - 12]
Loss_Train: 0.0642000213265419
Loss_Val: 0.07725525208580722
ACC_Val: 0.994535519125683
[27082020-122605 - 13]
Loss_Train: 0.05904113100841642
Loss_Val: 0.07471233614746274
ACC_Val: 0.994535519125683
[27082020-122629 - 14]
Loss_Train: 0.035959189757704735
Loss_Val: 0.03583001262611813
ACC_Val: 0.9981785063752276
[27082020-122652 - 15]
Loss_Train: 0.04069100143387914
Loss_Val: 0.024687695669450074
ACC_Val: 0.9981785063752276
[27082020-122715 - 16]
Loss_Train: 0.032238009944558145
Loss_Val: 0.021265155574332714
ACC_Val: 0.9981785063752276
[27082020-122739 - 17]
Loss_Train: 0.028222202323377132
Loss_Val: 0.02237565583588245
ACC_Val: 0.9981785063752276
[27082020-122802 - 18]
Loss_Train: 0.03213231824338436
Loss_Val: 0.015120983453622708
ACC_Val: 0.9981785063752276
[27082020-122825 - 19]
Loss_Train: 0.030134790670126678
Loss_Val: 0.012564765247386984
ACC_Val: 0.9981785063752276
[27082020-122848 - 20]
Loss_Train: 0.03237152472138405
Loss_Val: 0.01211591611435223
ACC_Val: 0.9981785063752276
[27082020-122911 - 21]
Loss_Train: 0.030973749235272408
Loss_Val: 0.013667896389961243
ACC_Val: 0.9981785063752276
[27082020-122935 - 22]
Loss_Train: 0.03030283357948065
Loss_Val: 0.013287945255999349
ACC_Val: 0.9981785063752276
[27082020-122958 - 23]
Loss_Train: 0.02911836504936218
Loss_Val: 0.01507670117684433
ACC_Val: 0.9981785063752276
[27082020-123021 - 24]
Loss_Train: 0.03188738571479917
Loss_Val: 0.012106043099063553
ACC_Val: 0.9981785063752276
[27082020-123044 - 25]
Loss_Train: 0.03004902144894004
Loss_Val: 0.012665454049258389
ACC_Val: 0.9981785063752276
[27082020-123108 - 26]
Loss_Train: 0.02469564452767372
Loss_Val: 0.014152543412314521
ACC_Val: 0.9981785063752276
[27082020-123131 - 27]
Loss_Train: 0.028227862808853386
Loss_Val: 0.012589096693166843
ACC_Val: 0.9981785063752276
[27082020-123154 - 28]
Loss_Train: 0.023697723168879747
Loss_Val: 0.014520367316436023
ACC_Val: 0.9981785063752276
[27082020-123217 - 29]
Loss_Train: 0.02611429924145341
Loss_Val: 0.014120151599248251
ACC_Val: 0.9981785063752276
[27082020-123241 - 30]
Loss_Train: 0.0241173037327826
Loss_Val: 0.01527128252847534
ACC_Val: 0.9981785063752276
[27082020-123304 - 31]
Loss_Train: 0.025276635587215424
Loss_Val: 0.013946353891191797
ACC_Val: 0.9981785063752276
[27082020-123327 - 32]
Loss_Train: 0.038146295212209226
Loss_Val: 0.01312825778990777
ACC_Val: 0.9981785063752276
[27082020-123350 - 33]
Loss_Train: 0.01690581925213337
Loss_Val: 0.014973376030361073
ACC_Val: 0.9981785063752276
