[18082020-020806 - 1 - SAVE]
Loss_Train: 0.9993120784992757
Loss_Val: 1.0943408960645848
ACC_Val: 0.6820809248554913
[18082020-020834 - 2 - SAVE]
Loss_Train: 0.6541974816633307
Loss_Val: 0.7447260096669197
ACC_Val: 0.7803468208092486
[18082020-020901 - 3 - SAVE]
Loss_Train: 0.306823561049026
Loss_Val: 0.8625311729582873
ACC_Val: 0.815028901734104
[18082020-020928 - 4 - SAVE]
Loss_Train: 0.17596967971843222
Loss_Val: 0.7534164542501623
ACC_Val: 0.8323699421965318
[18082020-020953 - 5]
Loss_Train: 0.14562965654160664
Loss_Val: 1.085733193988827
ACC_Val: 0.7803468208092486
[18082020-021013 - 6]
Loss_Train: 0.09555349774334741
Loss_Val: 0.8986829765860669
ACC_Val: 0.8265895953757225
[18082020-021034 - 7]
Loss_Train: 0.09555725235006084
Loss_Val: 1.1340073306452145
ACC_Val: 0.8265895953757225
[18082020-021055 - 8 - SAVE]
Loss_Train: 0.10959539756826732
Loss_Val: 1.025738317858089
ACC_Val: 0.838150289017341
[18082020-021116 - 9]
Loss_Train: 0.1056241454637569
Loss_Val: 0.8989198234948245
ACC_Val: 0.838150289017341
[18082020-021138 - 10 - SAVE]
Loss_Train: 0.07458556184302205
Loss_Val: 0.7941115708513693
ACC_Val: 0.884393063583815
[18082020-021205 - 11 - SAVE]
Loss_Train: 0.024627576460656914
Loss_Val: 0.7973285175182603
ACC_Val: 0.8959537572254336
[18082020-021230 - 12]
Loss_Train: 0.017096780574597095
Loss_Val: 0.8271521949632601
ACC_Val: 0.8959537572254336
[18082020-021256 - 13 - SAVE]
Loss_Train: 0.02390978452952012
Loss_Val: 0.8546260260045528
ACC_Val: 0.9017341040462428
[18082020-021322 - 14]
Loss_Train: 0.013984341781748377
Loss_Val: 0.8655325049026446
ACC_Val: 0.8959537572254336
[18082020-021348 - 15]
Loss_Train: 0.015829028581957453
Loss_Val: 0.8633276884528723
ACC_Val: 0.8959537572254336
[18082020-021412 - 16]
Loss_Train: 0.010822450013264366
Loss_Val: 0.8555976463989778
ACC_Val: 0.8959537572254336
[18082020-021439 - 17]
Loss_Train: 0.012429947681401087
Loss_Val: 0.8517117424106057
ACC_Val: 0.8959537572254336
[18082020-021504 - 18]
Loss_Train: 0.003449040095564788
Loss_Val: 0.861441885036501
ACC_Val: 0.8959537572254336
[18082020-021529 - 19]
Loss_Train: 0.006194381934145223
Loss_Val: 0.8698113492944024
ACC_Val: 0.8959537572254336
[18082020-021555 - 20]
Loss_Train: 0.005549740694139315
Loss_Val: 0.8768843179568648
ACC_Val: 0.8901734104046243
[18082020-021621 - 21]
Loss_Train: 0.005203570482199607
Loss_Val: 0.8810695675625042
ACC_Val: 0.8901734104046243
[18082020-021646 - 22]
Loss_Train: 0.005666003522017728
Loss_Val: 0.878859518603845
ACC_Val: 0.8901734104046243
[18082020-021713 - 23]
Loss_Train: 0.002966089052674563
Loss_Val: 0.875568927181038
ACC_Val: 0.8901734104046243
[18082020-021739 - 24]
Loss_Train: 0.0031802965398958845
Loss_Val: 0.881369173780761
ACC_Val: 0.8901734104046243
[18082020-021804 - 25]
Loss_Train: 0.003982192772799981
Loss_Val: 0.8881499033251946
ACC_Val: 0.8901734104046243
[18082020-021829 - 26]
Loss_Train: 0.0032263774748729625
Loss_Val: 0.8912864688106559
ACC_Val: 0.8901734104046243
[18082020-021855 - 27]
Loss_Train: 0.0058255423994167995
Loss_Val: 0.8910484346137806
ACC_Val: 0.8959537572254336
[18082020-021919 - 28]
Loss_Train: 0.0056706590517221584
Loss_Val: 0.912882848219438
ACC_Val: 0.8959537572254336
[18082020-021945 - 29]
Loss_Train: 0.007331152975498496
Loss_Val: 0.9182393393394622
ACC_Val: 0.8959537572254336
[18082020-022010 - 30]
Loss_Train: 0.003130863238449978
Loss_Val: 0.9190987316383556
ACC_Val: 0.8959537572254336
[18082020-022036 - 31]
Loss_Train: 0.00710225178171759
Loss_Val: 0.912389725192704
ACC_Val: 0.8959537572254336
[18082020-022102 - 32]
Loss_Train: 0.00486810019482737
Loss_Val: 0.9043990267779339
ACC_Val: 0.8959537572254336
[18082020-022129 - 33]
Loss_Train: 0.004340356134850046
Loss_Val: 0.9079091404988007
ACC_Val: 0.8901734104046243
[18082020-022154 - 34]
Loss_Train: 0.0024141240662530713
Loss_Val: 0.9093218375505372
ACC_Val: 0.8901734104046243
[18082020-022220 - 35]
Loss_Train: 0.002462893771260734
Loss_Val: 0.9157178789715875
ACC_Val: 0.8901734104046243
[18082020-022247 - 36]
Loss_Train: 0.0015291667381382506
Loss_Val: 0.9169319247488271
ACC_Val: 0.8901734104046243
[18082020-022313 - 37]
Loss_Train: 0.0018975374607733734
Loss_Val: 0.9172938867387447
ACC_Val: 0.8901734104046243
[18082020-022339 - 38]
Loss_Train: 0.0017193211394402645
Loss_Val: 0.9222674015062776
ACC_Val: 0.8901734104046243
