[14082020-164802 - 1 - SAVE]
Loss_Train: 2.463138202826182
Loss_Val: 2.3881583213806152
ACC_Val: 0.2023121387283237[14082020-164824 - 2]
Loss_Train: 1.3063807487487793
Loss_Val: 2.4534872716123406
ACC_Val: 0.2947976878612717[14082020-164846 - 3]
Loss_Train: 0.8545732696851095
Loss_Val: 2.4497420516881077
ACC_Val: 0.34104046242774566[14082020-164909 - 4 - SAVE]
Loss_Train: 0.669154554605484
Loss_Val: 2.370574588125402
ACC_Val: 0.36416184971098264[14082020-164931 - 5]
Loss_Train: 0.4917532950639725
Loss_Val: 2.5839159271933814
ACC_Val: 0.3699421965317919[14082020-164953 - 6 - SAVE]
Loss_Train: 0.4061426967382431
Loss_Val: 2.3599484887990085
ACC_Val: 0.3872832369942196[14082020-165016 - 7 - SAVE]
Loss_Train: 0.346701443195343
Loss_Val: 2.273219406604767
ACC_Val: 0.41040462427745666[14082020-165039 - 8 - SAVE]
Loss_Train: 0.32902740438779193
Loss_Val: 2.0956709439104255
ACC_Val: 0.4682080924855491[14082020-165102 - 9 - SAVE]
Loss_Train: 0.2730105196436246
Loss_Val: 2.076124985109676
ACC_Val: 0.4797687861271676[14082020-165124 - 10 - SAVE]
Loss_Train: 0.23835857212543488
Loss_Val: 1.9820134856484153
ACC_Val: 0.5491329479768786[14082020-165147 - 11 - SAVE]
Loss_Train: 0.2365912919243177
Loss_Val: 1.7183694365349682
ACC_Val: 0.5895953757225434[14082020-165209 - 12 - SAVE]
Loss_Train: 0.23195972045262656
Loss_Val: 1.6923839449882507
ACC_Val: 0.6069364161849711[14082020-165232 - 13 - SAVE]
Loss_Train: 0.20128186543782553
Loss_Val: 1.579319569197568
ACC_Val: 0.6184971098265896[14082020-165255 - 14 - SAVE]
Loss_Train: 0.2253025397658348
Loss_Val: 1.5090658014470881
ACC_Val: 0.6589595375722543[14082020-165317 - 15]
Loss_Train: 0.19624917954206467
Loss_Val: 1.6683166717941111
ACC_Val: 0.6473988439306358[14082020-165339 - 16]
Loss_Train: 0.21187872687975565
Loss_Val: 1.5823977427049116
ACC_Val: 0.6705202312138728[14082020-165402 - 17]
Loss_Train: 0.18183616548776627
Loss_Val: 1.5471347909082065
ACC_Val: 0.7283236994219653[14082020-165424 - 18]
Loss_Train: 0.19991495460271835
Loss_Val: 1.6659521934661
ACC_Val: 0.7052023121387283[14082020-165446 - 19]
Loss_Train: 0.1885188470284144
Loss_Val: 1.54180470244451
ACC_Val: 0.7225433526011561[14082020-165509 - 20 - SAVE]
Loss_Train: 0.15513818462689719
Loss_Val: 1.4272214824503118
ACC_Val: 0.7456647398843931[14082020-165531 - 21 - SAVE]
Loss_Train: 0.12924343968431154
Loss_Val: 1.3555502877994017
ACC_Val: 0.7630057803468208[14082020-165553 - 22 - SAVE]
Loss_Train: 0.11746861909826596
Loss_Val: 1.310005254366181
ACC_Val: 0.7745664739884393[14082020-165616 - 23 - SAVE]
Loss_Train: 0.14492405330141386
Loss_Val: 1.3006272207606921
ACC_Val: 0.7745664739884393[14082020-165638 - 24 - SAVE]
Loss_Train: 0.12003593395153682
Loss_Val: 1.2958303391933441
ACC_Val: 0.7745664739884393[14082020-165701 - 25 - SAVE]
Loss_Train: 0.10758958756923676
Loss_Val: 1.2640535533428192
ACC_Val: 0.7803468208092486[14082020-165723 - 26 - SAVE]
Loss_Train: 0.1306003580490748
Loss_Val: 1.2290743711319836
ACC_Val: 0.7861271676300579[14082020-165745 - 27 - SAVE]
Loss_Train: 0.10118438303470612
Loss_Val: 1.220432075587186
ACC_Val: 0.7976878612716763[14082020-165809 - 28]
Loss_Train: 0.09408080702026685
Loss_Val: 1.2324500530958176
ACC_Val: 0.7976878612716763[14082020-165831 - 29]
Loss_Train: 0.11080756535132726
Loss_Val: 1.2307476916096427
ACC_Val: 0.791907514450867[14082020-165853 - 30]
Loss_Train: 0.09006019681692123
Loss_Val: 1.2252442972226576
ACC_Val: 0.7976878612716763[14082020-165916 - 31]
Loss_Train: 0.08667225266496341
Loss_Val: 1.2258593020114033
ACC_Val: 0.8034682080924855[14082020-165939 - 32 - SAVE]
Loss_Train: 0.09471691151460011
Loss_Val: 1.2141348719596863
ACC_Val: 0.8034682080924855[14082020-170001 - 33 - SAVE]
Loss_Train: 0.10081981867551804
Loss_Val: 1.1998029459606518
ACC_Val: 0.8034682080924855[14082020-170023 - 34 - SAVE]
Loss_Train: 0.08173436050613721
Loss_Val: 1.1849606003273616
ACC_Val: 0.8034682080924855[14082020-170046 - 35 - SAVE]
Loss_Train: 0.11915001024802525
Loss_Val: 1.1699720431457867
ACC_Val: 0.8034682080924855[14082020-170108 - 36 - SAVE]
Loss_Train: 0.08627460524439812
Loss_Val: 1.1568632152947513
ACC_Val: 0.8092485549132948[14082020-170130 - 37 - SAVE]
Loss_Train: 0.08114339349170525
Loss_Val: 1.1456908129832961
ACC_Val: 0.815028901734104[14082020-170153 - 38 - SAVE]
Loss_Train: 0.06905301536122958
Loss_Val: 1.13860576803034
ACC_Val: 0.8208092485549133[14082020-170216 - 39 - SAVE]
Loss_Train: 0.06568664436539014
Loss_Val: 1.133306846022606
ACC_Val: 0.8092485549132948[14082020-170239 - 40 - SAVE]
Loss_Train: 0.0831960824628671
Loss_Val: 1.1256634464318103
ACC_Val: 0.8092485549132948[14082020-170301 - 41 - SAVE]
Loss_Train: 0.10089417050282161
Loss_Val: 1.121609670872038
ACC_Val: 0.8092485549132948[14082020-170324 - 42 - SAVE]
Loss_Train: 0.09458362311124802
Loss_Val: 1.1158432791178876
ACC_Val: 0.7976878612716763[14082020-170347 - 43 - SAVE]
Loss_Train: 0.08617936943968137
Loss_Val: 1.1076145402409814
ACC_Val: 0.7976878612716763[14082020-170409 - 44 - SAVE]
Loss_Train: 0.09582354252537091
Loss_Val: 1.0996777882630175
ACC_Val: 0.7976878612716763[14082020-170432 - 45 - SAVE]
Loss_Train: 0.08802535571157932
Loss_Val: 1.0916089327497915
ACC_Val: 0.7976878612716763[14082020-170454 - 46 - SAVE]
Loss_Train: 0.07097362168133259
Loss_Val: 1.0821350013667888
ACC_Val: 0.8092485549132948[14082020-170517 - 47 - SAVE]
Loss_Train: 0.0753019650777181
Loss_Val: 1.0748112492940642
ACC_Val: 0.8092485549132948[14082020-170539 - 48 - SAVE]
Loss_Train: 0.07868242325882117
Loss_Val: 1.0705209083177827
ACC_Val: 0.8092485549132948[14082020-170602 - 49 - SAVE]
Loss_Train: 0.07714735219875972
Loss_Val: 1.067340463399887
ACC_Val: 0.8034682080924855[14082020-170624 - 50 - SAVE]
Loss_Train: 0.0760833490639925
Loss_Val: 1.0632245242595673
ACC_Val: 0.8034682080924855[14082020-170646 - 51 - SAVE]
Loss_Train: 0.0658749168117841
Loss_Val: 1.0591963204470547
ACC_Val: 0.8034682080924855[14082020-170709 - 52 - SAVE]
Loss_Train: 0.07803825909892718
Loss_Val: 1.0520387589931488
ACC_Val: 0.8092485549132948[14082020-170731 - 53 - SAVE]
Loss_Train: 0.08032193221151829
Loss_Val: 1.045175316658887
ACC_Val: 0.8208092485549133[14082020-170754 - 54 - SAVE]
Loss_Train: 0.06832975211242835
Loss_Val: 1.0380936366590587
ACC_Val: 0.8208092485549133[14082020-170817 - 55 - SAVE]
Loss_Train: 0.0657048827658097
Loss_Val: 1.033756043423306
ACC_Val: 0.815028901734104[14082020-170839 - 56 - SAVE]
Loss_Train: 0.08471870670715968
Loss_Val: 1.0292839841409163
ACC_Val: 0.815028901734104[14082020-170902 - 57 - SAVE]
Loss_Train: 0.08423075328270595
Loss_Val: 1.025950240817937
ACC_Val: 0.8092485549132948[14082020-170924 - 58 - SAVE]
Loss_Train: 0.07657938574751218
Loss_Val: 1.021492918783968
ACC_Val: 0.815028901734104[14082020-170947 - 59 - SAVE]
Loss_Train: 0.0854877841969331
Loss_Val: 1.0188465321605855
ACC_Val: 0.815028901734104[14082020-171009 - 60 - SAVE]
Loss_Train: 0.07063835797210534
Loss_Val: 1.0160646872086958
ACC_Val: 0.815028901734104[14082020-171032 - 61 - SAVE]
Loss_Train: 0.08044085527459781
Loss_Val: 1.0137412697076797
ACC_Val: 0.815028901734104[14082020-171055 - 62]
Loss_Train: 0.08285291989644368
Loss_Val: 1.0153203457593918
ACC_Val: 0.8208092485549133[14082020-171117 - 63]
Loss_Train: 0.06614471351106961
Loss_Val: 1.0137566490606829
ACC_Val: 0.8208092485549133[14082020-171139 - 64 - SAVE]
Loss_Train: 0.06465613407393296
Loss_Val: 1.0103317702358419
ACC_Val: 0.8208092485549133[14082020-171202 - 65 - SAVE]
Loss_Train: 0.08912993719180425
Loss_Val: 1.0054835758425973
ACC_Val: 0.8208092485549133[14082020-171224 - 66 - SAVE]
Loss_Train: 0.05707401596009731
Loss_Val: 1.0016595409675078
ACC_Val: 0.8208092485549133[14082020-171247 - 67 - SAVE]
Loss_Train: 0.09010211129983266
Loss_Val: 0.9973175430839712
ACC_Val: 0.8208092485549133[14082020-171309 - 68 - SAVE]
Loss_Train: 0.07768306136131287
Loss_Val: 0.9936771433461796
ACC_Val: 0.815028901734104[14082020-171332 - 69 - SAVE]
Loss_Train: 0.07260518955687682
Loss_Val: 0.9920729493552988
ACC_Val: 0.8208092485549133[14082020-171354 - 70 - SAVE]
Loss_Train: 0.06715037735799949
Loss_Val: 0.991852846335281
ACC_Val: 0.815028901734104[14082020-171416 - 71]
Loss_Train: 0.09209838012854259
Loss_Val: 0.9943152916702357
ACC_Val: 0.815028901734104[14082020-171439 - 72]
Loss_Train: 0.07240296651919682
Loss_Val: 0.9939157177101482
ACC_Val: 0.815028901734104[14082020-171501 - 73 - SAVE]
Loss_Train: 0.06170889766265949
Loss_Val: 0.9900231794877485
ACC_Val: 0.815028901734104[14082020-171523 - 74]
Loss_Train: 0.07988461603720982
Loss_Val: 0.9902290959249843
ACC_Val: 0.815028901734104[14082020-171546 - 75]
Loss_Train: 0.06771226910253365
Loss_Val: 0.991381588307294
ACC_Val: 0.815028901734104[14082020-171608 - 76]
Loss_Train: 0.06523522424201171
Loss_Val: 0.9914962595159357
ACC_Val: 0.8092485549132948[14082020-171630 - 77 - SAVE]
Loss_Train: 0.0745478483537833
Loss_Val: 0.9874766983769157
ACC_Val: 0.8208092485549133[14082020-171653 - 78 - SAVE]
Loss_Train: 0.06584025050203006
Loss_Val: 0.981689344075593
ACC_Val: 0.8208092485549133[14082020-171715 - 79 - SAVE]
Loss_Train: 0.08377158269286156
Loss_Val: 0.9758772098205306
ACC_Val: 0.8208092485549133[14082020-171738 - 80 - SAVE]
Loss_Train: 0.08060453335444133
Loss_Val: 0.9732479256662455
ACC_Val: 0.8208092485549133[14082020-171800 - 81 - SAVE]
Loss_Train: 0.08214523891607921
Loss_Val: 0.9661711142821745
ACC_Val: 0.8208092485549133[14082020-171823 - 82 - SAVE]
Loss_Train: 0.07049640578528245
Loss_Val: 0.9631959037347273
ACC_Val: 0.8208092485549133[14082020-171845 - 83 - SAVE]
Loss_Train: 0.07109255033234756
Loss_Val: 0.9625774703242562
ACC_Val: 0.8208092485549133[14082020-171908 - 84]
Loss_Train: 0.06974177062511444
Loss_Val: 0.9631479680538177
ACC_Val: 0.8208092485549133[14082020-171930 - 85 - SAVE]
Loss_Train: 0.07634769255916278
Loss_Val: 0.9612713090398095
ACC_Val: 0.815028901734104[14082020-171953 - 86 - SAVE]
Loss_Train: 0.07364161312580109
Loss_Val: 0.9611502208492972
ACC_Val: 0.8092485549132948[14082020-172016 - 87]
Loss_Train: 0.074631342664361
Loss_Val: 0.9620088514956561
ACC_Val: 0.8092485549132948[14082020-172038 - 88 - SAVE]
Loss_Train: 0.06419001954297225
Loss_Val: 0.9590226520191539
ACC_Val: 0.8092485549132948[14082020-172100 - 89 - SAVE]
Loss_Train: 0.07568828513224919
Loss_Val: 0.9554883160374381
ACC_Val: 0.8092485549132948[14082020-172123 - 90 - SAVE]
Loss_Train: 0.06295064340035121
Loss_Val: 0.9526459351181984
ACC_Val: 0.8092485549132948[14082020-172145 - 91]
Loss_Train: 0.061465745170911155
Loss_Val: 0.9528975168412382
ACC_Val: 0.8092485549132948[14082020-172208 - 92]
Loss_Train: 0.06867957301437855
Loss_Val: 0.9527051773938265
ACC_Val: 0.815028901734104[14082020-172230 - 93 - SAVE]
Loss_Train: 0.05944025206069151
Loss_Val: 0.951926935125481
ACC_Val: 0.815028901734104[14082020-172252 - 94 - SAVE]
Loss_Train: 0.052425709863503776
Loss_Val: 0.9506821876222437
ACC_Val: 0.815028901734104[14082020-172315 - 95]
Loss_Train: 0.07508195812503497
Loss_Val: 0.9514781968160109
ACC_Val: 0.815028901734104[14082020-172337 - 96]
Loss_Train: 0.06017242930829525
Loss_Val: 0.9552813680334524
ACC_Val: 0.815028901734104[14082020-172400 - 97]
Loss_Train: 0.0511907214919726
Loss_Val: 0.9629635553468358
ACC_Val: 0.815028901734104[14082020-172422 - 98]
Loss_Train: 0.058578976740439735
Loss_Val: 0.9668439775705338
ACC_Val: 0.815028901734104[14082020-172444 - 99]
Loss_Train: 0.06720770336687565
Loss_Val: 0.966464794494889
ACC_Val: 0.815028901734104[14082020-172507 - 100]
Loss_Train: 0.06490606566270192
Loss_Val: 0.9662476073611866
ACC_Val: 0.815028901734104[14082020-172529 - 101]
Loss_Train: 0.05237813697506984
Loss_Val: 0.9662944207137282
ACC_Val: 0.815028901734104[14082020-172551 - 102]
Loss_Train: 0.05959794856607914
Loss_Val: 0.9662896333770319
ACC_Val: 0.815028901734104[14082020-172614 - 103]
Loss_Train: 0.057829259584347405
Loss_Val: 0.9665788059884851
ACC_Val: 0.815028901734104[14082020-172636 - 104]
Loss_Train: 0.07108836186428864
Loss_Val: 0.9665206359191374
ACC_Val: 0.815028901734104[14082020-172658 - 105]
Loss_Train: 0.06490403848389785
Loss_Val: 0.9659342867406931
ACC_Val: 0.815028901734104[14082020-172721 - 106]
Loss_Train: 0.05339232708017031
Loss_Val: 0.9660129404880784
ACC_Val: 0.815028901734104[14082020-172743 - 107]
Loss_Train: 0.05482742004096508
Loss_Val: 0.9662354473363269
ACC_Val: 0.815028901734104[14082020-172806 - 108]
Loss_Train: 0.06281919715305169
Loss_Val: 0.9664193310520865
ACC_Val: 0.815028901734104[14082020-172828 - 109]
Loss_Train: 0.06483870806793372
Loss_Val: 0.9670886993408203
ACC_Val: 0.815028901734104[14082020-172851 - 110]
Loss_Train: 0.08983765418330829
Loss_Val: 0.9670317443934354
ACC_Val: 0.815028901734104[14082020-172913 - 111]
Loss_Train: 0.08647234986225764
Loss_Val: 0.9667023088444363
ACC_Val: 0.815028901734104[14082020-172936 - 112]
Loss_Train: 0.07924238033592701
Loss_Val: 0.9667578400536017
ACC_Val: 0.815028901734104[14082020-172958 - 113]
Loss_Train: 0.07615931580464046
Loss_Val: 0.9668195667591962
ACC_Val: 0.815028901734104[14082020-173020 - 114]
Loss_Train: 0.06706307145456473
Loss_Val: 0.9668861864642664
ACC_Val: 0.815028901734104