[20082020-134415 - 1 - SAVE]
Loss_Train: 1.967127948999405
Loss_Val: 0.5689680363450732
ACC_Val: 0.7976190476190477
[20082020-134415 - 2 - SAVE]
Loss_Train: 0.7418403327465057
Loss_Val: 0.26942796792302814
ACC_Val: 0.9761904761904762
[20082020-134416 - 3 - SAVE]
Loss_Train: 0.5952725410461426
Loss_Val: 0.15337820422081722
ACC_Val: 0.9880952380952381
[20082020-134417 - 4 - SAVE]
Loss_Train: 0.3406583443284035
Loss_Val: 0.0833000781990233
ACC_Val: 1.0
[20082020-134418 - 5 - SAVE]
Loss_Train: 0.3170120641589165
Loss_Val: 0.06476338704427083
ACC_Val: 1.0
[20082020-134419 - 6 - SAVE]
Loss_Train: 0.2466585598886013
Loss_Val: 0.049626865557261875
ACC_Val: 1.0
[20082020-134419 - 7 - SAVE]
Loss_Train: 0.1358063705265522
Loss_Val: 0.048237583466938565
ACC_Val: 1.0
[20082020-134420 - 8]
Loss_Train: 0.13762697763741016
Loss_Val: 0.060686014947437104
ACC_Val: 1.0
[20082020-134421 - 9]
Loss_Train: 0.0872071897611022
Loss_Val: 0.06864311865397862
ACC_Val: 0.9880952380952381
[20082020-134422 - 10]
Loss_Train: 0.3669282253831625
Loss_Val: 0.0917161334128607
ACC_Val: 0.9642857142857143
[20082020-134423 - 11]
Loss_Train: 0.0956015195697546
Loss_Val: 0.07308959393274217
ACC_Val: 0.9880952380952381
[20082020-134423 - 12]
Loss_Train: 0.08558115363121033
Loss_Val: 0.07251100880759102
ACC_Val: 0.9880952380952381
[20082020-134424 - 13]
Loss_Train: 0.08299818634986877
Loss_Val: 0.06781619929132007
ACC_Val: 0.9880952380952381
[20082020-134425 - 14]
Loss_Train: 0.1305728405714035
Loss_Val: 0.0696619777452378
ACC_Val: 0.9880952380952381
[20082020-134426 - 15]
Loss_Train: 0.2555917603895068
Loss_Val: 0.08171554264568147
ACC_Val: 0.9880952380952381
[20082020-134426 - 16]
Loss_Train: 0.05949024856090546
Loss_Val: 0.07543137527647473
ACC_Val: 0.9880952380952381
[20082020-134427 - 17]
Loss_Train: 0.07204747013747692
Loss_Val: 0.06900325275602795
ACC_Val: 0.9880952380952381
[20082020-134428 - 18]
Loss_Train: 0.11439366638660431
Loss_Val: 0.06881026426951091
ACC_Val: 0.9880952380952381
[20082020-134429 - 19]
Loss_Train: 0.3068329645320773
Loss_Val: 0.07445624044963292
ACC_Val: 0.9880952380952381
[20082020-134430 - 20]
Loss_Train: 0.22029105480760336
Loss_Val: 0.06732491368339175
ACC_Val: 0.9880952380952381
[20082020-134430 - 21]
Loss_Train: 0.047751130536198616
Loss_Val: 0.06749554191316877
ACC_Val: 0.9880952380952381
[20082020-134431 - 22]
Loss_Train: 0.08024607878178358
Loss_Val: 0.06791020007360549
ACC_Val: 0.9880952380952381
[20082020-134432 - 23]
Loss_Train: 0.12549868505448103
Loss_Val: 0.0683111207825797
ACC_Val: 0.9880952380952381
[20082020-134433 - 24]
Loss_Train: 0.07656903192400932
Loss_Val: 0.07322447356723603
ACC_Val: 0.9880952380952381
[20082020-134434 - 25]
Loss_Train: 0.044417061842978
Loss_Val: 0.06776516210465204
ACC_Val: 0.9880952380952381
[20082020-134434 - 26]
Loss_Train: 0.17869917768985033
Loss_Val: 0.07379742037682306
ACC_Val: 0.9880952380952381
[20082020-134435 - 27]
Loss_Train: 0.1493928451091051
Loss_Val: 0.06998263086591448
ACC_Val: 0.9880952380952381
[20082020-134436 - 28]
Loss_Train: 0.29488539323210716
Loss_Val: 0.0651746874763852
ACC_Val: 0.9880952380952381
[20082020-134437 - 29]
Loss_Train: 0.374597642570734
Loss_Val: 0.0638108594076974
ACC_Val: 0.9880952380952381
[20082020-134437 - 30]
Loss_Train: 0.09614772628992796
Loss_Val: 0.07010438896360852
ACC_Val: 0.9880952380952381
[20082020-134438 - 31]
Loss_Train: 0.31607669964432716
Loss_Val: 0.0677397648493449
ACC_Val: 0.9880952380952381
[20082020-134439 - 32]
Loss_Train: 0.11477481201291084
Loss_Val: 0.06704946358998616
ACC_Val: 0.9880952380952381
