[15082020-023225 - 1 - SAVE]
Loss_Train: 2.5499856782996138
Loss_Val: 18181.59259588068
ACC_Val: 0.06936416184971098
[15082020-023250 - 2]
Loss_Train: 2.006280603616134
Loss_Val: 10481360.659090908
ACC_Val: 0.04046242774566474
[15082020-023316 - 3]
Loss_Train: 1.8018123792565388
Loss_Val: 577440.2862215909
ACC_Val: 0.04046242774566474
[15082020-023342 - 4]
Loss_Train: 1.5545862394830454
Loss_Val: 98723.60777698863
ACC_Val: 0.057803468208092484
[15082020-023408 - 5 - SAVE]
Loss_Train: 1.3973620715348616
Loss_Val: 29.235088955272328
ACC_Val: 0.08670520231213873
[15082020-023434 - 6]
Loss_Train: 1.274788032407346
Loss_Val: 3912.3318398215556
ACC_Val: 0.05202312138728324
[15082020-023500 - 7 - SAVE]
Loss_Train: 1.233027846916862
Loss_Val: 20.694447343999688
ACC_Val: 0.1907514450867052
[15082020-023526 - 8]
Loss_Train: 1.223190654879031
Loss_Val: 97.01960026134144
ACC_Val: 0.057803468208092484
[15082020-023553 - 9]
Loss_Train: 1.0779765792514966
Loss_Val: 31.169225042516533
ACC_Val: 0.10982658959537572
[15082020-023620 - 10]
Loss_Train: 1.0943135256352632
Loss_Val: 21.670074592937123
ACC_Val: 0.12138728323699421
[15082020-023646 - 11 - SAVE]
Loss_Train: 0.9825329625088236
Loss_Val: 11.168461030179804
ACC_Val: 0.2138728323699422
[15082020-023712 - 12]
Loss_Train: 0.8589881140252819
Loss_Val: 32.240922234275125
ACC_Val: 0.023121387283236993
[15082020-023738 - 13]
Loss_Train: 0.8473694479983785
Loss_Val: 17.25341454419223
ACC_Val: 0.1676300578034682
[15082020-023804 - 14 - SAVE]
Loss_Train: 0.7161493145901224
Loss_Val: 9.99868591265245
ACC_Val: 0.3583815028901734
[15082020-023831 - 15 - SAVE]
Loss_Train: 0.6499379043993743
Loss_Val: 8.172319829463959
ACC_Val: 0.3815028901734104
[15082020-023858 - 16]
Loss_Train: 0.6643694289352583
Loss_Val: 8.431587652726607
ACC_Val: 0.3352601156069364
[15082020-023924 - 17]
Loss_Train: 0.5585899612177974
Loss_Val: 6.73623616587032
ACC_Val: 0.2947976878612717
[15082020-023952 - 18 - SAVE]
Loss_Train: 0.5476903811745022
Loss_Val: 5.348228768868879
ACC_Val: 0.49710982658959535
[15082020-024019 - 19 - SAVE]
Loss_Train: 0.5069594292537026
Loss_Val: 3.632411566647616
ACC_Val: 0.5028901734104047
[15082020-024047 - 20]
Loss_Train: 0.49511747126993927
Loss_Val: 7.194101290269331
ACC_Val: 0.3468208092485549
[15082020-024113 - 21]
Loss_Train: 0.5793573027071746
Loss_Val: 4.216812746091322
ACC_Val: 0.47398843930635837
[15082020-024139 - 22]
Loss_Train: 0.479003272626711
Loss_Val: 4.007884873585268
ACC_Val: 0.4913294797687861
[15082020-024206 - 23]
Loss_Train: 0.5452829612338025
Loss_Val: 3.469562737779184
ACC_Val: 0.5028901734104047
[15082020-024232 - 24 - SAVE]
Loss_Train: 0.4236860884272534
Loss_Val: 3.233610361814499
ACC_Val: 0.5606936416184971
[15082020-024259 - 25 - SAVE]
Loss_Train: 0.43071542323931405
Loss_Val: 3.396137072281404
ACC_Val: 0.5780346820809249
[15082020-024326 - 26]
Loss_Train: 0.43298524812511774
Loss_Val: 6.794681971723383
ACC_Val: 0.2658959537572254
[15082020-024353 - 27]
Loss_Train: 0.43263695680576825
Loss_Val: 7.328313545747236
ACC_Val: 0.41040462427745666
[15082020-024418 - 28 - SAVE]
Loss_Train: 0.3396224107431329
Loss_Val: 3.916715933517976
ACC_Val: 0.5838150289017341
[15082020-024445 - 29]
Loss_Train: 0.38630484141733334
Loss_Val: 3.3334695425900547
ACC_Val: 0.5549132947976878
[15082020-024512 - 30 - SAVE]
Loss_Train: 0.29784623922213266
Loss_Val: 2.0389384112574835
ACC_Val: 0.6878612716763006
[15082020-024538 - 31 - SAVE]
Loss_Train: 0.12997823888840881
Loss_Val: 1.7372418824921956
ACC_Val: 0.7398843930635838
[15082020-024604 - 32 - SAVE]
Loss_Train: 0.07947480808133664
Loss_Val: 1.6763681830330328
ACC_Val: 0.7572254335260116
[15082020-024631 - 33 - SAVE]
Loss_Train: 0.05813986710880114
Loss_Val: 1.6920041211626746
ACC_Val: 0.7745664739884393
[15082020-024658 - 34 - SAVE]
Loss_Train: 0.044816300434910736
Loss_Val: 1.6517691111022776
ACC_Val: 0.7976878612716763
[15082020-024725 - 35]
Loss_Train: 0.04139473086789898
Loss_Val: 1.566127129576423
ACC_Val: 0.7976878612716763
[15082020-024751 - 36 - SAVE]
Loss_Train: 0.03851106779082962
Loss_Val: 1.560007007284598
ACC_Val: 0.8034682080924855
[15082020-024817 - 37]
Loss_Train: 0.02671326251457567
Loss_Val: 1.6743500659411603
ACC_Val: 0.791907514450867
[15082020-024843 - 38]
Loss_Train: 0.03791850165504476
Loss_Val: 1.6245356012474408
ACC_Val: 0.8034682080924855
[15082020-024908 - 39 - SAVE]
Loss_Train: 0.026445721154627594
Loss_Val: 1.6558782268654217
ACC_Val: 0.815028901734104
[15082020-024934 - 40]
Loss_Train: 0.009781322806425716
Loss_Val: 1.6499668739058755
ACC_Val: 0.8092485549132948
[15082020-025000 - 41]
Loss_Train: 0.018795047927161922
Loss_Val: 1.6700502376664768
ACC_Val: 0.791907514450867
[15082020-025027 - 42]
Loss_Train: 0.016510616340067074
Loss_Val: 1.656523502685807
ACC_Val: 0.8034682080924855
[15082020-025053 - 43]
Loss_Train: 0.016430134844520817
Loss_Val: 1.577798607674512
ACC_Val: 0.8092485549132948
[15082020-025119 - 44]
Loss_Train: 0.010307522247666899
Loss_Val: 1.5798478925769979
ACC_Val: 0.815028901734104
[15082020-025145 - 45 - SAVE]
Loss_Train: 0.009811053619436596
Loss_Val: 1.6053870245814323
ACC_Val: 0.8208092485549133
[15082020-025212 - 46]
Loss_Train: 0.013287198365382526
Loss_Val: 1.6459871943701396
ACC_Val: 0.815028901734104
[15082020-025238 - 47]
Loss_Train: 0.009638223235252435
Loss_Val: 1.6540435274893588
ACC_Val: 0.8208092485549133
[15082020-025307 - 48 - SAVE]
Loss_Train: 0.010226596632729406
Loss_Val: 1.6578247899358922
ACC_Val: 0.8265895953757225
[15082020-025333 - 49]
Loss_Train: 0.008173909422981998
Loss_Val: 1.6636384231123058
ACC_Val: 0.8265895953757225
[15082020-025400 - 50]
Loss_Train: 0.01284098677823077
Loss_Val: 1.669395926323804
ACC_Val: 0.8265895953757225
[15082020-025428 - 51]
Loss_Train: 0.011534940348887492
Loss_Val: 1.6860795786434954
ACC_Val: 0.8265895953757225
[15082020-025455 - 52]
Loss_Train: 0.005322522374943061
Loss_Val: 1.6913530135696584
ACC_Val: 0.8265895953757225
[15082020-025522 - 53]
Loss_Train: 0.007884755568659824
Loss_Val: 1.6877454038370738
ACC_Val: 0.8265895953757225
[15082020-025550 - 54]
Loss_Train: 0.014113422969113226
Loss_Val: 1.6948251432993195
ACC_Val: 0.8265895953757225
[15082020-025618 - 55]
Loss_Train: 0.008337063127723724
Loss_Val: 1.7019504660909825
ACC_Val: 0.8265895953757225
[15082020-025645 - 56]
Loss_Train: 0.020040914497297745
Loss_Val: 1.7080004702914844
ACC_Val: 0.8265895953757225
[15082020-025713 - 57]
Loss_Train: 0.0047468091867378225
Loss_Val: 1.7089082395488566
ACC_Val: 0.8265895953757225
[15082020-025741 - 58]
Loss_Train: 0.014340794645249844
Loss_Val: 1.7123813771388747
ACC_Val: 0.8208092485549133
[15082020-025809 - 59]
Loss_Train: 0.007964358827018219
Loss_Val: 1.7062503295865925
ACC_Val: 0.8265895953757225
[15082020-025837 - 60]
Loss_Train: 0.01563450386342795
Loss_Val: 1.7047331976619633
ACC_Val: 0.8265895953757225
[15082020-025905 - 61]
Loss_Train: 0.005961804407770219
Loss_Val: 1.7111408493735574
ACC_Val: 0.8208092485549133
[15082020-025933 - 62]
Loss_Train: 0.008366762828739846
Loss_Val: 1.7098305557261815
ACC_Val: 0.8208092485549133
[15082020-025954 - 63]
Loss_Train: 0.009835847864767698
Loss_Val: 1.7086449421264909
ACC_Val: 0.8208092485549133
[15082020-030015 - 64]
Loss_Train: 0.011024320417124292
Loss_Val: 1.7111915661530062
ACC_Val: 0.8208092485549133
[15082020-030036 - 65]
Loss_Train: 0.006390659847175298
Loss_Val: 1.7124278599565679
ACC_Val: 0.8208092485549133
[15082020-030058 - 66]
Loss_Train: 0.006827611597659795
Loss_Val: 1.7074956731362776
ACC_Val: 0.8208092485549133
[15082020-030119 - 67]
Loss_Train: 0.004332630495216859
Loss_Val: 1.709524630145593
ACC_Val: 0.8208092485549133
[15082020-030140 - 68]
Loss_Train: 0.013858118458934452
Loss_Val: 1.71010952510617
ACC_Val: 0.8208092485549133
[15082020-030201 - 69]
Loss_Train: 0.006198890027640711
Loss_Val: 1.7059546607461842
ACC_Val: 0.8208092485549133
[15082020-030221 - 70]
Loss_Train: 0.007189803402465971
Loss_Val: 1.70532606609843
ACC_Val: 0.8208092485549133
[15082020-030243 - 71]
Loss_Train: 0.01696369416363861
Loss_Val: 1.710021292621439
ACC_Val: 0.8208092485549133
[15082020-030305 - 72]
Loss_Train: 0.011476944461363651
Loss_Val: 1.7142916342074221
ACC_Val: 0.8208092485549133
[15082020-030327 - 73]
Loss_Train: 0.009026878055326802
Loss_Val: 1.7147891027006237
ACC_Val: 0.8208092485549133
