[15082020-023256 - 1 - SAVE]
Loss_Train: 2.772386682746203
Loss_Val: 1433806.4488636365
ACC_Val: 0.057803468208092484
[15082020-023322 - 2]
Loss_Train: 2.0116106893705283
Loss_Val: 38176.456232244316
ACC_Val: 0.046242774566473986
[15082020-023349 - 3 - SAVE]
Loss_Train: 1.5328028098396633
Loss_Val: 1408.7486877441406
ACC_Val: 0.06358381502890173
[15082020-023415 - 4]
Loss_Train: 1.3934915195340696
Loss_Val: 531.6666017012162
ACC_Val: 0.04046242774566474
[15082020-023441 - 5 - SAVE]
Loss_Train: 1.2033180801764778
Loss_Val: 118.47229133952747
ACC_Val: 0.06936416184971098
[15082020-023507 - 6]
Loss_Train: 1.1789375388103982
Loss_Val: 1572.5541867342863
ACC_Val: 0.05202312138728324
[15082020-023533 - 7]
Loss_Train: 1.0556994158288706
Loss_Val: 128.60967549410734
ACC_Val: 0.06936416184971098
[15082020-023559 - 8 - SAVE]
Loss_Train: 1.023914378622304
Loss_Val: 16.344014341180976
ACC_Val: 0.17341040462427745
[15082020-023626 - 9]
Loss_Train: 0.8810926805371824
Loss_Val: 4.573474688963457
ACC_Val: 0.13872832369942195
[15082020-023653 - 10 - SAVE]
Loss_Train: 0.7694116468014924
Loss_Val: 28.388256555253808
ACC_Val: 0.3815028901734104
[15082020-023719 - 11]
Loss_Train: 0.7966826907966448
Loss_Val: 16.95296037197113
ACC_Val: 0.2543352601156069
[15082020-023745 - 12]
Loss_Train: 0.7337570941966512
Loss_Val: 7.159336295994845
ACC_Val: 0.2774566473988439
[15082020-023811 - 13]
Loss_Train: 0.7731203035168026
Loss_Val: 3.8084361228075894
ACC_Val: 0.3063583815028902
[15082020-023836 - 14]
Loss_Train: 0.7068030976730845
Loss_Val: 7.431583317843351
ACC_Val: 0.2023121387283237
[15082020-023903 - 15]
Loss_Train: 0.6670320267262666
Loss_Val: 7.589985262263905
ACC_Val: 0.3699421965317919
[15082020-023930 - 16 - SAVE]
Loss_Train: 0.46908472867115686
Loss_Val: 3.7987094778906214
ACC_Val: 0.48554913294797686
[15082020-023957 - 17]
Loss_Train: 0.6884264207404592
Loss_Val: 25.59929246252233
ACC_Val: 0.36416184971098264
[15082020-024024 - 18]
Loss_Train: 0.684078388887903
Loss_Val: 13.945030049844222
ACC_Val: 0.2947976878612717
[15082020-024051 - 19 - SAVE]
Loss_Train: 0.5014007415460504
Loss_Val: 3.5416189459237186
ACC_Val: 0.5375722543352601
[15082020-024118 - 20]
Loss_Train: 0.4882630861323813
Loss_Val: 3.73816735365174
ACC_Val: 0.43352601156069365
[15082020-024145 - 21]
Loss_Train: 0.4836284148952235
Loss_Val: 4.110400877215645
ACC_Val: 0.3988439306358382
[15082020-024212 - 22]
Loss_Train: 0.523459431917771
Loss_Val: 8.368421023542231
ACC_Val: 0.5144508670520231
[15082020-024239 - 23]
Loss_Train: 0.4826283662215523
Loss_Val: 10.708309775049036
ACC_Val: 0.5260115606936416
[15082020-024305 - 24]
Loss_Train: 0.4412640773731729
Loss_Val: 8.09746938943863
ACC_Val: 0.5028901734104047
[15082020-024331 - 25 - SAVE]
Loss_Train: 0.3724098156975663
Loss_Val: 1.7780090191147544
ACC_Val: 0.6936416184971098
[15082020-024359 - 26 - SAVE]
Loss_Train: 0.1672003855523856
Loss_Val: 1.175997418436137
ACC_Val: 0.7861271676300579
[15082020-024425 - 27 - SAVE]
Loss_Train: 0.07111301637538102
Loss_Val: 1.1637614118781956
ACC_Val: 0.8497109826589595
[15082020-024451 - 28]
Loss_Train: 0.0640792576191218
Loss_Val: 1.1893294243650003
ACC_Val: 0.8439306358381503
[15082020-024518 - 29 - SAVE]
Loss_Train: 0.05891441254188185
Loss_Val: 1.2077989415688948
ACC_Val: 0.8554913294797688
[15082020-024545 - 30]
Loss_Train: 0.039747115143615265
Loss_Val: 1.3646981025283986
ACC_Val: 0.8497109826589595
[15082020-024612 - 31 - SAVE]
Loss_Train: 0.031890201969477144
Loss_Val: 1.385530104691332
ACC_Val: 0.861271676300578
[15082020-024637 - 32 - SAVE]
Loss_Train: 0.02038353056970822
Loss_Val: 1.3594940948215397
ACC_Val: 0.8670520231213873
[15082020-024703 - 33]
Loss_Train: 0.028572032400204436
Loss_Val: 1.368729411878369
ACC_Val: 0.8670520231213873
[15082020-024730 - 34]
Loss_Train: 0.023748637541480686
Loss_Val: 1.3709060016342185
ACC_Val: 0.861271676300578
[15082020-024757 - 35]
Loss_Train: 0.019863474304261414
Loss_Val: 1.3839854586192153
ACC_Val: 0.8670520231213873
[15082020-024824 - 36 - SAVE]
Loss_Train: 0.01998696187713548
Loss_Val: 1.3992137134244496
ACC_Val: 0.8728323699421965
[15082020-024850 - 37]
Loss_Train: 0.020323031627492088
Loss_Val: 1.412805350243368
ACC_Val: 0.8728323699421965
[15082020-024916 - 38]
Loss_Train: 0.016348354052752256
Loss_Val: 1.4189074149524623
ACC_Val: 0.8728323699421965
[15082020-024942 - 39]
Loss_Train: 0.02163270247452285
Loss_Val: 1.4266135894100775
ACC_Val: 0.8728323699421965
[15082020-025008 - 40]
Loss_Train: 0.020463304027267124
Loss_Val: 1.4295535614206032
ACC_Val: 0.8728323699421965
[15082020-025033 - 41]
Loss_Train: 0.014998550405320913
Loss_Val: 1.432614761997353
ACC_Val: 0.8728323699421965
[15082020-025059 - 42]
Loss_Train: 0.011645051281210845
Loss_Val: 1.4388803613626144
ACC_Val: 0.8728323699421965
[15082020-025126 - 43]
Loss_Train: 0.015412020335054916
Loss_Val: 1.4398892891847275
ACC_Val: 0.8728323699421965
[15082020-025152 - 44]
Loss_Train: 0.010524447116514912
Loss_Val: 1.4399061209776185
ACC_Val: 0.8728323699421965
[15082020-025218 - 45]
Loss_Train: 0.015366486334444387
Loss_Val: 1.4415543531490997
ACC_Val: 0.8728323699421965
[15082020-025245 - 46]
Loss_Train: 0.011403573150544064
Loss_Val: 1.4424239943142643
ACC_Val: 0.8728323699421965
[15082020-025311 - 47]
Loss_Train: 0.011028466098334478
Loss_Val: 1.4437341238795356
ACC_Val: 0.8728323699421965
[15082020-025338 - 48]
Loss_Train: 0.01521717080006214
Loss_Val: 1.443074376068332
ACC_Val: 0.8728323699421965
[15082020-025405 - 49]
Loss_Train: 0.011003717668759435
Loss_Val: 1.4422068270769985
ACC_Val: 0.8728323699421965
[15082020-025432 - 50]
Loss_Train: 0.01384842861443758
Loss_Val: 1.4414358263496647
ACC_Val: 0.8728323699421965
[15082020-025459 - 51]
Loss_Train: 0.014983716947229012
Loss_Val: 1.4417267134413123
ACC_Val: 0.8728323699421965
[15082020-025525 - 52]
Loss_Train: 0.01805200249604557
Loss_Val: 1.4410253629427066
ACC_Val: 0.8728323699421965
[15082020-025552 - 53]
Loss_Train: 0.015466918885383917
Loss_Val: 1.4417233882810583
ACC_Val: 0.8728323699421965
[15082020-025619 - 54]
Loss_Train: 0.01751657111732208
Loss_Val: 1.4430290662090888
ACC_Val: 0.8728323699421965
[15082020-025647 - 55]
Loss_Train: 0.010140570123558458
Loss_Val: 1.4447936296293682
ACC_Val: 0.8728323699421965
[15082020-025714 - 56]
Loss_Train: 0.017387432106973036
Loss_Val: 1.4477867987853559
ACC_Val: 0.8728323699421965
[15082020-025742 - 57]
Loss_Train: 0.014075322076678276
Loss_Val: 1.4485296898267486
ACC_Val: 0.8728323699421965
[15082020-025810 - 58]
Loss_Train: 0.013159160218808962
Loss_Val: 1.451442496512424
ACC_Val: 0.8728323699421965
[15082020-025838 - 59]
Loss_Train: 0.013167749968883783
Loss_Val: 1.4528271224011073
ACC_Val: 0.8728323699421965
[15082020-025905 - 60]
Loss_Train: 0.01895696248697198
Loss_Val: 1.4521681503816084
ACC_Val: 0.8728323699421965
[15082020-025934 - 61]
Loss_Train: 0.011437097979385568
Loss_Val: 1.4511342484673315
ACC_Val: 0.8728323699421965
