[18082020-000438 - 1 - SAVE]
Loss_Train: 2.520639657974243
Loss_Val: 2.5509791482578623
ACC_Val: 0.24855491329479767
[18082020-000517 - 2 - SAVE]
Loss_Train: 1.2773784001668294
Loss_Val: 2.319240163673054
ACC_Val: 0.2658959537572254
[18082020-000555 - 3]
Loss_Train: 0.9223169883092245
Loss_Val: 2.2996960932558235
ACC_Val: 0.23121387283236994
[18082020-000634 - 4 - SAVE]
Loss_Train: 0.7219957311948141
Loss_Val: 2.2301351861520247
ACC_Val: 0.28901734104046245
[18082020-000713 - 5 - SAVE]
Loss_Train: 0.5924567182858785
Loss_Val: 2.2644483609633013
ACC_Val: 0.35260115606936415
[18082020-000752 - 6 - SAVE]
Loss_Train: 0.49219966928164166
Loss_Val: 2.4168866493485193
ACC_Val: 0.36416184971098264
[18082020-000831 - 7]
Loss_Train: 0.42016999920209247
Loss_Val: 2.5097270770506426
ACC_Val: 0.34104046242774566
[18082020-000909 - 8]
Loss_Train: 0.34054242571194965
Loss_Val: 2.507220008156516
ACC_Val: 0.35260115606936415
[18082020-000948 - 9 - SAVE]
Loss_Train: 0.30260445674260456
Loss_Val: 2.4170858697457747
ACC_Val: 0.3699421965317919
[18082020-001026 - 10 - SAVE]
Loss_Train: 0.3161655863126119
Loss_Val: 2.323014557361603
ACC_Val: 0.3872832369942196
[18082020-001105 - 11 - SAVE]
Loss_Train: 0.2811424831549327
Loss_Val: 2.2355246625163336
ACC_Val: 0.3988439306358382
[18082020-001144 - 12 - SAVE]
Loss_Train: 0.27267684539159137
Loss_Val: 2.15481558713046
ACC_Val: 0.4161849710982659
[18082020-001223 - 13 - SAVE]
Loss_Train: 0.2746727367242177
Loss_Val: 2.0944184091958133
ACC_Val: 0.4508670520231214
[18082020-001302 - 14 - SAVE]
Loss_Train: 0.2506760557492574
Loss_Val: 2.0227354060519827
ACC_Val: 0.47398843930635837
[18082020-001341 - 15 - SAVE]
Loss_Train: 0.24391297499338785
Loss_Val: 1.9388033937324176
ACC_Val: 0.49710982658959535
[18082020-001419 - 16 - SAVE]
Loss_Train: 0.24309498568375906
Loss_Val: 1.8586599637161603
ACC_Val: 0.5028901734104047
[18082020-001458 - 17 - SAVE]
Loss_Train: 0.21276216705640158
Loss_Val: 1.785100050947883
ACC_Val: 0.5144508670520231
[18082020-001537 - 18]
Loss_Train: 0.19455152253309885
Loss_Val: 1.7197247933257709
ACC_Val: 0.5086705202312138
[18082020-001615 - 19]
Loss_Train: 0.19760379691918692
Loss_Val: 1.6655967696146532
ACC_Val: 0.5144508670520231
[18082020-001654 - 20 - SAVE]
Loss_Train: 0.22579980889956155
Loss_Val: 1.6131172180175781
ACC_Val: 0.5317919075144508
[18082020-001732 - 21 - SAVE]
Loss_Train: 0.17852037151654562
Loss_Val: 1.5648662637580524
ACC_Val: 0.5549132947976878
[18082020-001812 - 22 - SAVE]
Loss_Train: 0.20578048626581827
Loss_Val: 1.5239714113148777
ACC_Val: 0.5664739884393064
[18082020-001851 - 23 - SAVE]
Loss_Train: 0.18721495072046915
Loss_Val: 1.4731996059417725
ACC_Val: 0.5838150289017341
[18082020-001929 - 24 - SAVE]
Loss_Train: 0.17846963306268057
Loss_Val: 1.432888089255853
ACC_Val: 0.5953757225433526
[18082020-002009 - 25 - SAVE]
Loss_Train: 0.19151708980401358
Loss_Val: 1.394048105586659
ACC_Val: 0.6184971098265896
[18082020-002048 - 26 - SAVE]
Loss_Train: 0.18047544360160828
Loss_Val: 1.3603745563463732
ACC_Val: 0.6242774566473989
[18082020-002127 - 27 - SAVE]
Loss_Train: 0.17061235010623932
Loss_Val: 1.3206233260306446
ACC_Val: 0.630057803468208
[18082020-002205 - 28 - SAVE]
Loss_Train: 0.16956848899523416
Loss_Val: 1.2743134945631027
ACC_Val: 0.653179190751445
[18082020-002244 - 29]
Loss_Train: 0.1706798921028773
Loss_Val: 1.2345071069218896
ACC_Val: 0.653179190751445
[18082020-002323 - 30 - SAVE]
Loss_Train: 0.15785597761472067
Loss_Val: 1.209558369083838
ACC_Val: 0.6589595375722543
[18082020-002402 - 31 - SAVE]
Loss_Train: 0.16380614538987479
Loss_Val: 1.1849218566309323
ACC_Val: 0.6936416184971098
[18082020-002440 - 32 - SAVE]
Loss_Train: 0.17111368477344513
Loss_Val: 1.161322836171497
ACC_Val: 0.6994219653179191
[18082020-002519 - 33 - SAVE]
Loss_Train: 0.13462366660435995
Loss_Val: 1.1403611180457203
ACC_Val: 0.7109826589595376
[18082020-002558 - 34 - SAVE]
Loss_Train: 0.1531894952058792
Loss_Val: 1.1160812906243585
ACC_Val: 0.7283236994219653
[18082020-002636 - 35]
Loss_Train: 0.13800698767105737
Loss_Val: 1.0979694019664417
ACC_Val: 0.7167630057803468
[18082020-002715 - 36]
Loss_Train: 0.14203848938147226
Loss_Val: 1.0864352001385256
ACC_Val: 0.7167630057803468
[18082020-002754 - 37]
Loss_Train: 0.14701871573925018
Loss_Val: 1.0706782706759193
ACC_Val: 0.7225433526011561
[18082020-002833 - 38]
Loss_Train: 0.14014157156149545
Loss_Val: 1.0634275647726925
ACC_Val: 0.7283236994219653
[18082020-002911 - 39 - SAVE]
Loss_Train: 0.138743594288826
Loss_Val: 1.0555238127708435
ACC_Val: 0.7398843930635838
[18082020-002949 - 40 - SAVE]
Loss_Train: 0.1443727413813273
Loss_Val: 1.0457846359773115
ACC_Val: 0.7456647398843931
[18082020-003028 - 41 - SAVE]
Loss_Train: 0.1304635852575302
Loss_Val: 1.0328862328420987
ACC_Val: 0.7514450867052023
[18082020-003107 - 42]
Loss_Train: 0.1352355753382047
Loss_Val: 1.0215719558975913
ACC_Val: 0.7341040462427746
[18082020-003146 - 43]
Loss_Train: 0.11757238954305649
Loss_Val: 1.0130464136600494
ACC_Val: 0.7341040462427746
[18082020-003224 - 44]
Loss_Train: 0.11805486182371776
Loss_Val: 1.004892574115233
ACC_Val: 0.7456647398843931
[18082020-003303 - 45]
Loss_Train: 0.12187201778093974
Loss_Val: 0.9952822883020748
ACC_Val: 0.7456647398843931
[18082020-003341 - 46]
Loss_Train: 0.11173335462808609
Loss_Val: 0.9895854578776793
ACC_Val: 0.7456647398843931
[18082020-003419 - 47]
Loss_Train: 0.11835535118977229
Loss_Val: 0.9845886514945463
ACC_Val: 0.7456647398843931
[18082020-003457 - 48 - SAVE]
Loss_Train: 0.13034645219643912
Loss_Val: 0.9765011288902976
ACC_Val: 0.7572254335260116
[18082020-003536 - 49]
Loss_Train: 0.1184042568008105
Loss_Val: 0.9703545312989842
ACC_Val: 0.7572254335260116
[18082020-003615 - 50 - SAVE]
Loss_Train: 0.11690789957841237
Loss_Val: 0.9607751681046053
ACC_Val: 0.7687861271676301
[18082020-003654 - 51]
Loss_Train: 0.10444281746943791
Loss_Val: 0.9522536776282571
ACC_Val: 0.7687861271676301
[18082020-003733 - 52]
Loss_Train: 0.09664297600587209
Loss_Val: 0.9435479830611836
ACC_Val: 0.7687861271676301
[18082020-003812 - 53]
Loss_Train: 0.10226477185885112
Loss_Val: 0.939856920729984
ACC_Val: 0.7687861271676301
[18082020-003850 - 54 - SAVE]
Loss_Train: 0.09814425806204478
Loss_Val: 0.9382209710099481
ACC_Val: 0.7745664739884393
[18082020-003929 - 55]
Loss_Train: 0.09857391317685445
Loss_Val: 0.9321546432646838
ACC_Val: 0.7687861271676301
[18082020-004008 - 56 - SAVE]
Loss_Train: 0.10564076652129491
Loss_Val: 0.9326643997972662
ACC_Val: 0.7803468208092486
[18082020-004046 - 57 - SAVE]
Loss_Train: 0.09289917101462682
Loss_Val: 0.9334467405622656
ACC_Val: 0.7861271676300579
[18082020-004125 - 58]
Loss_Train: 0.10749742388725281
Loss_Val: 0.9308599802580747
ACC_Val: 0.7803468208092486
[18082020-004204 - 59]
Loss_Train: 0.09217589348554611
Loss_Val: 0.9248378073627298
ACC_Val: 0.7803468208092486
[18082020-004243 - 60]
Loss_Train: 0.0989872341354688
Loss_Val: 0.9215188757939772
ACC_Val: 0.7745664739884393
[18082020-004321 - 61]
Loss_Train: 0.09824124226967494
Loss_Val: 0.9129903736439619
ACC_Val: 0.7803468208092486
[18082020-004400 - 62]
Loss_Train: 0.09300549079974492
Loss_Val: 0.9024005450985648
ACC_Val: 0.7803468208092486
[18082020-004439 - 63]
Loss_Train: 0.09069299946228664
Loss_Val: 0.8965841734951193
ACC_Val: 0.7861271676300579
[18082020-004517 - 64 - SAVE]
Loss_Train: 0.0830153760810693
Loss_Val: 0.9004436243664135
ACC_Val: 0.7976878612716763
[18082020-004556 - 65 - SAVE]
Loss_Train: 0.1040918156504631
Loss_Val: 0.8984137746420774
ACC_Val: 0.8034682080924855
[18082020-004635 - 66]
Loss_Train: 0.09054470807313919
Loss_Val: 0.8922170102596283
ACC_Val: 0.7976878612716763
[18082020-004713 - 67]
Loss_Train: 0.09456709027290344
Loss_Val: 0.8854879059574821
ACC_Val: 0.7976878612716763
[18082020-004752 - 68]
Loss_Train: 0.09039713193972905
Loss_Val: 0.8790222196416422
ACC_Val: 0.791907514450867
[18082020-004831 - 69]
Loss_Train: 0.09923286239306132
Loss_Val: 0.8712359666824341
ACC_Val: 0.7976878612716763
[18082020-004910 - 70]
Loss_Train: 0.09511520713567734
Loss_Val: 0.8703146102753553
ACC_Val: 0.7976878612716763
[18082020-004948 - 71]
Loss_Train: 0.07734646275639534
Loss_Val: 0.8686723363670436
ACC_Val: 0.7976878612716763
[18082020-005026 - 72]
Loss_Train: 0.08003862202167511
Loss_Val: 0.8681047626517036
ACC_Val: 0.7976878612716763
[18082020-005105 - 73]
Loss_Train: 0.08407111714283626
Loss_Val: 0.8622061583128843
ACC_Val: 0.8034682080924855
[18082020-005143 - 74]
Loss_Train: 0.08507586767276128
Loss_Val: 0.856898001649163
ACC_Val: 0.7976878612716763
[18082020-005219 - 75]
Loss_Train: 0.08226898188392322
Loss_Val: 0.8494986234740778
ACC_Val: 0.8034682080924855
[18082020-005257 - 76]
Loss_Train: 0.06988220289349556
Loss_Val: 0.8417310281233354
ACC_Val: 0.7976878612716763
[18082020-005334 - 77]
Loss_Train: 0.07660776128371556
Loss_Val: 0.8402792892672799
ACC_Val: 0.7976878612716763
[18082020-005411 - 78]
Loss_Train: 0.08893785874048869
Loss_Val: 0.8426813171668486
ACC_Val: 0.7976878612716763
[18082020-005448 - 79]
Loss_Train: 0.07612835491696994
Loss_Val: 0.843914430249821
ACC_Val: 0.7976878612716763
[18082020-005525 - 80 - SAVE]
Loss_Train: 0.06956767415006955
Loss_Val: 0.8397854641079903
ACC_Val: 0.8092485549132948
[18082020-005602 - 81]
Loss_Train: 0.0966929445664088
Loss_Val: 0.8378205969929695
ACC_Val: 0.8034682080924855
[18082020-005641 - 82]
Loss_Train: 0.08111027379830678
Loss_Val: 0.8400097353891893
ACC_Val: 0.8034682080924855
[18082020-005718 - 83]
Loss_Train: 0.07764042417208354
Loss_Val: 0.8410675041377544
ACC_Val: 0.7976878612716763
[18082020-005756 - 84]
Loss_Train: 0.07957053184509277
Loss_Val: 0.8430415899916128
ACC_Val: 0.791907514450867
[18082020-005835 - 85]
Loss_Train: 0.08544131368398666
Loss_Val: 0.8455679762092504
ACC_Val: 0.791907514450867
[18082020-005916 - 86]
Loss_Train: 0.07374100635449092
Loss_Val: 0.8452207825400613
ACC_Val: 0.791907514450867
[18082020-005958 - 87]
Loss_Train: 0.06601356466611226
Loss_Val: 0.8417460308833555
ACC_Val: 0.791907514450867
[18082020-010038 - 88]
Loss_Train: 0.07276372114817302
Loss_Val: 0.8381225144998594
ACC_Val: 0.791907514450867
[18082020-010120 - 89]
Loss_Train: 0.07004380474487941
Loss_Val: 0.8358453539284793
ACC_Val: 0.791907514450867
[18082020-010203 - 90]
Loss_Train: 0.06611874202887218
Loss_Val: 0.8342346315356818
ACC_Val: 0.7976878612716763
[18082020-010244 - 91]
Loss_Train: 0.07265578955411911
Loss_Val: 0.8301149945367466
ACC_Val: 0.7976878612716763
[18082020-010324 - 92]
Loss_Train: 0.07078151901563008
Loss_Val: 0.8292101601308043
ACC_Val: 0.7976878612716763
[18082020-010407 - 93]
Loss_Train: 0.06458299110333125
Loss_Val: 0.8259660439057783
ACC_Val: 0.7976878612716763
[18082020-010451 - 94]
Loss_Train: 0.07253014172116916
Loss_Val: 0.8246839534152638
ACC_Val: 0.7976878612716763
[18082020-010533 - 95]
Loss_Train: 0.07972400387128194
Loss_Val: 0.825185823846947
ACC_Val: 0.791907514450867
[18082020-010616 - 96]
Loss_Train: 0.07326263437668483
Loss_Val: 0.8248316618529233
ACC_Val: 0.791907514450867
[18082020-010659 - 97]
Loss_Train: 0.06834175810217857
Loss_Val: 0.8244418393481862
ACC_Val: 0.791907514450867
[18082020-010740 - 98]
Loss_Train: 0.05837192386388779
Loss_Val: 0.8238847797567194
ACC_Val: 0.791907514450867
[18082020-010822 - 99]
Loss_Train: 0.05775707339247068
Loss_Val: 0.8220682719891722
ACC_Val: 0.791907514450867
[18082020-010908 - 100]
Loss_Train: 0.07506117224693298
Loss_Val: 0.8208424746990204
ACC_Val: 0.791907514450867
[18082020-010951 - 101]
Loss_Train: 0.07564843073487282
Loss_Val: 0.817379505796866
ACC_Val: 0.791907514450867
[18082020-011035 - 102]
Loss_Train: 0.08444213370482127
Loss_Val: 0.8149770200252533
ACC_Val: 0.791907514450867
[18082020-011117 - 103]
Loss_Train: 0.0659984474380811
Loss_Val: 0.8127821487459269
ACC_Val: 0.791907514450867
[18082020-011158 - 104]
Loss_Train: 0.06351362044612567
Loss_Val: 0.8112316483801062
ACC_Val: 0.791907514450867
[18082020-011244 - 105]
Loss_Train: 0.06648189574480057
Loss_Val: 0.8096758432009004
ACC_Val: 0.7976878612716763
