[27082020-134135 - 1 - SAVE]
Loss_Train: 2.2698762714862823
Loss_Val: 1.2503198153442807
ACC_Val: 0.599271402550091
[27082020-134154 - 2 - SAVE]
Loss_Train: 1.2496422559022904
Loss_Val: 0.6796213057306077
ACC_Val: 0.8597449908925319
[27082020-134213 - 3 - SAVE]
Loss_Train: 0.7346037298440933
Loss_Val: 0.41969040036201477
ACC_Val: 0.8870673952641166
[27082020-134232 - 4 - SAVE]
Loss_Train: 0.5261752039194107
Loss_Val: 0.2785050455066893
ACC_Val: 0.9398907103825137
[27082020-134251 - 5 - SAVE]
Loss_Train: 0.37161313742399216
Loss_Val: 0.2213753710190455
ACC_Val: 0.936247723132969
[27082020-134310 - 6 - SAVE]
Loss_Train: 0.32820606529712676
Loss_Val: 0.20435524814658695
ACC_Val: 0.9635701275045537
[27082020-134329 - 7 - SAVE]
Loss_Train: 0.28251869007945063
Loss_Val: 0.16196002355880207
ACC_Val: 0.9635701275045537
[27082020-134348 - 8 - SAVE]
Loss_Train: 0.24690218418836593
Loss_Val: 0.16843788946668306
ACC_Val: 0.970856102003643
[27082020-134407 - 9 - SAVE]
Loss_Train: 0.18290849216282368
Loss_Val: 0.13560065006216368
ACC_Val: 0.9672131147540983
[27082020-134426 - 10 - SAVE]
Loss_Train: 0.21577576063573362
Loss_Val: 0.1288821320566866
ACC_Val: 0.9726775956284153
[27082020-134445 - 11 - SAVE]
Loss_Train: 0.17944873310625553
Loss_Val: 0.1179832046230634
ACC_Val: 0.970856102003643
[27082020-134504 - 12]
Loss_Train: 0.1655442424118519
Loss_Val: 0.12051295737425487
ACC_Val: 0.9690346083788707
[27082020-134523 - 13 - SAVE]
Loss_Train: 0.14934664629399777
Loss_Val: 0.10229423683550623
ACC_Val: 0.9781420765027322
[27082020-134542 - 14]
Loss_Train: 0.14012951105833055
Loss_Val: 0.10738714246286286
ACC_Val: 0.970856102003643
[27082020-134601 - 15 - SAVE]
Loss_Train: 0.11765919569879771
Loss_Val: 0.09163135145273474
ACC_Val: 0.97632058287796
[27082020-134620 - 16]
Loss_Train: 0.12424299009144306
Loss_Val: 0.09846840364237626
ACC_Val: 0.9744990892531876
[27082020-134639 - 17 - SAVE]
Loss_Train: 0.11822075434029103
Loss_Val: 0.08673512501021226
ACC_Val: 0.9836065573770492
[27082020-134658 - 18 - SAVE]
Loss_Train: 0.12907454315572978
Loss_Val: 0.06729948210219543
ACC_Val: 0.9817850637522769
[27082020-134717 - 19 - SAVE]
Loss_Train: 0.1129619162529707
Loss_Val: 0.0634805007527272
ACC_Val: 0.9854280510018215
[27082020-134736 - 20 - SAVE]
Loss_Train: 0.10146139208227396
Loss_Val: 0.06757233416040738
ACC_Val: 0.9908925318761385
[27082020-134755 - 21]
Loss_Train: 0.08999271467328071
Loss_Val: 0.06853067129850388
ACC_Val: 0.9872495446265938
[27082020-134814 - 22]
Loss_Train: 0.12442972250282765
Loss_Val: 0.07441896738277541
ACC_Val: 0.9854280510018215
[27082020-134833 - 23]
Loss_Train: 0.1118471384048462
Loss_Val: 0.0897814513494571
ACC_Val: 0.9836065573770492
[27082020-134852 - 24]
Loss_Train: 0.08923119641840457
Loss_Val: 0.07266352077325185
ACC_Val: 0.9854280510018215
[27082020-134911 - 25]
Loss_Train: 0.1031826114282012
Loss_Val: 0.07658096237315072
ACC_Val: 0.9836065573770492
[27082020-134930 - 26]
Loss_Train: 0.07074729837477207
Loss_Val: 0.08372963923547003
ACC_Val: 0.9836065573770492
[27082020-134949 - 27]
Loss_Train: 0.070786252617836
Loss_Val: 0.07889236923721102
ACC_Val: 0.9872495446265938
[27082020-135008 - 28]
Loss_Train: 0.056222785450518134
Loss_Val: 0.07558771098653476
ACC_Val: 0.9872495446265938
[27082020-135027 - 29]
Loss_Train: 0.05172749925404787
Loss_Val: 0.07489628924263848
ACC_Val: 0.9890710382513661
[27082020-135046 - 30]
Loss_Train: 0.057392501179128884
Loss_Val: 0.0691606437580453
ACC_Val: 0.9872495446265938
[27082020-135105 - 31]
Loss_Train: 0.05397332748398185
Loss_Val: 0.06725200451910496
ACC_Val: 0.9890710382513661
[27082020-135124 - 32]
Loss_Train: 0.04996999967843294
Loss_Val: 0.06804545968770981
ACC_Val: 0.9872495446265938
[27082020-135143 - 33]
Loss_Train: 0.054444576427340505
Loss_Val: 0.06753572904401356
ACC_Val: 0.9872495446265938
[27082020-135202 - 34]
Loss_Train: 0.051410328783094886
Loss_Val: 0.06791034816867775
ACC_Val: 0.9872495446265938
[27082020-135221 - 35]
Loss_Train: 0.04867538968101144
Loss_Val: 0.06628642831411627
ACC_Val: 0.9890710382513661
[27082020-135240 - 36]
Loss_Train: 0.05054362174123526
Loss_Val: 0.0688878811068005
ACC_Val: 0.9890710382513661
[27082020-135259 - 37]
Loss_Train: 0.04561346005648374
Loss_Val: 0.06629337846404976
ACC_Val: 0.9872495446265938
[27082020-135318 - 38]
Loss_Train: 0.0388356938958168
Loss_Val: 0.06674601924088266
ACC_Val: 0.9872495446265938
[27082020-135336 - 39]
Loss_Train: 0.03276285501196981
Loss_Val: 0.06398900515503353
ACC_Val: 0.9872495446265938
[27082020-135355 - 40]
Loss_Train: 0.03201400181278587
Loss_Val: 0.06641192651457256
ACC_Val: 0.9872495446265938
[27082020-135414 - 41]
Loss_Train: 0.03796645849943161
Loss_Val: 0.06593223971625169
ACC_Val: 0.9872495446265938
[27082020-135433 - 42]
Loss_Train: 0.0358726947568357
Loss_Val: 0.06895333838959535
ACC_Val: 0.9890710382513661
[27082020-135452 - 43]
Loss_Train: 0.035473189689219
Loss_Val: 0.07064926789866553
ACC_Val: 0.9890710382513661
[27082020-135511 - 44]
Loss_Train: 0.04834797251969576
Loss_Val: 0.06784557199312581
ACC_Val: 0.9890710382513661
[27082020-135530 - 45]
Loss_Train: 0.04096557637676597
Loss_Val: 0.06800118647515774
ACC_Val: 0.9890710382513661
