[27082020-114435 - 1 - SAVE]
Loss_Train: 2.3906382620334625
Loss_Val: 1.6679206887880962
ACC_Val: 0.4553734061930783
[27082020-114457 - 2 - SAVE]
Loss_Train: 1.3895071625709534
Loss_Val: 0.987522131866879
ACC_Val: 0.7103825136612022
[27082020-114520 - 3 - SAVE]
Loss_Train: 0.8953675210475922
Loss_Val: 0.6187874360216988
ACC_Val: 0.8469945355191257
[27082020-114543 - 4 - SAVE]
Loss_Train: 0.6106757521629333
Loss_Val: 0.3864009595579571
ACC_Val: 0.9052823315118397
[27082020-114604 - 5 - SAVE]
Loss_Train: 0.47679042667150495
Loss_Val: 0.25230242643091416
ACC_Val: 0.9253187613843351
[27082020-114624 - 6 - SAVE]
Loss_Train: 0.39324141293764114
Loss_Val: 0.1937591334184011
ACC_Val: 0.9380692167577414
[27082020-114646 - 7 - SAVE]
Loss_Train: 0.3472690708935261
Loss_Val: 0.14783956814143392
ACC_Val: 0.9617486338797814
[27082020-114708 - 8]
Loss_Train: 0.3074509367346764
Loss_Val: 0.1542421711815728
ACC_Val: 0.9471766848816029
[27082020-114732 - 9 - SAVE]
Loss_Train: 0.28958664312958715
Loss_Val: 0.12064570685227712
ACC_Val: 0.9617486338797814
[27082020-114756 - 10]
Loss_Train: 0.25713217705488206
Loss_Val: 0.12268400316437085
ACC_Val: 0.9562841530054644
[27082020-114819 - 11 - SAVE]
Loss_Train: 0.20071374177932738
Loss_Val: 0.07287528241674106
ACC_Val: 0.9726775956284153
[27082020-114841 - 12 - SAVE]
Loss_Train: 0.219205729290843
Loss_Val: 0.05469099349445767
ACC_Val: 0.9836065573770492
[27082020-114906 - 13]
Loss_Train: 0.1928774956613779
Loss_Val: 0.06487245381706291
ACC_Val: 0.9781420765027322
[27082020-114930 - 14 - SAVE]
Loss_Train: 0.20531037226319312
Loss_Val: 0.038754609723885856
ACC_Val: 0.9908925318761385
[27082020-114954 - 15]
Loss_Train: 0.1757395204156637
Loss_Val: 0.049211920963393316
ACC_Val: 0.9872495446265938
[27082020-115018 - 16]
Loss_Train: 0.1881904248148203
Loss_Val: 0.04335551584760348
ACC_Val: 0.9854280510018215
[27082020-115042 - 17]
Loss_Train: 0.16567501090466977
Loss_Val: 0.040768674264351525
ACC_Val: 0.9836065573770492
[27082020-115106 - 18 - SAVE]
Loss_Train: 0.1974802352488041
Loss_Val: 0.030921858217981126
ACC_Val: 0.9908925318761385
[27082020-115129 - 19]
Loss_Train: 0.15829205922782422
Loss_Val: 0.036767968287070595
ACC_Val: 0.9890710382513661
[27082020-115153 - 20 - SAVE]
Loss_Train: 0.13538501895964145
Loss_Val: 0.030716225504875183
ACC_Val: 0.994535519125683
[27082020-115217 - 21 - SAVE]
Loss_Train: 0.12465981412678957
Loss_Val: 0.026105904744731054
ACC_Val: 0.9890710382513661
[27082020-115242 - 22 - SAVE]
Loss_Train: 0.12769435960799455
Loss_Val: 0.021614957083430555
ACC_Val: 0.994535519125683
[27082020-115306 - 23 - SAVE]
Loss_Train: 0.12468463443219661
Loss_Val: 0.02079832202030553
ACC_Val: 0.9927140255009107
[27082020-115331 - 24 - SAVE]
Loss_Train: 0.1301571873947978
Loss_Val: 0.018098483689957194
ACC_Val: 0.994535519125683
[27082020-115355 - 25]
Loss_Train: 0.11717662028968334
Loss_Val: 0.026187169572545424
ACC_Val: 0.9872495446265938
[27082020-115419 - 26]
Loss_Train: 0.11755542401224375
Loss_Val: 0.018825578606790967
ACC_Val: 0.994535519125683
[27082020-115443 - 27 - SAVE]
Loss_Train: 0.14081639442592858
Loss_Val: 0.013915605429146025
ACC_Val: 0.9963570127504554
[27082020-115507 - 28]
Loss_Train: 0.10962566081434488
Loss_Val: 0.027317558725674946
ACC_Val: 0.994535519125683
[27082020-115528 - 29]
Loss_Train: 0.13137697093188763
Loss_Val: 0.029232182022598054
ACC_Val: 0.994535519125683
[27082020-115550 - 30]
Loss_Train: 0.10646662022918463
Loss_Val: 0.03202383054627313
ACC_Val: 0.9908925318761385
[27082020-115612 - 31]
Loss_Train: 0.11791698299348355
Loss_Val: 0.020205249802933797
ACC_Val: 0.994535519125683
[27082020-115634 - 32]
Loss_Train: 0.09834445808082819
Loss_Val: 0.02611635335617595
ACC_Val: 0.9927140255009107
[27082020-115657 - 33 - SAVE]
Loss_Train: 0.09362979028373956
Loss_Val: 0.013732497890790304
ACC_Val: 0.9963570127504554
[27082020-115719 - 34 - SAVE]
Loss_Train: 0.1010537814348936
Loss_Val: 0.009533484155933062
ACC_Val: 0.9981785063752276
[27082020-115740 - 35]
Loss_Train: 0.06643876638263464
Loss_Val: 0.00959127727482054
ACC_Val: 0.9963570127504554
[27082020-115803 - 36]
Loss_Train: 0.07242082981392742
Loss_Val: 0.009614057218035063
ACC_Val: 0.9981785063752276
[27082020-115825 - 37 - SAVE]
Loss_Train: 0.06316864807158709
Loss_Val: 0.008145267661246989
ACC_Val: 0.9981785063752276
[27082020-115848 - 38 - SAVE]
Loss_Train: 0.04527363907545805
Loss_Val: 0.008115315188964209
ACC_Val: 0.9981785063752276
[27082020-115910 - 39 - SAVE]
Loss_Train: 0.04941773992031813
Loss_Val: 0.006761528241137664
ACC_Val: 0.9981785063752276
[27082020-115931 - 40]
Loss_Train: 0.04242126028984785
Loss_Val: 0.00982582713994715
ACC_Val: 0.9963570127504554
[27082020-115954 - 41]
Loss_Train: 0.04466429706662893
Loss_Val: 0.008554266455272833
ACC_Val: 0.9963570127504554
[27082020-120016 - 42]
Loss_Train: 0.04876011060550809
Loss_Val: 0.009516833970944086
ACC_Val: 0.9963570127504554
[27082020-120038 - 43]
Loss_Train: 0.043421421106904744
Loss_Val: 0.011248816632562213
ACC_Val: 0.9963570127504554
[27082020-120100 - 44]
Loss_Train: 0.046478239446878435
Loss_Val: 0.011528391804960039
ACC_Val: 0.9963570127504554
[27082020-120122 - 45]
Loss_Train: 0.05234624249860644
Loss_Val: 0.01053448518117269
ACC_Val: 0.9963570127504554
[27082020-120144 - 46]
Loss_Train: 0.044273888878524306
Loss_Val: 0.010841952843798531
ACC_Val: 0.9963570127504554
[27082020-120208 - 47]
Loss_Train: 0.04196265190839767
Loss_Val: 0.009406579658389091
ACC_Val: 0.9963570127504554
[27082020-120230 - 48]
Loss_Train: 0.051497627049684525
Loss_Val: 0.00850889552384615
ACC_Val: 0.9963570127504554
[27082020-120251 - 49]
Loss_Train: 0.044930122792720795
Loss_Val: 0.00916410382423136
ACC_Val: 0.9963570127504554
[27082020-120314 - 50]
Loss_Train: 0.04763888400048018
Loss_Val: 0.009630680912070803
ACC_Val: 0.9963570127504554
[27082020-120336 - 51]
Loss_Train: 0.05521995946764946
Loss_Val: 0.008640920018984212
ACC_Val: 0.9963570127504554
[27082020-120359 - 52]
Loss_Train: 0.0518620990216732
Loss_Val: 0.009134341031312943
ACC_Val: 0.9963570127504554
[27082020-120422 - 53]
Loss_Train: 0.048706484586000444
Loss_Val: 0.009907668870356347
ACC_Val: 0.9963570127504554
[27082020-120444 - 54]
Loss_Train: 0.047284892201423644
Loss_Val: 0.0093445535749197
ACC_Val: 0.9963570127504554
[27082020-120507 - 55]
Loss_Train: 0.040702716913074255
Loss_Val: 0.009534669212169118
ACC_Val: 0.9963570127504554
[27082020-120529 - 56]
Loss_Train: 0.044325795397162436
Loss_Val: 0.008548992065091928
ACC_Val: 0.9963570127504554
[27082020-120550 - 57]
Loss_Train: 0.062426694016903636
Loss_Val: 0.008697156690888934
ACC_Val: 0.9963570127504554
[27082020-120613 - 58]
Loss_Train: 0.043849389627575876
Loss_Val: 0.009781787585881021
ACC_Val: 0.9963570127504554
[27082020-120634 - 59]
Loss_Train: 0.03971515968441963
Loss_Val: 0.010630992137723498
ACC_Val: 0.9963570127504554
[27082020-120657 - 60]
Loss_Train: 0.0545110228471458
Loss_Val: 0.009280464611947536
ACC_Val: 0.9963570127504554
[27082020-120720 - 61]
Loss_Train: 0.04810618422925472
Loss_Val: 0.010083179506990645
ACC_Val: 0.9963570127504554
[27082020-120743 - 62]
Loss_Train: 0.04532368825748563
Loss_Val: 0.009819981538587146
ACC_Val: 0.9963570127504554
[27082020-120805 - 63]
Loss_Train: 0.043599430751055476
Loss_Val: 0.009270657681756549
ACC_Val: 0.9963570127504554
[27082020-120827 - 64]
Loss_Train: 0.040258738212287426
Loss_Val: 0.00925385413898362
ACC_Val: 0.9963570127504554
